648974872
304734477
129873977
457183959
947080203
263869209
568699692
780978504
175339830
686419781
813345408
189419834
627693723
612646019
591783114
292163784
139286420
346076547
288218778
728285862
970377023
765989892
949695252
807435336
111778117
693395002
876640744
837883204
588158446
386995871
428920344
706885385
781730705
545254191
735713445
721667844
91941095
845551338
733245385
216945738
398387678
509182315
122853434
9091088
908539092
834476914
418223184
517428909
336808277
597352199
563168261
956744096
278638971
975199671
360355270
409080228
412651492
330406187
292765964
732994613
674722577
495984002
536280895
713301349
225260732
559536236
203339614
671155940
74033090
526226529
65702719
523957535
643192028
396073541
587710045
924579272
621917100
734256794
715414414
579850092
597104060
877157434
330585158
363129384
974229443
144500915
89373566
413482509
1531125
664431613
440225827
57661533
101013395
519628088
537408386
338315039
216633840
72457348
21536735
33322102
410782639
365384250
395255029
958310923
11362950
604332300
517321792
772569877
928537749
581148870
616915794
696104884
155618154
198504827
700727474
917547265
747808995
355534376
900787584
166722246
542197201
564258304
565447212
159695324
680610276
636754667
619323545
154016182
192441594
317226124
657052807
311898180
26297890
510223892
938348074
734855495
870131625
43571890
159287254
311102917
548497861
518649659
141069494
659178204
733591114
666940344
595792640
177363057
327457999
277395191
809744226
711003496
518236391
591156553
687816488
0
340303837
779015104
620675954
684835348
131401570
8127612
469822332
427711609
383266439
936308043
306664982
389193438
577375199
931361196
377825948
947527533
789864584
239535937
943173509
883928414
412829222
389852024
330808686
882566811
70696006
199124711
577411861
244061554
483774105
837557455
