Alice 984943659
Alice 784484493
Alice 817129561
Alice 563613513
Alice 356425229
Bob 590357945
Alice 685118025
Alice 824938982
Alice 557810405
Alice 807130338
Alice 330111138
Alice 456880400
Alice 889688009
Alice 400285366
Alice 541437336
Alice 428975320
Alice 836045814
Alice 784559591
Bob 737195273
Alice 755699916
Alice 621301816
Alice 866729663
Alice 433829875
Alice 911300561
Alice 784170964
Alice 461495732
Alice 459244055
Alice 609960598
Alice 760348382
Alice 471180774
Alice 437784631
Alice 347221712
Alice 586983134
Alice 795054874
Alice 988774858
Alice 862929594
Alice 529855396
Alice 520045407
Alice 493959604
Alice 836941833
Alice 601915880
Alice 554270777
Alice 614056599
Alice 810783321
Alice 404319196
Bob 556228743
Alice 633413201
Bob 805972221
Alice 772359305
Alice 476026940
Alice 402331729
Alice 962853712
Alice 948398796
Alice 440967104
Alice 702715828
Bob 777568667
Bob 464685719
Alice 566211826
Alice 401203084
Alice 707454748
Alice 439295526
Alice 499521039
Alice 617428360
Alice 669167046
Alice 341914005
Alice 737904108
Alice 440942218
Bob 359301517
Alice 924375753
Alice 432477445
Alice 570591836
Alice 526439151
Alice 496786972
Alice 510474411
Alice 494500523
Alice 844185785
Alice 637940463
Alice 788974391
Alice 817350102
Alice 927703511
Alice 835740263
Alice 595850964
Bob 771761421
Alice 821669330
Bob 462863343
Alice 845146045
Alice 644506544
Alice 728252846
Alice 439236386
Alice 388337880
Alice 626045961
Alice 624917314
Alice 623187657
Alice 801783029
Alice 785684025
Alice 871419462
Alice 281369881
Alice 568625582
Alice 866566973
Alice 996923782
Alice 281453214
Alice 353474903
Alice 379382952
Alice 180074490
Alice 385869611
Alice 250057444
Alice 285217344
Bob 234157105
Alice 389628019
Alice 337482727
Alice 107043752
Alice 192233451
Alice 110908590
