0.6789
0.1050
0.0468
0.6318
0.7741
0.3651
0.7205
0.0861
0.5573
0.5395
0.6953
0.1941
0.9430
0.0230
0.8571
0.9358
0.1198
0.0000
0.0001
0.8291
0.8209
0.0002
0.3607
0.9495
0.0222
0.4078
0.7429
0.2767
0.0608
0.5269
0.3375
0.3681
0.3722
0.1868
0.7206
0.5713
0.9219
0.2378
0.6476
0.4897
0.6407
1.0000
0.5435
0.8389
0.7190
0.5693
0.9187
0.9328
0.2945
0.0000
0.0351
0.9728
0.0052
0.1248
0.4194
0.6453
0.0562
0.7362
0.5323
0.0557
0.5301
0.6908
0.0069
0.9575
0.9212
0.0790
0.3621
1.0000
0.8136
0.1512
0.0905
0.1145
0.3560
0.2681
0.0064
0.2901
0.0009
0.9577
0.0354
0.4441
0.3029
0.4549
0.2938
0.5454
0.9687
0.7202
1.0000
0.9669
0.0414
0.1757
0.0000
0.4157
0.3342
0.1322
0.3479
0.1124
1.0000
0.9205
0.1587
0.7368
0.0157
0.1137
0.0201
0.1901
0.1405
0.0000
0.4100
0.5842
0.2055
0.2419
0.1611
0.4655
0.2130
0.0963
0.1057
0.4723
0.7506
0.5499
0.6548
0.1710
0.7799
0.0009
0.0000
0.4484
0.1955
0.0806
0.9248
0.0984
0.3332
0.2452
1.0000
0.0000
0.6414
0.0238
0.2225
0.9338
0.6780
0.9428
1.0000
0.3672
0.4272
0.4140
0.0000
0.8145
0.9932
0.1451
0.5119
0.0000
0.2632
0.5489
0.8225
0.0000
0.5748
0.1716
0.1579
0.5591
0.0259
0.2166
0.5347
0.2348
0.9072
1.0000
0.8136
0.3097
0.7849
0.6985
0.2995
0.2831
0.3246
0.8939
0.4808
0.9656
0.1314
0.2138
0.3311
0.9852
1.0000
0.1917
0.6302
0.0251
0.2100
0.9570
0.7747
0.9428
0.3489
0.0299
0.4822
0.4926
0.6926
0.3853
0.0520
0.1710
0.7235
0.0898
0.7949
0.4517
0.1445
0.0000
0.9031
0.1196
0.7795
0.1838
0.5807
0.0711
0.3462
0.9939
0.9097
0.6635
0.7329
0.4373
0.5710
0.4081
0.0212
0.6972
0.6669
0.4221
0.7323
0.4865
0.2457
0.5453
0.6520
0.6603
0.0000
0.9755
0.3547
0.4241
0.1118
0.6543
0.3876
0.2451
0.0897
0.4416
0.6568
0.7298
0.3510
0.9193
0.6978
0.3247
0.6597
0.5566
0.0000
0.0000
0.2687
0.9974
0.8904
0.4324
0.1382
0.9779
0.0992
0.2068
0.6811
0.1096
0.7654
0.8616
0.0678
0.0508
0.2687
0.0463
0.2206
0.5113
0.7674
0.9645
0.4628
0.4010
1.0000
0.9627
0.3912
0.3134
0.1932
0.5859
0.0694
0.3757
0.0216
0.8121
0.4575
0.6520
0.8697
0.8364
0.6234
0.7263
1.0000
0.6703
1.0000
0.9890
0.5521
0.4751
0.9657
0.2384
0.6081
0.1577
0.2539
0.2785
0.6445
0.0633
0.7713
0.6693
0.2859
1.0000
0.3707
0.1108
0.0000
1.0000
0.7950
0.0688
0.0867
0.9939
0.4593
0.2392
0.5496
0.5693
0.0729
0.8662
0.2815
0.1786
0.5729
0.8473
0.9686
0.0800
0.1309
0.9999
0.1802
0.1059
0.8568
0.6758
0.6524
0.0191
0.2939
0.2476
0.7511
0.0651
0.0801
0.2056
0.7859
1.0000
0.2127
0.5000
0.0000
0.8498
0.6933
0.5581
0.0000
0.9860
0.3914
0.7557
0.2494
0.6832
0.6457
0.0101
0.4214
0.7264
0.1127
0.7421
0.0577
0.0079
0.1558
0.4396
0.1716
0.1641
0.5126
0.0000
0.2837
0.2279
0.2203
0.0199
0.4784
0.6914
0.6939
0.8332
0.0000
0.2546
0.1378
0.1162
1.0000
0.9430
0.4894
0.9690
0.4169
0.2411
0.0000
0.5444
0.6120
0.5313
0.3972
0.4529
0.6218
0.9476
0.1977
1.0000
0.8710
0.0654
0.3041
0.0526
0.6957
0.3554
0.4830
0.3155
0.3609
0.0708
0.8076
0.9879
0.4782
0.7590
1.0000
0.1123
0.6583
0.9856
0.9813
0.3667
0.8968
0.9027
0.7852
0.6197
0.8047
0.4181
0.8095
0.8980
0.9533
0.1915
0.2963
0.4711
0.4425
0.4477
1.0000
1.0000
0.0000
0.0894
0.9974
0.9397
0.1042
0.0450
1.0000
0.5362
0.0162
0.1614
0.9637
0.7602
0.1586
0.1104
0.5045
0.0619
0.6288
0.1729
0.0412
0.2048
0.6899
0.9961
0.7823
0.1168
0.7172
0.1063
0.1624
0.4443
0.4764
0.6900
0.9312
0.6111
0.8206
0.7540
0.1775
0.1651
0.0884
0.0407
0.4897
0.9641
0.1209
0.4333
0.7607
0.4853
0.9149
0.7994
0.2207
0.2543
0.0297
0.8929
0.7003
0.0754
0.0000
0.9602
0.8523
0.2348
0.6929
0.4452
0.4028
0.2157
0.5863
0.3356
0.1479
0.0000
0.0063
0.1843
0.2206
0.0000
0.8573
0.3167
0.8084
0.5551
0.3274
0.7299
0.9130
0.8082
0.2302
0.7074
0.0956
0.0839
0.8185
0.6384
0.1283
0.7916
0.1256
0.3685
0.9741
0.7951
0.8850
0.7179
0.9683
0.0559
0.9474
0.3376
0.7771
0.0341
0.1372
0.1229
0.2689
0.9325
0.1899
0.6179
0.2511
0.4368
0.0000
0.9223
0.8267
0.9897
0.8769
0.6767
0.7711
0.4137
0.3435
0.4165
0.0679
0.5903
0.3726
0.0000
0.0487
0.6060
0.9688
0.0444
0.0000
0.7412
0.5767
0.4638
0.0135
0.2090
0.5250
0.5821
0.9354
0.2918
0.3460
0.9796
0.9329
0.8143
0.9949
0.9833
0.0007
0.7604
0.8649
0.8483
0.8842
0.7337
1.0000
0.0696
0.3038
0.2746
0.1381
0.0147
0.8954
0.9359
0.9017
0.1287
0.6651
0.7802
0.7074
0.2195
1.0000
0.0140
0.9863
0.5699
0.0219
0.8764
0.1796
0.2868
0.3260
0.9625
0.1796
0.4401
0.0100
0.0547
0.0361
0.8785
0.9351
0.9182
0.1020
0.9954
0.0435
0.9409
0.9743
0.2681
0.0030
0.9454
0.1333
0.4294
0.5720
0.5805
1.0000
0.9889
0.7286
0.2825
0.0922
0.0712
0.4546
0.7080
0.1900
0.8515
0.3774
0.4482
0.0000
0.6040
0.0832
0.6754
0.6962
0.1539
0.3729
0.8892
0.0031
0.1887
0.0197
0.7158
0.0015
0.3119
0.3394
0.4134
0.0000
0.2080
0.9826
0.4179
0.7161
0.2638
0.7006
0.7355
0.3312
0.7738
0.2992
0.7520
0.5937
0.1572
0.7023
0.4032
0.1526
0.1738
0.8899
0.5038
0.6450
0.2329
0.1916
0.0997
0.9673
0.6407
0.1773
0.0000
0.4393
0.6442
0.5609
0.1024
0.1875
0.1064
0.9935
0.9926
0.0000
0.9174
0.0972
0.7368
0.0000
0.9908
0.8842
0.6117
0.7606
0.0089
0.7633
0.5000
0.7371
0.6728
0.5074
0.2246
0.0152
0.5316
1.0000
0.0000
0.9028
0.2592
0.7017
0.0541
0.1806
0.0092
0.1454
0.0081
0.1863
0.3982
0.0000
0.0885
0.4020
0.4773
0.3094
0.2361
0.9952
0.0096
0.5826
0.0173
0.1296
0.4185
0.0000
1.0000
0.7949
0.7987
1.0000
0.0371
0.4841
0.6148
0.0312
0.7274
0.7949
0.9990
0.2894
0.7262
0.8849
0.7020
0.0000
1.0000
0.9981
0.1234
0.0838
0.6389
0.8346
0.9928
0.0000
0.3254
0.4152
0.1401
0.7555
0.0133
0.1131
0.5553
0.4794
0.8026
0.4524
1.0000
0.3566
0.4461
0.5253
0.9527
0.4112
0.0187
0.1034
0.0681
0.6462
0.1073
0.6354
0.5500
0.9995
0.5678
0.7423
0.1135
0.6262
0.2067
0.5000
0.6188
0.3126
0.9782
0.9995
0.1569
0.0855
0.0391
0.6025
0.0000
0.1580
0.8490
0.7923
0.7690
0.0232
0.4320
0.0018
0.2622
0.4633
0.8412
0.5364
0.4043
0.4589
0.3133
0.0105
0.4667
0.5779
0.1860
0.9198
0.0127
0.1409
0.4055
0.7020
0.4135
0.0016
0.9982
0.8438
0.9706
0.0802
0.0107
0.3846
0.5871
0.0909
0.1978
0.0101
0.4555
0.0356
0.3393
0.9207
0.3030
0.6260
0.2814
0.9317
0.2318
0.9884
0.0000
0.1531
0.0000
0.3076
0.1181
0.8016
0.3897
0.6212
0.8179
0.0000
0.4921
0.0353
0.3170
0.4196
0.3519
0.0012
0.8732
0.7813
0.6753
0.5894
0.2858
0.0024
0.0112
0.9916
0.3695
0.5948
0.5709
0.1659
0.4403
0.9221
0.0541
0.2252
0.3171
0.5210
0.1802
0.2371
0.7503
0.1626
0.9899
0.6447
0.8287
0.3827
0.3430
1.0000
0.6957
0.7716
0.9425
0.4693
0.4953
0.3428
0.9409
0.6777
0.3682
0.5411
0.8175
0.0234
0.4295
0.2355
0.0063
0.0165
0.0451
0.9567
0.7382
0.1658
0.7426
0.8715
0.6052
0.6040
0.6362
0.5592
0.4547
0.4805
0.3257
0.0000
1.0000
0.6917
0.3024
0.7655
0.4502
0.8072
0.2567
0.9794
0.5302
0.1494
0.0260
0.2523
0.7803
0.5146
0.4048
0.0000
0.3269
0.7692
0.2494
0.2817
0.4721
0.0000
0.1491
1.0000
0.0736
0.9453
0.8602
0.4955
0.2107
0.0000
0.5169
0.5569
0.5709
0.6053
0.9149
0.1752
0.9382
0.4444
0.9857
0.4571
0.0878
0.6257
0.0350
0.4353
0.7811
0.1424
0.6823
0.0000
0.2970
0.3813
0.8767
0.9995
0.3472
0.0613
0.1519
0.7422
0.0492
0.3824
0.5074
1.0000
0.7670
0.2427
0.9838
0.8980
0.7448
0.3349
0.5175
0.7841
0.8767
1.0000
0.8268
0.5036
0.2252
0.4371
0.1552
0.0056
0.6353
0.0436
0.9094
0.4012
0.0234
0.0579
0.0452
1.0000
0.2929
0.9654
0.0127
0.7687
0.3269
0.8255
0.9892
0.4254
0.5713
0.8304
0.0176
0.2186
0.2434
0.0000
0.4208
0.9732
0.9731
0.4859
0.1280
0.8155
0.5145
0.1317
0.5424
0.7241
0.4678
0.0000
0.0000
0.0000
0.0000
0.0000
0.0000
0.0000
0.0000
0.0000
0.0000
0.0000
0.0000
0.0000
0.0000
0.0000
0.0000
0.0000
0.0000
0.0000
0.0000
0.0000
0.0000
0.0000
0.0000
0.0000
0.0000
0.0000
0.0000
0.0000
0.0000
0.0000
0.0000
0.0000
0.0000
0.0000
0.0000
0.0000
0.0000
0.0000
0.0000
0.0000
0.0000
0.0000
0.0000
0.0000
0.0000
0.0000
0.0000
0.0000
0.0000
1.0000
1.0000
1.0000
1.0000
1.0000
1.0000
1.0000
1.0000
1.0000
1.0000
1.0000
1.0000
1.0000
1.0000
1.0000
1.0000
1.0000
1.0000
1.0000
0.9701
1.0000
1.0000
1.0000
1.0000
1.0000
1.0000
1.0000
1.0000
1.0000
1.0000
1.0000
1.0000
1.0000
1.0000
1.0000
1.0000
1.0000
1.0000
1.0000
1.0000
1.0000
1.0000
1.0000
1.0000
1.0000
1.0000
1.0000
1.0000
1.0000
1.0000
1.0000
1.0000
0.0000
1.0000
0.0000
0.0000
0.0000
0.0000
1.0000
0.0000
0.0000
0.5759
