1024
993453594
570382682
605077382
285406303
450231361
6303968
40664851
291363470
234868102
195898691
294871173
684245384
817507958
995012271
511295066
66965313
47395325
262621652
601829720
637250959
606045112
516021876
669502886
372336475
449298728
241812203
265868936
363547230
778497620
604800932
516691510
567550893
426674433
368769216
954520931
851701671
745118545
170292665
98331736
984142726
837901693
705755889
432010034
951055097
927862767
515438486
405539419
715083522
614786503
664964486
226481396
674473390
111921990
923005943
378538487
203523191
809144022
503755856
369563195
426633201
418979414
869963111
26998716
69461527
901130062
859577426
954404450
247690724
886761049
507074762
114268167
657710608
880988658
904329837
996264931
742797395
948058368
457544227
381029342
455281677
306259525
410317240
970810465
74854040
525289217
886574992
325587956
801823989
666619246
140292064
894564523
339426305
892547172
447478637
4736341
155506302
351268791
608413181
417257432
339459529
185034189
206423202
500989142
275564819
862443539
354108512
751416527
182981752
134890737
948569648
8802729
759910200
818482407
196803220
372614477
581625375
359444606
399961198
334450014
114025690
693142177
580873056
939845843
35787229
882826700
587756070
759622349
147931385
158211151
284888694
987061695
918327212
450843509
266009352
414906286
568778164
404526765
361808024
961242382
795664087
144648924
95881847
809797611
732307474
936527537
332253882
267032128
732234712
362117844
165007664
69001818
434380374
241005918
445650543
109427382
416800038
218140397
467731156
540985851
301104882
634759840
236870944
657283802
379473599
644545525
396510216
560459367
239625788
971927060
366268052
529715640
757840594
570868671
724877188
969721350
503340584
791350516
698822754
700066947
361745032
401899348
899299394
847114137
953140250
795504608
689955266
629381710
401090612
110797166
835722780
277987332
510100262
636331870
363537963
683155314
962316100
444929581
538055163
153719555
737829044
538375680
149019142
969492423
959849360
842171695
74128746
559033713
843383304
405560053
110894175
896842188
168076878
332819379
884933542
161565725
103160970
237225884
85392684
973414655
969193085
457465494
601890553
139148796
213276070
211692707
636771003
220086925
723762255
56555178
695704165
258253040
651055054
179842848
533096950
608713586
697394746
370959944
43500538
909380989
202423986
981400914
373980674
348479481
173574810
930905068
563418216
611153230
289403712
312156138
687695125
136667188
465458662
798121824
918696727
307944233
609889264
437192350
380057555
823482359
765994599
544976705
95699021
952424019
825153343
727011432
335852702
649916145
261597938
701900716
783595967
864409550
692298527
541664717
723833218
364166952
87502874
908800572
730830292
902959096
636888646
793272706
363058716
878702300
392221636
994951768
281736389
345380305
50665351
378382008
177086188
290544308
685140778
350378231
809294010
98344216
106881585
118451334
624779684
563848931
499316711
143222424
613402138
414142695
176954596
736303779
595860484
824345510
867928089
593668768
171421277
114081998
567294020
678179773
395909379
231622335
716166671
119300940
90063369
283561395
8341931
405506229
129934984
567207148
588199526
116173545
945574398
314038534
664057483
360120459
673203262
874097970
914767761
20825230
959362713
400799437
641056584
877826313
431388492
211178821
314707830
593191830
872022200
20745379
74725287
659792734
486779410
203557890
862819438
466473181
538226161
640616356
453532561
474476055
654909258
866410050
833637191
192215676
255067728
13593694
67531577
534850358
233573126
225595720
668379620
648322146
115437660
434943909
648846575
109195458
555101029
146993858
814496464
506527259
408390226
322993793
955086733
824532274
609685403
914048361
523698848
493164263
647669178
929144684
198295468
863714642
419272172
205586182
300189529
64966053
173053836
753244364
246263057
482508041
278083602
179155410
785436246
639917575
167051868
579765905
103437346
235729056
964222973
721378371
550131771
2342498
624112973
709052566
954473352
720253504
692894323
829066337
985491263
369723173
43848017
523728431
237405679
624401209
173325255
762032756
892166028
661476314
241395314
970006509
479954252
388428868
267878569
468092770
956933850
79071745
594128263
543525029
312490687
283882861
652110762
154705704
708445046
829092888
487993425
544276809
17215765
323605920
96115988
416792010
880492015
615746921
895777511
212919696
280198790
877983649
168820790
391807755
221004989
957469225
549848743
781144387
895220585
332648270
290406794
65164964
722500668
115252674
643595187
579015473
858605597
123755541
424501466
68061634
793405947
524463420
566238574
412886544
122271186
739771959
537511935
65588016
467893413
442647252
525115890
274514536
907237242
382188048
847794868
905945838
451720521
114841346
453265232
148167526
726439160
296873926
992879887
15413858
482566596
432413960
834216655
630088205
166612244
460223560
294677316
478315662
487402100
806752490
880077863
749473026
384576567
378064556
528723328
575921438
791560962
230865443
762668405
921718105
397628137
479744288
808425379
283549010
348922620
113679399
763218890
447054924
737588464
34444894
884003242
971265388
903480265
980333094
794834539
314325391
322046560
20137339
204117848
558785816
778216949
53777523
908232928
944387198
800964842
517906977
886334335
86576543
832843210
987333914
285541206
744573944
218351968
926287020
854101757
392801601
120000516
95206616
1013240
742936954
449927850
843304990
22823808
844047669
667452858
222648406
774448413
808405366
743029357
547253450
374933783
837080376
70076612
702217317
76287902
32825758
623714138
362594849
386605063
153541291
800287005
370077012
446481283
613188728
160744322
462857071
286380418
675036969
575642409
113486356
393362805
308467080
833001741
671315685
411950999
250991892
978878097
928375611
419537742
760835848
17821194
480159725
850751580
985798938
706702631
81873035
72647053
398861941
302615531
236325900
769830329
657578323
292441327
375581361
901313135
754495767
309598327
976383259
54346355
412421631
655452590
330295057
308939301
624840050
878066095
80970941
499946003
667424004
875988800
557841230
459213778
810835235
25094977
504032088
377077700
282552402
841278940
243581073
759265379
12790045
566963985
807515833
761938044
601512245
810786281
987775505
494621653
973258700
11571471
411782528
854415750
407336655
910756700
300401979
896944296
37151597
148899953
347443668
981225172
681176964
560560932
334662455
320835822
371241265
880533656
972715250
707033399
78824759
635122026
341571976
652940522
68902361
178980442
35058675
166054087
181647589
180510099
274441280
615906554
661155165
137925553
286899035
439940673
265041711
236208796
974988528
44418804
855636257
921527331
694879531
618138313
101937873
406273632
382466807
270986890
769368897
14900279
714035898
918814235
119728438
486510261
698119775
482566939
495467488
559844436
139209763
365532979
931370799
164982533
895746832
822380033
596378893
605215121
778644137
214001793
763312646
60896453
77467454
163225520
588897460
528098487
191224304
442703720
47238269
107082615
39548632
635047950
982943727
923783028
639794757
643410125
917350169
527445343
550533199
47878325
25529540
149124859
850481866
337918198
244841615
264276240
525584593
725864921
623986628
39131474
944754726
542597547
111350335
207192836
488437784
935145007
453423618
304200867
604200978
435629817
934086155
663611643
681496683
465836664
371909771
464183016
417605848
532918187
19302488
859880304
205641841
965280189
295880642
880933060
300774566
237542109
298232802
798088897
323075629
152461277
937408969
750017671
436750480
397940956
779204633
802889406
954715727
80145066
361517329
801590358
628321075
756079233
780800084
597837166
331977140
965665123
445481634
650098467
593016315
519263749
162158924
178392881
963123994
969237803
291106076
397895156
453859147
27066090
551355164
745988827
991653440
643769867
894850036
134012009
943480090
872873688
972191331
697681696
640420542
131190428
511868165
768892913
76822504
591610315
976899066
569092152
977476384
746048862
646159769
419418939
563829867
781950216
119378471
150065476
901922386
864487394
622794079
921259744
993852241
734711300
85800091
755306203
296135816
280818051
501446050
173028079
258138819
550258111
646998799
900376228
625328098
406973551
641664954
34767940
17283226
608007646
945662031
306781422
941214807
877133101
942957280
458072965
640583973
505059810
722785896
216010650
370059319
253936849
541399512
98801390
188338474
316650457
445294349
801834444
120587871
238508897
59161190
199889404
531419451
715825153
600210106
52670084
529034964
515952922
170994490
367231049
887496108
2360203
357174123
82866261
19087419
713393935
621223305
939145707
865652839
131572964
497830656
805979832
84855309
932205617
436776388
726343991
496785445
5182489
527366062
817683119
276846750
287188543
753581921
822908597
754049340
681370788
462618547
57138004
711953896
324185955
603208468
118959196
208141319
681706695
132051124
539959473
122020035
693946514
415294229
374523333
806353660
947137039
221280096
727252598
624392436
121769134
797479310
865759776
921220852
263851788
862672736
286743952
642815192
373973939
986104496
777306393
288098595
732320626
447427716
482663166
658207497
509737147
570429462
552405902
783424431
650943729
590270394
78986046
619577946
746910188
365356693
412306057
786605291
256435126
403055319
264586866
377745861
348397724
693800462
821182494
640696262
854680695
892040822
306891193
379810749
938258540
181878356
646435716
915275777
98594106
141287754
718613734
575777976
740886792
32232823
235611793
693728584
731359698
210984243
102435127
83403925
508021480
591411905
535844942
810094569
984199944
481508857
617071698
99023108
168364209
514274252
207083056
171294374
75717329
951849067
806798828
51305378
346569394
603695061
560493534
488981
958995173
959201169
502660385
151558415
225089340
315244157
