0
1800402714
860165806
487641037
229279918
238532335
392707612
456994871
256099628
1023121975
4986247
753213024
0
1289600751
598093746
55025093
95257568
145430738
34342513
0
157895624
789721360
232287715
1817496622
439049782
777966568
29118927
1671939338
1048279188
42073227
642353647
61747459
302989518
61098259
805934045
613512850
434016027
509217355
117027572
359986391
0
129462101
1732322
42562123
610510993
435388
755206146
418838198
549889694
1799545684
8302126
744643103
404978020
1575617837
264198341
127983411
22472590
756193869
162303061
732645649
1721329068
1746888138
1029101850
17174846
0
874522654
118148476
267949062
193803385
658581367
981511090
876722171
311419589
55454171
119533724
110091291
684487
802822335
33509637
169101011
35912143
178477873
23377638
103000594
1096379
852053232
24011698
616502369
246688286
2954475
17074
974379493
274854242
10696131
184339169
346148657
1115050805
474963754
145544854
1803298069
329729963
0
1580758533
1117784218
1013880019
28374669
115021693
830580731
893633183
81393789
70014367
17699972
3825194
170213783
122871918
92286150
435858849
258673213
560328485
233537162
358377513
591372640
594201357
408418937
112399996
1573861685
1047870064
211977424
1039636479
41466667
523641454
1395210897
894496498
34976463
56631676
37595057
885121400
376926650
74254980
83537030
0
214405380
319857101
1325266185
42774959
74412518
472142853
460951785
179657793
329982470
808687163
6089048
477242014
23181542
224863639
177193000
410665667
527301361
2547562
228449339
310164464
1023942594
54307559
631276779
397212798
206963217
1081904667
652281964
172728996
0
95373038
18310386
63669640
14243082
1291827522
1636338630
159680403
477729295
56460756
0
583840727
106364996
824419920
31192860
8310722
0
381642901
162477209
336888074
32909693
11468123
52860033
350053692
43225387
253746446
530067267
123589261
383014949
270550120
878793
694607490
105646019
120719869
627151511
51536616
458583353
184863417
297278992
602163534
25416072
79536040
926249326
69682206
55522200
194077717
54583610
1156130373
47442292
1387499050
883670063
294160747
92735357
54918956
64527032
169038006
1501447898
434550016
96109939
6219769
184813459
328298365
203498386
129707971
21542402
87534565
1492232970
16729909
284879861
1391469549
45457385
74581829
51458757
76036019
53059929
1169753233
339155643
469064694
607412063
11626487
207764176
249983811
782209375
47749554
692888662
901248127
22432272
23208076
181615909
541413
288616507
0
112493005
97468732
361908277
307428760
505183
1316536817
137289701
974599836
15143176
397391260
42044608
1099210026
0
598405843
12871408
152466395
596249207
11003987
278206118
824337000
109676503
110079677
95563377
0
1570097481
763557448
152320329
739416206
45814924
53677963
298007452
294826812
541241585
825861969
805899104
112755456
532477950
0
241539710
0
0
802989897
524008592
878932483
72431884
0
358782904
213291488
5868525
48855494
966802054
167477125
214635692
340259716
0
217346404
123385581
820724025
0
319121356
758269611
371886787
7970339
853342239
1652227
307600030
249280374
86962785
686563876
1475545334
9493052
53306529
142128111
128347123
919957285
1499699437
1259438
13601538
248176222
278645909
86900038
13934891
419387844
0
1110113161
1699436015
499914832
65171996
319716083
99821483
583674054
109922455
241240669
259866724
429637376
487972838
75331183
3075497
230860351
115899883
75400535
134558758
611836578
218387972
448000675
318332269
829605971
512708554
305485701
128023654
170252082
647754560
29715569
1691325466
525282294
1370733467
0
102512403
207460265
320513982
591777720
250957807
329316343
33195254
459898220
296000890
952580537
334817300
824531
25906760
18625942
44018572
1511000686
875723736
812385645
889186384
23413473
698125063
249334178
1135262
86074564
94478777
206354600
50095175
15531741
1251913524
22010308
84675361
189316284
549409817
36914433
201019035
1011920019
9299017
520145808
82651758
1068472036
515857464
920510110
1363420286
1265284763
1299935449
744730627
140412253
381796005
8431985
200502076
262509133
670219595
18195579
156236757
0
586629878
1129927618
0
326536491
101741190
424721954
811937021
6705565
543326966
701957820
105060071
2845868
380182485
240931871
289189339
7050169
45994441
512311755
0
0
62376716
402494340
0
762361532
682173258
732900156
14730976
24920851
1059355610
31449008
1184424095
1819968
269362937
216722482
1368577
395430018
323370281
739171599
257776769
542598400
203168
12161426
45070622
925389
11261745
21888762
0
54064166
39946396
5103796
48116629
684354927
243289534
294274436
1008539044
346963623
95905642
1283902626
379180509
142006437
603023428
219178239
47383726
1177363
420052863
199358823
171316317
204660473
713819095
835910394
670135537
241614893
421095948
381435306
799657559
7416496
1180099134
158131188
51378790
1543119180
232231
82059080
16521180
1034467433
0
178821456
249286722
600678919
319883
72563968
0
714583544
31246783
10265327
1527748158
48409169
854872465
139009400
944348015
163685671
907396150
37287423
1454251072
16891091
1822053576
679566842
1006957193
0
212896922
802147153
1077340065
149274818
241899183
227649897
1340402993
10037006
17926733
1092385943
1146330127
1316135641
179026739
121495389
24584264
273826598
464233757
703343614
140041103
100821741
1242813834
769018311
0
42491434
1312028731
235197900
331847647
34527116
1620843988
0
145516602
66629330
191496036
17330578
224434878
141718242
47647186
18820181
68753179
291934041
283377278
81377442
173244090
814233978
250508622
77610809
448855606
38964783
121846963
1846925535
150433796
809779755
0
881172988
102830069
469743207
882294821
684890860
15508790
119616586
12304451
272107745
135833333
144629943
57358369
1417229316
361683460
49051009
106219286
1609744941
111732354
265218
122756511
13215750
822907210
1510938275
454418
150382972
1130186021
1826856436
619730570
52458723
1099273840
66444753
292483660
119594091
131299153
8015999
232230201
223017940
38069720
288766116
1287338960
1188993007
1492222185
44768591
16300579
56838921
113454917
26182720
134759072
216205
0
115928283
50641946
163797162
1031678709
1388514290
94665851
94836821
1044600198
874180395
327979562
0
846608285
51736911
20121444
309879452
7771405
60481736
18482417
182468
9866316
719831782
51452601
45627324
0
567454220
43286687
1368343
1043855597
1510588364
260542671
0
1122281321
461662506
495582626
277727234
15289310
804160625
1151795533
1923000140
44064732
546014286
1744629
1184416757
385121791
0
464004500
53433635
324871742
260613227
1039596651
8686379
852533220
707384367
57661955
89297294
458705527
19716153
317835426
0
177391877
995552420
177130815
249932679
1041238699
0
94095040
149176925
1155847446
1618770801
134356520
236182123
18865756
257192873
1984625
85232627
111971974
0
54468795
247874501
1116801345
0
471936083
79798810
295477298
383012936
588831409
897642559
57915416
620470
67422361
993097057
400230066
984512796
59319003
200967543
225490974
881236471
318513793
495860062
346545523
841155
89490308
2573822
779753175
257328965
794642616
77179052
340071168
1010470396
64000964
54618762
1254051753
81982871
1049451621
726090712
0
2566395
179092941
1707193684
351439843
286609618
1480066983
288101871
672718898
0
0
145165824
14563323
70889044
212873764
182733500
44151402
541476772
19603151
266350279
1534674180
981143206
16692977
110248805
76436388
633195932
173434979
1489699755
590919512
83051037
16884
72113061
7862893
761937108
1269954996
217375678
631275061
22717327
895302287
1357866289
615882698
43269708
171545246
20810623
410209672
209305791
441232814
2230704
611174666
488126563
84967788
150835347
268352139
36294000
1259960081
1330714
10561345
174465330
141201015
27538878
1308290943
90752219
437840080
111344855
0
30385426
13812342
27505279
709885094
4218117
11696832
398303622
784530944
296915409
138145005
451949888
347958329
305242427
494888388
838700326
16224344
853251251
2584551
200529284
65790018
171469567
172903112
410096715
397830951
9748392
1379053212
332365286
224970699
199103541
262992135
49280832
5446459
1744089508
572073966
43372696
530746381
169388232
636288024
178320
221680905
104308953
60123696
157036477
0
0
454388031
991166831
358305816
947788083
92500728
186365957
1532145142
448168533
469495431
48480444
663057460
25578341
63858127
800734748
445355011
14568188
0
102516070
602446834
506310
2795158
5730194
142113996
503484095
1470750750
45238372
415874369
385687267
448924968
513513245
76772194
0
77137885
7692827
700754
1340324592
4187470
492198494
468159
1019359722
0
1025293112
1357548518
314908043
84781148
1016673352
44450130
92508222
110011663
238865643
486467305
504552903
1418153778
60076522
371868555
0
31709106
550899490
1579443413
764310334
163884860
502641039
0
79044758
0
899071661
137548275
348899729
1568700790
760528395
312662077
822451823
1430183681
79219494
154940604
26383955
37013793
146289651
1172788291
102258370
484581167
19193138
1469395539
74031611
343316130
95800494
24762453
0
0
83901975
1418404379
448537886
121447734
250505013
414418288
758324762
1004877128
2237121
614558168
61077116
363937489
177853051
298110855
1096850213
932020714
389309495
940447981
224268090
766260736
245003978
854235535
205820313
121266884
74432660
702121635
597404280
23348944
446179240
1610048
461821271
35851286
369110173
430418415
27666769
708965341
438644395
418647041
38636604
1130008604
246663036
0
0
107138069
1542102857
40105838
253892640
419921908
93933355
240212977
200385528
12557350
1117348153
124508177
588933221
127163312
353762541
968398225
155235260
319422635
204829905
28583648
846466218
33095366
89678534
357335311
782330289
43523827
1509995319
34300432
36322458
711728111
290538462
42774694
3684265
35468655
11615944
1476703107
0
92664480
64816837
1258213510
0
931542918
1332534578
303703173
405447020
1499649899
92029321
2639486
534278348
443606923
528236090
820920094
464614805
13445429
99593001
168296
54173867
734297615
52818122
239296749
84221885
1405795763
375343350
700915710
114993936
5220176
0
70459277
1337313318
151699182
181288848
931197117
419385836
1303706033
403560057
833118931
524782628
402643474
240231958
389689930
447443691
39463375
206189945
0
383015960
692134718
308605714
16172028
1430847
152761383
31908450
20814848
76608119
1529580610
445907982
450874192
228928936
313061342
13069208
983479222
119315023
1054529969
377956903
548270280
152254014
67639981
1013107020
264840967
1263854228
393313219
306316438
335390733
757651883
1723757236
1322220122
824802632
248953414
339755238
44909035
521131341
71183912
594714
470053996
492973204
301708444
329781033
54204621
1601022907
1382546853
488644709
939128494
938572659
802147238
208508749
832275357
219989185
800214692
101102036
30003240
398011255
569166043
269227799
1381060058
163148113
1618874319
137887737
15517511
4503838
304504604
98240488
138233073
0
346665926
341413054
1171984954
1032658422
0
33254524
38773488
1431863739
1075615204
722521099
443173
0
20436490
762275633
296019185
209847814
995102
1103122159
110126653
376893153
389467916
540894635
180158743
10721036
431846575
147675451
131072781
815419513
329234639
78444406
140627618
1557575
0
1424751753
105070103
701400157
73097137
119620519
385537348
254863875
581619215
347217184
741776122
3515074
574827494
0
1221684260
1462426236
150435805
6053760
1006816600
1280235947
798417872
51272986
20614731
266005
99416545
27625980
48497553
0
0
280553149
640888235
534417570
0
112258476
241206560
267047823
152673197
0
559878337
1213199440
57630249
606751144
0
555191877
0
10017333
182449536
1288365
57207129
383892675
1213470374
1248308231
467905160
5659439
0
489372949
929435048
79181162
20777230
289047403
645709879
127348449
907676454
128657709
264975999
4165724
1240311315
1086220960
0
1455975276
29922859
514070345
1158871230
36240570
0
1030163337
192472223
285818
1168083815
97292984
361009961
727152629
495471845
51010634
0
38221138
749705779
637179158
72742451
71400909
224296040
444786569
1827541010
496813080
325123163
305550882
245326228
381684981
234242784
1979869845
953594116
102680894
28644010
43619243
51822373
228011991
0
47566319
163597630
437674554
36851205
262104959
44676453
783368017
517257634
21004130
851581728
235966170
302165493
112404183
19328938
21307467
318485349
960759
106389722
27437389
0
14350248
258247115
9014785
224831742
299590273
52594810
1035915256
0
164768567
56491623
4575479
633700301
0
1168996337
167187774
87360714
1452368588
0
134403788
91475938
209130160
289733427
0
822062889
55927167
175661560
502476779
330259819
1510484416
30866976
1647630724
43295488
157510930
271426053
336759588
674256014
1723240086
390361756
926632298
1362202548
712507390
233777593
139690793
146340819
437802342
1055959131
299049554
754016449
0
573613326
1242250186
158896295
214738387
0
342070317
780176822
0
899487435
352916765
95416624
0
168856438
0
165591639
614888017
30770696
417070591
50396048
818862391
14306129
63220457
733854475
78599229
856359769
940491689
391604374
998285646
131644970
1009584847
763131461
109485668
77603045
509419868
465558611
0
927870332
234346025
609895917
1272302615
946237204
79573428
0
102851393
133028800
36004830
831835779
958980799
178593143
995084262
0
390537450
734181742
62367592
19980641
277528334
287449276
0
504193496
1361268
466752016
395046294
87559139
331153510
118721413
52446798
830074921
289340554
12441676
106807231
62458645
392520049
671845
391930607
51097432
119046788
108233448
54759644
766241066
1447604106
11824061
1090008715
562961642
1650379155
593504231
362020310
634871585
343584524
30840918
27051668
44028335
182546246
530201023
1047006759
32591039
305436256
47125590
285828196
327191936
304904770
121792914
127627277
205399868
1523286605
0
1592437588
193721223
0
1139225273
2773271
154605201
440962895
1321485284
88536873
172856185
700090664
1204969615
14656924
196633300
136629632
845400221
33710309
25936283
517567140
686313160
71506974
301568155
908017205
20467707
1840888432
5845803
23458257
306488399
97197582
93537877
0
919185451
2810989
9020133
999280890
565141
57920240
5918985
93233299
351069251
119279709
1038091138
810614430
29762214
229196159
1157787888
25287109
287946443
247241312
35469201
100167282
6209937
284536254
436018092
663809735
93502466
8474857
982756714
197020022
184125996
684344075
0
804408847
0
902761989
1160525
181436021
378689199
2687980
209698873
456877345
551580138
990298169
435260049
1308601300
1062835636
1144520465
97270857
472124370
16941659
1237350167
340185734
197137382
50015344
173183083
0
285501432
196783265
116343645
908176578
35216936
477458778
1203529253
233610068
8981290
197568743
706719292
603127080
2847698
484182737
1004982369
196881839
1560064705
30332970
977619897
650080742
57745935
254651635
904823769
333044801
3041280
341066790
631927354
465845694
247955911
112764980
43341289
87614265
311116127
1719225810
769193338
1181942950
347498629
130680967
1103443448
518535788
16245329
831621218
349883013
1059110684
325048462
395513952
621269814
1346974595
706634292
314768
1143064
1328668647
159775015
31636258
347380356
118916287
1749446412
162361469
56187270
1282908440
27707748
831622023
85872029
491758613
199220406
561371317
0
271044876
1004456515
9503518
217649486
71207783
1478934544
410067698
1012065073
179057824
298520018
387499704
141588752
13241287
8542133
229402659
625359117
1198387155
618413545
597195366
277000171
19674198
1837388699
1589801917
861488053
203066730
52945448
444969928
115902388
126301581
322637129
45990541
83199955
281507244
500194041
915909983
326019706
133129890
664454846
7818964
697469330
24845194
444231119
30456527
177948010
870928329
82564558
1043049701
725222798
224475787
546856784
33710846
39104952
735092081
555935119
320352232
921342280
157612838
848587879
744386710
1340425826
49256949
841615866
140428288
1605722888
48366456
78389271
369938979
188708318
185357644
198460532
377410429
30743208
1698119505
455023308
359047846
1230386247
307909880
861423882
9357286
844159914
186622267
410124315
579793421
527704666
0
741544432
721072384
98172056
956105434
150782137
191151315
1863845160
123301340
279459695
522494716
33636543
131788448
377949008
82060544
94913736
516945608
384363833
129607075
2401914
1443584045
576319757
547196946
727967915
232406256
56206714
366168354
60551527
157669189
225988093
1604753683
216672998
15401609
272637213
206957820
1494976570
137899905
382290364
764388789
725620099
540584677
17402146
615845722
627825740
1511355507
732870333
937882526
734884663
860621560
348683471
574997389
218106587
297662603
0
81790497
3010781
22276949
375979
146518790
142138638
36500726
85159994
389939329
14237113
495641276
23694451
85719386
802009961
875531685
663798849
692199851
128125136
60109459
23659287
913034171
1513945440
945771268
29955357
349793102
26474657
198137587
426622274
0
103312790
883763806
76309614
934476896
36789980
754548298
329380861
33412456
590199733
731614319
8741869
786468669
107313665
142485186
559591996
9285883
505328736
4239211
560336676
960355
418205768
554522455
909513616
737894377
183740813
2360012
25617799
494565424
549156579
62885990
221240182
680356391
22687378
40122468
1099306395
0
52430261
15986432
1813136102
193039029
189049580
787671862
1049954468
256850021
761943189
1072696558
394782766
1297182487
583168265
188050433
51343717
0
1699416101
840063017
2535679
155494068
1676161169
65353546
1760531190
776992310
143690303
507419
372132336
158887976
1504159927
25592357
87068810
592172634
0
215308434
358562019
464243380
180067531
103735651
152537907
242293151
82931364
1259481094
64089383
42092101
602073342
474269379
0
1014068337
453965782
163453529
1663236024
1323749835
1044512611
636489554
586241953
105436451
990377698
27332974
431449404
11072058
1006771898
151812303
134860070
86581074
89199077
30250260
335343365
127347599
1427151195
334828274
1630530430
1142830071
1189148711
302452898
57121115
215929728
47434928
253190966
95443317
1243303746
0
103432873
1104961612
501083664
1120020964
37313232
175819263
67108061
504501279
41738410
1318567471
14170851
953607524
98346541
524624362
1006908076
881667566
99364136
227779197
1320211803
361303332
1720873474
14191941
11765054
16574429
357676536
993939629
1491155956
804402669
61208219
176600141
477824853
1392192727
190001332
1160013115
20407978
47514320
45953147
164842601
318100
368206004
306924748
345889837
39924227
68227305
446839680
78531504
314748480
0
337937554
2570987
703079170
8753289
904755740
97390381
392079102
857920599
1161799041
674666144
18401974
134664582
56129455
541967016
3226989
0
590594374
494421
1267895
971447258
16143418
77396838
162875182
80509990
115638881
32336952
0
396776900
294330
658734068
760745822
359474727
32068519
893738103
325337525
89595136
867108395
68055055
1091113483
1547963746
21244071
162637737
11182843
33147871
125598835
2957433
107625242
558905525
466177554
91322454
1698887571
458433849
372578155
1056902390
345992817
154046780
2592774
62839476
8762190
91248559
1261027094
575498465
36644521
93772556
235604619
674859674
196044712
230068616
28355373
23780200
10529819
691172470
933506617
1587730793
224573672
431383945
1145758731
917935900
504361610
393616643
141860621
495973
205937156
248095631
1477274679
34005317
1909375211
102620794
253369076
16145324
772712013
142299660
703671931
16729822
1851489786
448810090
1010847232
88394125
33869231
1354428469
481411093
747793386
103132848
1651164170
8903793
287548030
434616432
15092813
958497496
184458208
23623878
1377307786
66086023
307414933
1412879774
769852109
1554958511
337272751
2406339
159738611
99251301
13517118
0
1425557334
1144164244
21245461
162373800
13142243
16971904
288067051
0
1399473879
165475959
799020257
428772000
0
577117844
44410537
1150592119
865012236
18517519
36630243
26342337
115236486
14885703
640896391
673140558
1573137796
125620391
203801378
141244355
771531981
1219069733
36552134
276110449
65364342
339601439
26139016
41630207
110738981
79573096
90316752
559128168
1120629860
5379293
922879593
124544533
168303744
88441241
700797278
431531196
16917343
0
262617425
209048531
49395992
178040645
57311771
419322831
282197425
55654457
135939086
47764718
171199123
44221160
1179464489
929357222
115404107
123109197
931392026
1051100531
25435560
828864
613644205
620582035
753094266
517630863
77385526
152441784
777612210
382939
288542797
644439091
456454
238122
536696075
237308242
0
159693010
643922327
735084054
413695876
552053594
424182513
8116352
3584736
82054680
332329880
910384608
20413837
96737295
24723734
1092876692
350516381
326229083
1423633255
114687138
89632392
138758246
355804061
954102441
469817486
369818746
123036154
132732275
1016320437
11362189
41506447
51556403
0
12158726
210971895
138186898
271701171
221051586
135927198
1786773011
1907160
148981453
137368088
165841074
0
159743063
1151621646
230661975
691264600
0
146069642
308513852
478777477
34774621
662228041
551676473
1103017334
412528907
289332
130906450
37872289
515196163
85454765
783459796
148043454
207933903
84528246
223972133
1402924509
158052642
2327360
806777606
338667773
8783378
428325131
103582100
940942810
3752692
6147287
442796311
1449214702
393364025
127292384
62754323
1418354957
222116373
726930676
171538006
869295611
682554343
0
63039694
119536851
522578301
130873097
934748117
1670958584
362346365
240158434
0
1754776486
5139006
52653721
259809162
99499460
86685371
176404252
7557022
14043359
112820559
680447757
13814844
949534143
439506533
678898684
0
991391325
75271944
215911550
665626009
668359580
627386423
467608805
1113384538
50059026
664763198
214248688
959039995
431751047
189179129
811121616
22122159
299921533
516777488
3727332
985219171
1054913601
64982543
231354392
2012116
215729714
227034345
73402970
1437412
185842161
37833027
223343400
659335403
0
468261832
529860338
239909513
182955494
184711655
62434612
8264642
195776663
63283869
385612113
648542230
55883411
112743076
806674595
581285667
809521532
72250130
13692255
116452186
68850765
420131
207661231
110480862
147194695
803190189
1700531
478658797
428940688
96865103
104566773
13227613
141973804
820169181
319523960
296730361
308357549
153316322
372648882
0
1143014457
270263013
1087046
42017766
45640716
946539
231095034
331930008
35358910
21255739
112750738
309069097
46010238
35063227
153932753
283274918
0
1718756734
598145083
200055859
22667918
1531614668
531968340
1846158626
430896853
581571273
279224713
119480206
109253351
0
462941460
303871259
720868180
1045218571
8881470
529371380
1148908857
5173847
92139674
3497955
702595464
95292363
35833581
905370648
945331259
1257805263
0
142929060
57013354
25213293
22603948
550218686
409152653
696611434
581215016
785026
496217915
12766006
6839321
929595973
155509375
1532873515
304225184
114648933
56802065
399539646
708114
351971
13517785
566319558
115720763
0
0
215379345
343063564
176381079
339791758
38988381
143091973
42497118
316484733
1528984
56209256
674197948
771157734
863908554
137826624
446030071
295709420
0
1200966985
65792435
1573981213
1577237
75527614
74085529
924729954
1229884011
8973168
806090228
3248039
433881
1087342090
625265964
117963853
47822945
1674030853
5973734
751962
126305183
1278845391
72261590
908934991
213041267
653725565
6363751
1983916
992224890
19051666
285915844
12616931
1237184396
81551292
0
155067574
17289125
458145227
1370767502
4438284
642173764
63206854
664240223
0
113263844
0
588415869
165682823
176601065
764273964
143588246
172222880
25592273
189677704
1701915191
245519834
1292894186
496746112
496437976
1479983803
1826526
339270756
0
1014952710
1010564497
854536879
113406393
2012122
242575504
15094499
3507557
1316549908
1049006475
802717214
26301722
676320989
16411608
152098964
247794757
0
2906486
31213
67087676
121936729
168129969
104919582
170774742
160672975
27328698
993641856
44235144
57885460
261839370
347593468
48976702
1649013790
96516302
1381059876
75034309
27820660
349463110
24039640
50542497
583836905
496842217
502148615
156914871
136348016
1032852310
813688892
504614904
274058717
848881127
3735656
774263803
5244616
121387054
1226545301
748317042
45356009
871594381
1031526046
13759405
204535054
287164879
84141643
22862895
989844965
61094871
89460399
630024204
511183630
3962224
305841822
216422430
176544726
635066340
389165329
60297526
33942926
49278421
157423631
0
159894943
0
129189714
998922664
53042504
1582059539
772284581
199450100
577891862
1849904262
534333106
37369469
541819745
694471891
1770159709
839511717
205392556
1679028200
67542935
303533819
23855872
385389095
711324954
215573588
62244624
17612702
169636466
676903401
0
1411515841
51610629
40715356
310788128
203684011
1344068580
644566704
502302218
130237694
558719683
904860756
16086500
436620245
217078244
8513090
58464111
723230182
848873944
825318887
1679917955
959100026
271264698
1146817695
1224957093
692041660
1379183897
36379714
134548118
175684553
1706497266
301786789
27226337
94417768
844414
904338230
280320063
0
1317157252
0
477011657
175774450
96155418
151633001
4528181
889683766
203442888
20435405
81196768
274243925
69629892
281637237
1382048
5029860
11326055
1278461666
124918465
751042596
890233250
1165952050
735107577
679094598
630043547
80515288
48037863
157404841
17885241
303662355
1496675715
1656877632
146317269
853166833
128264837
86484638
433936635
1409763919
1224685696
71907130
190510429
275318083
1354731336
2736686
186061026
27847893
612939663
378919550
961209853
168513884
1065361323
469095776
331980781
277070227
212933581
674147450
640324753
16392854
81187568
49106945
9780464
212984361
771154289
834714
793397909
448071006
868904167
869563475
212970027
94624104
108710734
986760967
79858650
241555136
505130231
94311655
914153026
181658567
2737320
239635510
654833164
25724027
917147256
1028394191
59053245
1612933774
0
5850820
568298687
584414093
171370913
80520883
0
35680568
817684729
86506754
274442581
1214875532
1231413
1199522581
1006084736
554510066
0
174775562
111675504
194302219
167113
1464856
2075788
1528485938
1402164
363819773
4489541
119938585
27584951
34914963
613110210
117352648
1162440261
401995361
255141500
35115831
493335696
2543764
0
79985821
3193147
1401709252
0
1452442427
1051603074
43815255
508048042
16887313
152495662
145336908
25467665
699126856
29273067
311750093
601036175
794422845
0
225300414
403648758
1079369608
223425358
8728159
397410907
85987775
66310348
309053245
263457666
1546298789
3399467
21222776
634019012
20231689
793732390
20364213
1209661754
1235220
849427656
15267040
521403
27175710
0
738120975
0
738450586
189518856
12536336
383257785
274492686
13925822
24066559
82691164
668089634
2736166
1024191459
1160845012
16651808
0
365433295
91573002
540131134
4405826
94895666
738012141
1229182417
410423471
1479097302
164924568
268307070
126749709
1288882568
1638538193
1311362244
159378421
928121096
350281969
19183274
440075245
4801127
246531125
195493590
633258027
14244288
703352021
676841879
0
774880521
431999439
435980439
134593044
63411779
351332250
0
172437964
782900226
165883166
1035074
1456639895
165960464
1089095717
34076025
415594764
202849211
246580171
773570230
300320682
454264418
473632038
2787655
223460082
412110383
0
137376734
244739389
228758422
0
62571988
805720611
940771826
235582831
2385358
605000205
1558854007
1449675429
588904131
99921544
82919303
41615815
969875602
7843717
959505830
169541529
390355270
262226000
393301
237088312
405393531
181106526
1654845542
20110888
0
193149225
436463454
44258782
240882287
291438268
0
1109923619
354312027
461160020
2469051
138324944
1637381095
641101440
11595890
832082107
44699663
364208330
587327655
347293099
3159871
1473973420
157379320
166371812
393139348
106049985
1322023520
91345647
669522196
220719541
180548415
0
4711685
70838825
8538490
480649076
115084178
657043925
126344123
1226618335
403030314
1696203680
185114617
153872576
270197246
572151042
154334297
840135180
134232655
1131044608
463171014
3555288
0
0
1164345283
215802554
119374800
598445524
97249427
569406046
967059017
8680248
865833
549117923
121892956
117362591
4722940
404607567
153735291
80212396
113296383
216833293
194389335
14121647
230265858
608633438
59882221
188352629
333665174
2757341
2565699
271152789
12241764
70287497
67574875
421053961
878330977
875525507
190006102
532458864
9896863
118254339
507480380
0
85418175
288450446
872577924
588826451
62357601
24192660
10231408
512788936
0
1141328234
50867697
72046394
219000445
35351654
12441139
230101813
101291556
332683695
984964853
10174655
758255348
87928835
366175912
78992081
380311597
340767912
0
837024219
56169529
0
142064037
1348959490
1447790766
344218136
223647345
319779120
1698155159
1085564137
232837720
122487658
586884707
354581827
28322478
795603173
363590363
94408538
376740884
233616025
45354901
3200328
370904571
520361004
838763317
902898592
267952146
1475749295
112214724
87477563
69289113
303661298
437681776
62624740
329786449
186761170
1539882620
47165
192601529
453439833
71145339
816795340
1560139337
1235439742
949714968
350182588
47244732
7502789
0
64607636
125081044
108339621
198705543
218312319
574107552
5323025
719465053
186377108
539350780
34467630
22644608
1156424165
9182648
5371207
421206737
1019240
0
1544628237
256503085
1820830631
575816535
93963350
245184416
563663498
724974907
69094715
194085657
219724234
386600307
927010353
252557178
239780459
4810953
1154833124
1605666124
32050370
38832853
845225479
1195627646
345081641
226749372
218720595
91433923
74692585
46461239
317501462
228119807
46989965
0
130875612
0
560419878
748999139
99833502
858484784
863987
216831243
902697644
457495572
64784984
1020291
15086032
201480157
710013749
150717309
885767806
0
222278870
1199262036
88524248
4508280
98871001
0
1035790515
1180916085
1351528001
969751205
223143860
8281848
33142979
239147197
48562515
141061244
27363571
14354477
278559028
319716898
589363278
502513735
1136485657
68614028
278967074
217418385
250121381
503226896
0
77244035
322570684
956984398
586134814
645964281
448641339
915880687
735207939
461388135
940100352
244406189
816274898
4976781
0
145431920
131725336
370357471
101769530
208156792
242892723
291007165
2844220
304763211
692316773
0
938647260
1397705
107272187
180842420
415081970
13362326
10227379
1008974030
99865755
11358317
1043918012
950830280
732278412
456454425
285958802
105965878
70817671
395726312
19514011
809698715
17087259
1101688410
57694048
41383417
263104743
207652590
182763067
77125177
1313426
629103711
1043887114
119408026
387049863
444855551
516021606
30168765
672987238
203286423
136969699
114245869
1318090621
359719705
919294163
655872427
362618681
1388318083
448205508
161179840
751882861
30109824
506229569
608972414
140739213
7021427
256338527
261917333
1799266
648504971
687604289
249764971
0
115347402
25138238
0
140968774
1389121676
546202382
1630215142
287371888
1081656588
261769267
52452889
10307251
97303812
39450827
16575046
1164301123
0
108546248
34790702
1005031446
53477112
9855784
422854310
728678202
285835544
101588176
539178415
1056577605
3783225
260684020
38474558
1203884511
508253430
801303223
108493772
0
235923704
1495622695
1147840271
725024089
16979587
132778540
26919010
551837580
52426216
25926366
19074254
528795365
61822312
20456429
275559912
17707735
118622299
172388059
256017778
729463778
1373491254
25388102
300508587
80007880
294518872
33064551
148593747
209691669
646075345
0
342401928
8503879
39148375
267543326
1064303591
911378322
87727968
555237458
45558446
532595339
323428770
135179836
763896916
246685
0
3947199
920450179
247741642
282760530
1168685171
462982
641043969
946282339
269616642
30665088
1305914922
869908949
656822340
531726556
26043780
1056534
4353491
45404790
5646593
858388605
38764210
77086713
506647217
65093880
362993579
171529871
16119241
260177067
356991965
504513270
30011604
61812333
25881896
126061043
37123617
23028502
57487028
241031236
84080585
71834666
51474861
1522588059
32447295
1004721680
259404891
232596422
1338865170
49385393
90602956
7776695
687097857
1214077848
70421781
1190760053
1067515598
97796078
698903
873045628
360201206
11182248
164891796
91291322
10946503
427169257
29740988
576123269
25060616
544149009
1835748002
852330229
21552290
780704516
324645625
318179787
9155378
483221931
202594903
263389550
0
0
6444078
111354212
214271671
489244169
394547283
278915465
787386613
738288960
676980559
145540262
56274318
137106084
263760317
260387288
14696744
16134740
82671643
48691689
598884396
855746276
144410163
388301822
0
175156625
41866559
515655680
269436667
1302259986
196200996
1010504442
907456347
587880376
1026034077
83903113
1028377078
51840468
786416436
676867219
891662746
8941145
0
1155293482
17686750
337480874
339693168
2818893
148636380
112255264
197106532
0
1116136
15449
846871453
609815147
0
215058322
79333454
446273989
354028369
0
0
9204659
0
69868615
99494368
188386712
638518785
741815010
77208224
137916544
629791546
4231345
153473534
0
498042905
911928594
49223583
348952457
0
0
321453792
79807076
1183229672
418847730
970939116
270250462
344888504
57072415
906824617
34356532
1773545520
8785063
865406681
479218962
12325854
17847760
1117454300
866967140
467278385
140369662
325782366
461343565
840169131
260814181
106100205
808402703
347945034
347364556
1206321422
62322215
325885546
326625555
389708897
162294498
165677994
112182841
689383069
137611703
236730716
46416
43415226
455335294
1334109244
1180355513
777587786
416109038
392560012
526981911
0
6038845
109782629
316528449
107163922
706157109
262413385
693893
240867245
0
355918909
150425289
27060381
0
9285598
823611945
436761261
234665594
33760571
1091086888
1054012980
1195248695
181146790
407980952
0
0
7152407
1266476879
406460312
353682318
6076460
56862339
581705831
118900219
635954613
262061003
569180903
1754685540
0
736039670
103470142
266582041
153798498
678169355
22891477
76751166
1086669734
0
711407134
113781494
470660933
158446024
5930251
1141771370
39344604
805962632
65502185
556395072
25521820
321149120
714694219
0
169381923
725750750
80725389
1176746308
669335592
100812537
457396517
407816146
1485406482
230579012
0
722649096
130931538
618137584
36134311
16323310
62040401
150916766
896461779
75751699
569698851
27229171
138241558
337920853
17172835
337101488
1100233641
446905558
377911877
712682699
84567934
739464900
108172715
0
251875478
1920076610
665576248
1211061651
1222066669
176421195
29385462
825297236
746610034
1130145485
0
1432331159
1107865622
640079403
781812302
11235278
26247855
791073824
339914802
106180661
93011942
1207901665
276473045
1614970491
0
201747114
344813984
33219397
878707981
480821734
291378015
388811438
0
21038026
7770535
172391348
343169525
961702306
0
217288115
56283573
147523934
164709003
166823980
124476930
41667586
617705950
765638308
157359198
893880446
2668030
970534903
995603567
816669443
177466036
1153250541
24579028
1022120302
67703776
17997274
145491232
40132341
3847925
217768122
550066727
904218990
1144308079
196117707
115381797
304710713
31920425
214128076
184297850
0
854161612
613178899
813117
340942731
622666353
63143319
127244769
542425061
109203692
42970576
13286935
409271031
121716610
711518831
29376545
94317067
6604725
273165889
577052718
82084456
34743257
0
1443358343
643155911
8614405
755483910
745257285
34401211
259975181
797869914
592188016
492561945
914757816
12705117
43991700
89830047
174135
533711637
442739285
274315640
300995752
119487347
0
99437068
0
939155838
365457088
239602246
412378
1505122671
506602473
10145478
1047584880
417400917
28263590
166381926
2010769
1236891582
95217461
592110242
128342486
87818667
406638318
10711588
56836648
982552091
316459030
125246033
18181545
0
783529548
906259202
482796213
547284520
469359413
211551752
4579045
468882755
220519389
48279
101116950
47593068
67574601
1188878407
850933368
54954985
242446007
79874099
355126007
373540117
438281723
15177762
39169621
37666683
59044342
186624423
667434118
34122797
14829563
96766980
283293518
1605296158
52356506
458638767
210222508
128742946
0
36950565
987110760
8124067
143685039
32248802
920453726
26048969
559426011
595548237
730229419
148903079
518509437
341019801
1343100
226960392
1737377416
1683492238
28370038
402795433
1198403264
558614109
443290281
146355162
8478452
337126166
525480703
581822718
140086103
897106107
181969234
477220582
17243597
1044956860
1054252
528280623
359378180
383142703
52043264
439704870
307652427
297354424
199873852
804442095
746068397
1045005901
778201454
493660665
710464604
38043005
167186937
20287894
391795580
43690
2062357
733284097
1488747807
865557368
32661232
16640040
72767941
478738608
80114491
568492655
1247313709
533795675
8556303
46139488
447143413
113430450
29579274
145385
493478323
154356
2804502
235884706
964643012
495716920
551332138
413253021
808654070
608751939
114142805
0
406530006
33957461
52383654
338433265
1108108461
27996867
557112767
1352889515
156087206
787113033
2365935
0
946456597
117727257
0
369629753
587473571
0
856517106
356056
193858117
243928078
497539576
0
222318086
417953727
378572747
222552143
155640256
587254861
553185967
687930522
759616201
286143198
4305264
709191138
762382560
183315418
1080550895
118767671
353925442
1286587120
679772204
302048913
231659488
38227335
232173403
778935731
1334574172
45735480
24239655
54085405
423419017
893819146
80976034
44972445
31263476
1466073735
1085667389
0
7464748
1510576774
308541595
37561927
89783545
75911116
0
20570497
567805920
153005394
453657493
805794754
224178752
62470575
1331747691
447862308
916905003
356735038
140987721
139619364
486270511
197652519
737881
762603558
16362450
542394706
40044605
69076888
1072182684
10966179
264406263
1430192325
341147130
169364747
1944152
0
0
1506435549
344938191
180060530
0
17842292
886869711
1159292543
295416371
41372600
561417
443117512
19450097
6763191
3645550
1205326493
1757913752
792444628
36487537
1050782936
178755533
322975981
607646063
15498201
487168494
45588733
1093344505
281607760
775874109
302625326
303528785
1052177
23414936
12490358
396813023
62912030
285350130
307173911
797562030
838354677
393702270
10715280
88861307
28840043
529414069
16526540
540126843
234352503
0
393169668
5162975
1136217951
0
136867171
188891959
167843329
93303738
169744028
147292731
680109110
391289971
715337643
172981419
0
202984143
445684359
165671297
72983912
7580729
93967687
383985589
37026251
1557223874
33393704
1478160398
58800181
45571136
410024463
464326175
687836
589435134
100696618
874012458
16439687
107421390
811908903
210711868
425745702
642296779
121726284
189741396
80871032
262526677
115003012
47655011
254040612
852644603
718350917
1919419
135018542
177562080
275063445
50277667
49386591
1560607655
69643325
53876909
703177594
334159243
735839
181728139
188542235
549893761
9669502
1777472
1441990939
0
154462336
133499652
11592875
796623855
99691443
109914828
130270148
1418153813
501727786
79609954
206321860
209465786
443692091
467589793
0
453711308
355958938
449078996
574259943
719051217
1632550817
70461169
32825882
577607300
1154593141
128376409
2074946
1295782003
700119081
289153921
0
259222879
379096662
768764479
743178298
540049005
0
41497495
342562445
2794851
417823198
485536359
183612343
634493710
10135148
9838417
439078383
6259718
440228521
40495694
901632609
1094646294
113381602
218645671
316353792
1073233055
3551420
368124833
22228016
305146
25357642
179929771
108367558
58038414
693044482
0
27759934
1007058373
219739
885353001
232846823
1269987222
765678943
830985755
2040125
14237863
197729058
303514226
333459375
585493392
1133354849
344798624
1407112
588199417
187981830
106286235
190587980
345154642
194613664
90495368
0
693076958
455999
1023560870
828360072
9421116
52388101
34759975
0
119981039
31946612
1097383446
408276665
577345112
863531505
62296969
1233097925
498164971
81314590
4369988
1044153634
43424744
255104180
0
102769945
827830929
187219405
556750554
899287817
51193389
1846047099
33530198
19121796
418622697
29831386
698306014
4407157
645704613
1017694948
66819524
64864268
1593084667
278593621
16977306
1145074551
17708565
79011956
732360261
279751574
30800204
570022111
879862709
116610532
292635880
413851085
42612315
657061558
147518217
1342289953
304454185
1768906099
93151736
332121612
470497798
156224068
16100453
1189733713
259419784
1269531509
684874030
198884110
677457587
80959487
1907030604
66514544
78033981
13635278
0
11025565
667649651
7853233
1459983369
67482897
0
338261150
119015461
142967227
586887964
576446458
62938
191567115
90981417
1546976111
0
5033795
194275228
385724506
239534566
1079156696
2991436
811059130
205588391
43719811
24722617
701995642
193966570
181233700
681744661
443860320
1092527687
1527293155
123580401
0
474114751
891818207
177809002
1071759032
4304553
33177951
598917748
34004209
188070315
0
285204810
287627763
39021333
5636540
870255725
98819468
1027297053
1400537860
930670
8276186
2541974
978356269
631830308
1540021650
276808773
624595732
513578890
895752374
150457324
251256270
162798095
569716795
119523478
873677414
211821536
0
11931346
454797329
1169451888
2657148
14345047
41312722
29132974
0
769798898
5333187
192671271
1612156054
631384792
65590501
3742075
91928851
0
1383338457
1081309287
193069128
184080306
349213814
119196358
321936934
1792470099
7171298
516848722
44842153
680475920
631468683
124056094
1099574769
1778239288
162779069
407137712
61820531
73264299
70698986
0
825440677
89486503
658360918
546212012
95076590
1480530965
983195791
6232854
315709053
1125832320
0
2144276
221023748
1824902119
688125005
110778873
0
853858157
282060732
1033940095
655736754
820855247
1034082778
62571908
29460093
1268701787
221653869
8144466
203225366
49206983
13653065
277683404
84225963
354586002
22505959
206711433
66794621
827533210
194144246
1230484697
792114427
745796441
313331054
0
1324171712
675690243
0
202755064
759180091
20961695
976658515
37772840
26774319
25854198
535926221
480983745
211951776
19111644
63036739
0
564820413
116357281
1475881220
489048567
1282975877
6379831
0
9476539
214660141
105689247
1767608798
0
206232468
63720417
305045465
0
690092336
965977790
112496875
891967080
86149099
498855250
276509519
487774679
63400483
896226
67326323
403911459
33552
93608913
25784540
920638104
552995343
1040634151
1782663
16046258
362156289
132627885
774876075
991651896
0
679237516
142775244
37156221
5816925
16436263
243216272
55218946
828899235
47518033
929265116
397621619
65449159
124503042
575928322
164008239
213285136
511801713
1147738920
473495624
1152571943
176231951
698866509
68308202
30756529
190702553
287565578
84536105
78514721
379967748
961652526
37655278
760800802
269088926
446215225
392177746
1287958
1076131646
183817113
0
139520524
65569161
16513033
699547047
171920147
0
6692781
0
8785336
774923207
368772024
228930585
9118120
257658518
382303570
90118096
435294249
1199258316
833473893
159154209
73449951
980577614
1480323864
285002843
127497431
92185681
69887271
15448822
0
502413865
256701412
76452930
2592708
39507092
324934576
162519749
22858683
639680721
253143845
361277538
631708585
84664764
28876643
0
4165159
177215553
829281878
1060303
92837865
430718108
803104758
638933513
288171012
310775625
166559407
1635373063
160666813
1284101219
304656725
712916633
1925832
502698608
692023837
552055358
455167403
1024481836
596356959
907200305
0
1534214802
81811615
296076505
24452945
8519798
1363429589
955341465
689645165
463647482
211098595
197317456
90827798
370975201
88614071
595893605
159696774
77225148
247763489
283920266
66903997
856073130
58573778
919014601
265393694
921874478
159846176
348101911
1016023679
526230212
0
0
115164475
632593717
782517384
152098950
372842247
15142244
898998479
1023368608
817295751
108616777
0
0
1072794500
111588958
255525110
55138430
534713772
236212080
258118232
50064560
777950987
71759213
122515677
18272418
35029753
17863246
56750652
761380901
111670972
280407291
410530966
157017588
1450669633
1068477205
61865638
131945222
763161195
341398373
31646009
410268091
83316685
531018046
0
209135796
155320339
676278730
1204246161
9592943
1266176160
413665825
36890343
601911619
798205080
0
846750386
29804307
489462
0
67908
1040499411
569535475
200769219
1087364670
556163660
437533249
90728330
1805344073
644052069
10246077
11622215
891923979
232730270
0
377650748
44647065
18026089
403507058
1585393546
167419752
1416738853
304746
170514428
0
441504590
793316339
52548721
407381727
1103211854
36114864
214611174
373348234
749648054
61476302
253735372
401474015
391743624
11222944
1009341757
0
362213
656387893
120719964
243427952
0
7354771
563851
940281762
386900710
555624744
35052002
558581391
10024525
64914386
126981090
85622599
541194470
164386778
1552513
26249217
3573187
7486863
0
794324
279613761
525367895
902037056
1138496800
11219592
88116343
358136877
90798498
531677100
1021581687
196347592
1821134511
93743407
62754548
1282045482
1527994432
83805424
22538631
1660128179
1500803144
398497178
954190738
296966547
481290696
127414632
145225962
5605337
534111852
51959191
2563965
614683283
266990594
119533576
176079679
344947290
249670550
369076939
1087177309
1458031321
590094203
25516776
964048904
251182806
499097543
312681245
739877918
776199561
869054150
101586136
1155528286
110236011
496881301
25280035
184916077
934362294
19437422
1292726406
148821373
71660665
838455311
150596913
788178296
761556081
404921369
74015421
719385359
504366
1639708515
336537334
836755125
182340674
1675187768
0
109856326
223926607
974120444
98067839
0
2968869
247574355
193279325
287284231
82488864
43843584
25200490
0
73437644
11531890
47137632
33836422
154181837
460308337
414646264
1067035493
252767810
58484371
67742647
941649351
173960724
282914262
39618564
259439746
42490559
1111199559
346807641
324248826
1456327636
397100480
515908744
266780779
281994270
645790904
108431456
796767
0
144138002
470476230
62934811
802789436
545279697
44614391
1197628152
0
115469077
70223898
439519899
22964856
80265505
77404278
0
176095913
1355471927
445712046
138487126
7354472
224902841
253822482
183881619
1151837341
164460031
408899091
111082547
584123601
721667775
7422952
594543
525205090
12906089
110525787
544388947
786820892
335875962
894656399
0
834665868
133029908
131741439
24215082
706044072
1077860348
141567080
825417531
539464881
705053796
95121697
11303460
140241984
1833178
616518146
0
19611178
132987056
1371452412
1072309
147196998
166892134
31316670
1609549
381045727
3826105
135399089
755164163
204435111
438932257
182246944
521165922
7757998
250122244
1152154079
100970264
605510228
695200094
555499146
635281775
12429497
51457780
14009546
41784173
256239828
219929350
1171435155
48985653
0
76180495
17016383
1194355483
169718228
475163972
2581753
32751340
1619368337
1440903290
50448615
281117633
645267302
6325712
218130148
135926560
187705448
0
1451734866
265801347
350351853
421189958
22664989
137612550
1170833871
29840013
232677948
290178572
999523916
77509025
131683074
345650891
225662797
111475820
129541604
1156570326
40053977
820997076
1159220944
175940049
1096135472
302501704
617490535
566426227
593777290
652669440
0
1326532414
80852131
66339855
1019613519
0
0
1492310784
267156471
30159901
248516139
419680136
632495761
93305354
4658313
218213581
188981990
526254235
233224855
208287865
15008936
465511925
485633023
1711545351
92266921
23359250
0
457529779
1432200404
98321588
646674661
288178900
36311099
11607748
268542487
117222740
229566881
0
644961720
6545505
339501140
1662102101
1574777529
320072817
763093104
0
922804971
235775408
89530219
621610929
187069869
1165624897
911989169
322069872
486358788
1220864043
390428741
399271658
358990439
1861108933
423251128
740610600
1110230208
30342469
689231184
109270722
694556819
1431324359
50468943
263822260
0
1755987998
75183035
805899446
69708132
75222429
673549511
275129779
274561522
36225352
87998594
91822542
604877649
422924901
229243793
0
39565693
1184608592
60810060
1163694490
273717785
788999034
47617967
53134224
0
256851649
96875028
891235624
587625110
1663876828
195249486
181217399
243055440
636196001
208223613
160312667
342464247
62461116
0
305596085
12906391
37271622
2243750
3035175
12374712
359566470
1333138012
21044877
1377413746
409969141
113865377
270971447
277501247
1162766
902558284
362622558
19103788
212228634
4607695
95175545
4441276
45978406
116650232
1113664189
167748542
721343769
31090470
0
0
233487989
629653066
21043211
780740468
286328816
635065337
778309068
1034539
0
691039971
1071990033
1408687855
156063085
757346496
1039911980
15989071
155683212
512714838
61659878
654919501
32204817
0
413288321
875820188
22341229
1441092548
431088007
353558293
3957305
1196900139
163048841
1064307835
55220382
57187166
640341934
292922940
0
1076620663
1614210344
1367559904
113161022
398979228
359553523
472025723
106630380
9757257
276026045
284477456
0
59305102
431616143
830102515
1076405557
50228974
493154794
0
45879197
356889532
589479064
7537921
114181270
1141458131
1195234699
515099358
55085609
7799915
375926960
1869892185
0
597602815
165615152
203513037
111625173
1051105152
1034371018
735062570
48244862
706153211
1209023717
776111394
107305947
44902957
890011858
64898974
394909522
439921608
7668958
0
239495050
1825279
402210
120572008
72061484
0
4838154
5835731
977562452
1955861
574767337
35960134
245353722
1251017531
0
731156679
1698514889
99483815
1191024255
808199284
397183934
672165134
656641777
102458180
62756166
190765711
579417091
45412058
21288128
138856225
2045208
324897755
133831424
678523538
1033599619
29287012
64748629
515189582
10681977
493227095
262252440
412779227
158529270
57955402
539851403
380420838
405678338
432643661
149368917
686256408
31386764
415968636
461881695
0
225616388
1331089533
600233
21692638
476955767
255706673
729737197
106885854
277019236
790291162
97560107
9746772
1381906744
676712957
307097156
31860521
1018075776
1971570
172888271
105405975
177160664
1035372603
1264779444
106168406
860972082
3582587
268276792
557524987
858876836
176689427
1690347551
248896250
453913333
51600413
398670313
138454477
0
493832396
193483451
1288084298
606725832
28367071
1128633663
1042612
45408010
111393948
1258211686
792219501
512703672
25932470
44057443
266906948
316052208
28770615
29386518
602913679
673874532
555740821
34397723
217770663
240270429
1813046529
602221961
242584734
95367815
84407589
990895423
16459048
205393
494223517
975451553
226428967
860043353
139638858
1531199362
184469152
95374990
1001101700
605009946
535923488
761385184
0
87084162
248393156
139682617
238754373
92279132
178260590
130546529
0
403052122
173472644
825194600
3455846
95696585
209886889
1108784284
11336348
388845470
31263175
1273019537
154339204
764850926
270050775
195294098
220936077
211231592
517942525
810915285
400654913
184423179
48082910
920232874
120677125
265223566
258274270
91721227
500729472
1230594800
274146575
425260255
747777699
556630185
659459121
1146540247
1142053728
347834729
359203208
394553569
1056237738
937546318
655411589
346699841
17144238
471943680
435418267
0
1048208390
6258239
325051125
6147143
1859747011
60890850
662372268
1329804694
17247871
0
0
722570134
2995671
15067582
389944698
347958230
0
2263288
238696811
28656915
0
563331049
971002228
265314576
36345128
623713842
59783256
914041121
1133778267
52361057
1008186596
673027
151694010
55411379
270932965
6771440
440882368
0
432599882
4702741
210514213
144588151
261850144
0
1191605236
98588786
108380298
54187218
1579491695
1091070052
15112986
804338902
473982284
320928060
49714944
81026399
61835928
733178412
5361044
4231344
0
972624685
1338489455
1640878
460759248
58738790
108834495
2601396
23983547
6841663
347269845
155768382
0
77520688
826649661
128254353
920057852
289325048
0
0
111345280
21551027
152722520
63754788
5971359
41587335
48968038
13384622
1298378307
3763758
89084087
163089465
89192884
147801710
124095917
0
480223301
111510442
1460740476
119956594
80585314
1063840460
9386918
1698260397
120702446
0
221084143
117366864
498054101
914726391
146077916
21903268
33691396
69642024
13339431
313098919
281332313
51934456
19139635
1220763236
8350967
1019082106
636712774
0
237294592
338099086
147051473
494394553
958773459
106945185
58746037
93315009
82128198
1309442
48898576
668410787
858833754
116936532
226915
579129312
0
226856224
317634700
1280401277
36349438
308260425
81566311
805998728
7760824
69964605
770770625
309453780
170459779
1208926059
691594
1582216374
50722139
27889751
62157871
1369756404
369940017
417579998
670281337
1485499302
1081364218
88019261
978304052
492526979
16458279
1001323390
93018
163536926
1087037979
85326774
144602870
450096083
381687646
283573093
1543029384
289950351
560865865
25038808
894305802
268510873
417224220
466511720
31757009
321958976
74499273
1442694324
51522052
1204843295
113249987
326914299
1452550022
190075629
74760352
291297993
97285058
87072745
148810450
449726763
512811594
1657562030
351213676
563908877
487153350
7128012
749604353
577485080
2538242
19995137
55907928
506686982
421122839
906201070
27810728
245193676
665599077
325738357
278958344
868509787
623058216
4517873
90068098
391439848
917086232
845729885
1855356304
59439781
520561215
291667675
597601
561846366
73973
425441214
75432180
50831210
235087735
163499950
548820008
790943444
160315763
343079929
313975003
55382981
92461453
4091249
7410953
483923129
67455830
695382475
487830339
1828898730
60638396
344779167
307374242
5023429
205132049
1483153939
451839178
196901898
84033323
853451734
247851935
228257654
695434
88772198
219950143
1572626
167003602
744217865
55195911
925104709
1386917616
1320422300
139893031
1539850591
1448395161
553150372
285985663
156735837
900187042
731869471
1095408490
1304705618
82204471
540809383
611689233
65406952
914298445
408965633
32840804
445195557
1585807023
479556488
9512821
63415266
1084242417
10181386
8946976
64009158
397074795
205040169
69230417
0
1441139243
15053698
28531510
94966420
445781649
15644050
1241427665
10674983
1008477
1029768913
0
341074988
168597862
0
250271164
606730116
394164307
156418589
26561545
625152506
50456318
483548080
1947631
23153206
447819829
897877123
34001907
1119832119
270861811
933764049
0
163442124
343808457
42909377
0
929528047
583946961
50428370
1609575272
34257084
220563329
1604133787
0
214013499
35163312
249599133
241944717
135733884
91757587
967994280
106494991
984635410
8615216
617475535
48013047
349053188
128231214
984332639
832323797
505812091
55708979
637352575
804079780
856418675
244138285
41858526
303377486
5009878
922206208
693233778
0
359089102
15350314
598653583
585936222
1647118801
496582207
145254975
274840996
458903959
156913538
155873614
513844851
498498607
27264
620204163
292063851
251803067
409582135
1513033231
127228582
28732429
691495823
193197916
193387464
878175546
1293686521
0
618795528
808670
81546857
207542243
3782418
189089307
886149430
388037838
242442031
677176153
89013082
905417434
454168990
164067739
379587334
1614423
757073177
978880
30327117
1090151016
268104552
284471633
170297747
298656401
1507197
22827210
277825018
10909866
236993703
109284852
942412309
101208527
703841165
129059692
288055526
14765082
85207456
440731298
55695003
424675876
511656040
397299049
402255622
2981577
121295248
154810891
124630025
608663126
0
192961564
38926722
27712691
1221417702
51956863
4079880
193099370
2943981
52120504
84659406
4003782
92579469
319735473
72805049
461169204
236852292
71907644
121064520
349980549
713198864
144424449
126457231
1010986881
772134
733782033
1389607662
431268152
989062
576574257
696469690
216370850
39070349
760488
28790196
46988392
325548413
0
248860282
317017761
0
215920598
344530344
54254590
25068245
0
5460728
250416316
313685441
550552675
11249592
672726939
1180152099
434116642
509832
246108750
156605832
328802663
358544097
53003201
654868837
825897293
156578108
839894687
1538151750
105733817
0
17167596
1228768549
52478699
637433120
0
318163309
617065488
157535128
850256
294823986
684704292
93668982
7318330
0
15101837
187567696
471982342
881908284
185914097
19742488
728362634
1558952220
18602352
756062386
106380116
24455362
396852634
8735590
468726098
541633711
235430703
138236827
21350304
4584608
0
834074854
79490062
1435357
4311937
49115986
884568560
172412076
305060534
293619783
0
11307575
659957208
124832051
281960810
123521803
933104340
69714876
243580628
495924775
35594682
401720212
333584250
740469822
463624903
19606263
194430411
0
22432749
431282824
418147094
146552782
975524
1395588260
782725719
1059976549
1610020
1143176443
441015351
3601126
143054569
30810761
523312861
531508645
693598350
0
317632
554155053
406020638
677990109
700869312
92291741
121514750
57312290
5454318
54152700
58876416
880617217
1084909050
99337037
363748449
4190857
193205922
1546395951
165777096
2217924
355591793
201095018
151434204
578698537
547152455
69650062
0
983683368
552782621
425502139
275738280
620974402
0
44247719
695414404
1038002284
106677054
50471103
0
1591153418
18780363
294726483
1257534559
25128997
1850123802
643110228
203173814
965395789
122255673
1106929
433384944
11421578
203243663
6139011
0
27131075
469514258
461930987
13283756
280511263
1544516440
25679047
5189421
0
699004843
41337089
7334144
10303423
892104896
133561550
201752691
588096
1974027
162183066
740743192
525888390
14350236
401239042
509114869
630357961
1031765438
309016366
44366387
1193543910
1477221470
40794365
316863925
111573408
197585308
848632547
988714103
1777829208
0
8598846
150659227
402058535
51481247
669928
1205243601
1156149060
0
0
185337955
24064229
529677798
1139287180
166446376
783360832
14420177
694409910
112100003
214021666
399965758
1071681873
93899830
429106323
426956837
207390882
427593010
241159946
568308711
1617679817
160715643
0
149488457
142234086
87022744
1405064
124252554
1127790213
27215202
39599967
844594602
233154374
819970034
245498226
150970937
1329742551
0
131162551
1117789034
111681378
1138805
344645594
548796292
46797047
753708086
459529646
372712391
929804059
1204289934
142857248
22841444
473300180
195776841
515379288
952933114
21726996
35699288
914730702
327599748
8375262
127808696
689757959
0
106224704
26631865
256873766
574852842
758272193
1118297
102448729
345565766
113839222
347829108
1043904736
753546960
1259363141
1098501062
128849102
1586550876
702777164
1393459571
7156396
585652709
266384258
1177937866
934379612
611644257
2783343
0
137641547
0
955345219
226717899
912233612
5932561
504442187
300818759
12548882
199352
133790352
0
1040262171
201378841
19042365
178657640
708077201
216197932
403475121
787549832
542029800
912514256
225352906
333414755
388731537
985109371
905436883
944644136
337360396
40107393
0
39995276
969492111
535241643
405806579
820697059
1000479008
194657370
382734408
110162403
30837421
7157714
1015779315
32159174
0
379383681
151206881
489804468
839826802
1166365870
647623881
784587657
0
114355152
1682820
4087985
116199556
387596
0
625095931
476446724
79972061
68291577
590150778
463826039
685659904
780777949
695449953
32809432
16371734
121027963
319208028
1140643756
26600612
552997
0
81060127
618532264
15779126
519674626
626534819
1113633202
80004561
201898915
389724293
1853971
12110931
211540476
219235773
1132510207
6116219
99022744
4477150
605608935
424305113
127143932
1318203
795704590
6144199
164195634
8018842
42320550
92292598
36157022
1407969947
36655950
669888951
2992825
489127487
828196
1109447638
10031898
982214555
649232148
237911947
1484936752
33827190
38726493
34191558
886951394
708608
0
943998793
196093288
137331677
39885
562873939
459813504
0
942710783
702653410
168118032
1703476763
813511917
951762150
189633685
177243676
15268941
4750215
48125130
425518377
893015201
980383178
742259955
871189777
843925179
1522911230
446753506
619415648
0
245970994
937678125
185770708
307675739
41168283
498892238
92296109
1099192995
35805378
116748088
77637607
472424522
230702272
11394861
811338716
239294626
619669569
415392988
152503312
139016917
0
1056194695
15676920
122559478
431171395
144706871
114198382
1093634440
502277986
332661695
38073061
717320269
473874419
140269381
263740446
81461599
100238398
203812044
486099128
154772747
1537944641
51844577
112802877
117061126
1199214117
226014198
789122794
690752023
146899
956213718
52265898
1040822502
117140811
717886093
10962300
676544099
97529682
353590843
1394044604
129591656
1035641766
734026339
948394366
999639064
280659421
507320535
4094414
211473049
609384022
290713502
256235349
6442431
112741591
236080739
337680649
31437106
130500364
1342559966
780651384
567559004
497370547
22926007
1465295862
841600053
1303477099
230196461
3435583
677229864
43714879
439537227
408752891
154021874
26073760
43981724
0
822096
1265064519
141269099
8948797
1080446854
290621855
257200988
1310314261
732620098
233098036
668948027
542084306
7782288
1583859346
819634157
940019036
589222494
88921816
65809123
149925486
189358432
1515132873
9856064
10900914
829221367
1761854660
33376072
769151051
27449274
0
325724286
159298910
159722873
1583048122
783808683
338750282
486759
65015569
506374113
179171322
454297305
53224711
735726831
572366319
264830646
110796246
6951683
61315715
31746775
952006682
688309301
0
165291156
963087705
257917452
232922753
608159646
270620572
1305531092
34911576
30812313
926150490
849260723
35101002
6442118
1050875
748275277
25610742
9618107
230998496
908869843
0
78669773
1363060256
0
561032685
237467277
43607860
72965895
34528739
10243243
186940362
270840526
132715317
108239019
300343880
549575745
630163457
83134839
1342994712
1308519781
1724726568
8719442
26340355
1412241781
213756
503020732
146116826
1393605099
1067294429
88503855
267553586
454687566
26548134
739713441
103879101
0
215207952
877764904
178699093
690870
4663511
815583389
308092956
6157343
551079977
1964789883
229608431
366100503
192647800
390827540
69563227
17517915
73045684
1209974216
992079798
1149040981
145519945
387943930
384583811
14438136
110061294
339131438
21932066
692001910
0
264518769
539427460
295192216
899449792
344362184
59292115
60862093
1413343762
428665759
527161059
48959602
1208405559
266913901
4615438
9995409
0
414947675
1128276375
54764448
294192621
160438976
235679301
290183485
1652655851
54217214
680900720
49203836
1466283054
73284280
129643556
15177152
521557013
0
1231740550
1257741718
300752220
634913094
254572551
596184618
151613622
12400626
10313038
35763629
76380071
374391224
31608382
668136744
1567795876
0
643615784
121965727
874617573
905259631
10536255
287206881
404820157
0
81819099
455818029
1151671909
497919280
233195995
684087592
1532058466
1211645150
135369731
155702512
874071178
393254508
257246684
627517693
2837311
430215
28695025
306776213
1567014759
65954288
941880
280289476
0
263081557
1404823775
767000602
239739
90697948
0
423794
64092849
338522147
107669124
317292693
0
3745673
1361776645
189437405
426933118
17521600
1086938280
117175253
609687187
61931649
0
356613588
0
57994734
554182575
174367513
785593183
316313112
1054883778
220789167
84422163
214215941
210815666
697912060
13561717
922427033
871358054
236469792
243504939
101069
152201878
87913856
706077158
271125305
792684928
500988404
190655474
207842479
350765412
50967348
381075818
33724773
0
63234171
471863647
10663981
1075652135
559110909
689911667
364399337
1164772146
393095692
341683396
682180507
4632992
481553333
1103823909
11177692
41298610
84536452
101079628
112051352
341985862
0
0
470199264
533530092
0
1038463256
671614787
397051372
325972011
150424478
1490434495
417379972
150272182
238063328
1201519674
62454
694424278
65656244
3964834
1736908570
590769847
749827924
126771206
19436253
75181626
661458746
1173396396
244789425
26488596
381500838
1875288891
398871263
1091008326
306213944
567833191
312557401
1227837838
0
561453669
1472928169
0
71531221
285994674
137312753
770395247
0
1451285478
677877229
161183272
1038153361
81433707
1418008464
934076280
734032699
1009920295
206837685
2664945
1810224461
515669698
3436431
256673164
8604266
1156058777
252239808
684326712
115111628
376843035
1000868686
68778748
82618779
124898438
152927357
22100457
0
86760925
891778940
268431299
707466205
38752846
63116119
478410131
89307151
362815198
1502318436
723812545
2684802
53216050
1017381977
66171340
917618037
867680089
175154306
97673107
3740497
154267860
1470381389
23563221
264033800
651287230
71141511
933760569
181337204
29776515
1221886847
113286108
372590459
589660864
208120652
15346533
17693415
76945842
1205169961
918364232
405410302
9505504
791145359
168612815
560362959
636648073
14268411
89497240
1444048060
9947015
602985292
1208662813
9711733
12307326
8535366
0
434553935
348243782
224500896
638157175
59937011
69528452
742701583
366737326
663506338
203785737
74362321
999913197
0
924918291
575791250
1026325496
114918577
38524109
637842394
25572767
7845183
157055661
35785938
308084854
55932356
937235481
52954705
1172311159
980547159
505661252
58104552
624381437
791919699
1288910579
900673082
18929332
661513348
466470076
136789549
14918863
596877191
10157032
476142663
1156381
294233184
462944641
925368389
895146443
54586905
18495441
83675174
134101817
606862335
346664705
481978844
4347257
77722596
1329537729
121170635
734195236
599106018
124774030
1421874517
187239480
392611773
82954985
39388847
22213112
1231736
802263559
1866335012
35861930
242749005
811336862
580709808
193106135
232021417
394277126
1473929527
1190697276
1196135603
1505241012
577515223
45329221
132808948
278356076
96106866
1227171239
905602820
1040966394
74406635
102648712
839897650
688519067
20786150
155710507
1271930
45496130
137568901
342756014
32058155
21863708
298263318
29348152
809781636
125901216
912004910
15736136
2779802
77249386
26501818
601185318
1058164090
24586534
0
1566873034
916867132
47081885
10360064
140516751
307351969
1631930295
1291228227
99467460
187811883
1105203477
959486395
1487922045
433693090
176076826
657813382
391359979
274040292
540585818
104611105
136249923
120793699
378524101
467071462
1741508606
1445862249
318014453
215964736
659833446
319803418
350786234
947637623
108402862
1197132462
40589881
0
0
0
38496181
311421455
276802430
118629319
747785737
584888111
160268778
32933106
540870469
72353410
300121672
174656659
952211028
55353761
139537449
333402622
393700444
5997205
130481707
33087811
251206708
114320915
417916705
783989745
1513957
4866845
931554966
477065584
62244833
110041124
116106303
0
286137548
50085160
593643222
165544451
92870995
731386681
384963996
1860339
916321492
1017637307
19597288
651481941
931073707
360335394
713434374
272467090
1188604402
238068334
115630941
462794562
775484195
357824028
0
371611639
5143583
904321285
168203195
380340306
7234584
77594684
37326035
656476933
951869253
998028206
176355199
520905934
681398770
292421464
68749017
549945756
847510366
0
109983410
228853421
674927313
163056385
276090449
214835
504265225
863213701
677190771
1709842400
155256156
81700881
167813374
55327038
813120599
684988
1649285464
1099042434
208189670
64763706
334407418
825310624
82788432
363234232
336999654
536784291
261392479
526516823
1113663906
169547961
4827650
1107434484
1654531008
34298723
75029108
1566507612
535602211
151418464
129023866
85387042
891781683
105620184
60812737
20699218
165807161
171359871
679970763
278053970
0
0
3979301
267165583
1689430870
140904271
227293345
232773400
1583860
1307268075
1009588081
571974504
90260823
297319517
399400100
314254704
59441902
44528111
168506461
97675939
522715869
382195838
1224760512
74193031
763219166
248317915
592805658
232246264
583951268
532681844
74741728
516440049
360046415
5107664
198781836
126625721
1211920201
117790893
868225228
739431766
323632987
211896573
869269929
612182376
26252027
21006278
311069198
341798832
531026175
789591264
38939328
32593295
311914536
118707251
441159157
1288974325
70732156
2267305
561372816
78426286
1553352909
1020681
32231213
351528603
9869308
957240050
46052429
125473618
358378658
234821947
0
32167333
1315814596
550543163
44196539
100828505
71372559
180595149
583034892
449792165
298188606
1916578
411946309
604660152
96596110
122122935
21893824
388668254
47220480
693960206
41362266
275264787
600888312
38683969
395916975
0
99584033
128330002
658991719
338203674
26705244
673828066
10329125
354299236
795182937
1131305051
237569308
0
1011855670
15789971
489363784
87022325
1565064
334704549
984578075
506402202
1764319356
298509112
592324523
100222878
434183333
274367581
737743169
1045664490
59275634
8299438
620801816
1162540036
1318984540
124438779
1441650
991628872
220082797
670016883
1521852420
69031471
230529941
629557044
42543611
1550993678
200808918
217740289
40051265
219249676
0
389593669
0
60013811
181482645
170741459
339081365
269011513
1028339839
350204983
43743743
30129688
320039553
57754806
120688644
0
791892080
604252
1514761948
29294150
932794266
0
455612397
1134268
388405999
0
116943575
840079429
135500867
266908345
149989234
0
241583988
849494460
54767262
199127752
250447424
53915006
98925
113673035
58406749
134067973
184125
295372987
182331670
18416711
663087659
314802982
34629053
751814548
75119911
796371397
282303665
75924185
29372625
228008381
503065697
494826489
28999271
309948874
160447384
83434376
509614362
8086122
19856729
179950845
347404294
77822057
30468506
203386326
332441353
0
512951160
185505459
122204970
186797298
12618289
10586282
6957720
77109522
8785547
245000869
169116502
0
1239466
99935502
793748535
62247620
202650455
127151962
1011878202
45374650
63088544
0
216717068
311675626
875258428
414345639
158695240
252502644
1405527931
1110080639
686973294
539619196
42033433
57344198
311748588
5339559
361579855
1454800624
108760524
208511263
123217293
0
344091131
22505148
371883823
1342850211
336912096
42897358
512405208
29037217
36839041
389458689
47952174
213320242
644692582
0
0
215004699
579701786
226286211
330605860
534446329
10058111
26459183
12339784
96856334
521580571
174733513
135805654
268604997
34304841
381472
21393742
317246661
169358950
17983913
14083917
80714572
972033420
2429493
271979340
165249699
18915824
141548816
362338238
1212268
146249884
130640195
44676293
42438081
919042095
0
602539273
490238869
668172509
0
431784511
978799188
751827850
245979283
269736525
387774688
285931957
10856788
192547011
64766827
0
58194970
1027719831
582195334
193090606
426162240
955636607
129982891
84154382
382166052
931305586
0
696790328
149054367
15405115
76132934
52661236
442398313
763225123
131880710
669960741
531667797
776353025
387134424
55938631
20623211
335844024
152940130
108443844
729011516
267726184
413672257
263575966
992187871
66439457
21983194
77234448
484659264
1438656441
10095178
282355436
8215717
606134005
712999440
763125
655820387
9113370
807787058
1042014334
3287056
619510366
624473107
62898774
11319204
723151251
24141618
152067458
103224426
12431714
73945613
301543792
630782514
0
1190507
222082639
22555414
794225477
747782389
106121328
425829558
67124787
18079628
41354642
124815614
285872257
238781436
13451457
1060969031
64817235
608732285
82153056
334062764
99808679
1119104450
0
196938825
11932701
657173064
666182743
962861784
13599685
1009991889
212275468
395269596
93632510
458783787
276303456
1443664270
258330325
37687858
604663838
1147141917
2413972
705901744
1810527558
1736377873
47926159
556920075
157081246
238754654
180899454
1439950298
124819981
120994661
142979390
609150196
47590854
32717036
79663485
434353785
373132
141168219
1633488432
573579571
436895039
749975519
1139529514
943439559
1428088100
140639
498024821
72471337
1681456217
182754357
703557248
634354524
698268383
809944971
1014907580
6575874
1171131901
255895703
410689829
662934099
116398042
753501292
892139
413583677
598121271
0
842585
7554713
670413608
278001352
620043296
98439645
193915070
177410075
522281048
33739564
0
112137912
0
730841730
65492137
206576783
0
602672880
767286157
570063980
111223970
261424760
52389452
1148985629
607535196
171344637
5561736
90463158
465193497
150045312
3650275
1053472232
0
557606423
225682995
114857732
37127603
974266038
394810887
113833869
262919765
437274523
1857248
46244616
436330043
674941084
76882792
877880975
43727317
24648199
17068052
411648612
314841284
5160593
339118552
921114630
33847401
152998795
847640130
843241139
466673004
22002126
917958830
152433764
57229021
608570600
69446967
25801464
54784241
1118644563
0
570312236
0
42166565
1184559404
169347828
89147619
1035536763
623037117
54844877
33284181
1273306004
197508702
423985612
1608314838
166721113
97319912
231438115
612495719
222218347
339461623
814452255
62763798
1779157409
290930246
6457443
0
658799106
212095697
154341281
340846786
25610783
16279458
602934771
1337972780
1337445006
147392110
92561655
39578843
198607923
236942763
69129835
1195213981
113495734
32293695
222831643
278612307
130062865
107318708
14535316
6478976
153951201
740530075
28364830
766725681
1084620
409093767
5395356
0
1258578889
209247998
267940041
474979477
1166202
379546391
542790145
0
184424847
3038781
1185944495
346010157
226327035
162491686
135114668
136142646
85549380
1168273134
392508257
171112755
387846939
93725317
452003380
344133104
52217113
347215475
684769646
0
405557215
1295528787
21848836
546936160
0
0
512844599
1578762738
0
793132897
850653891
1119355454
1282464790
684829172
23864792
7140680
161548980
173561527
292366566
103917309
41790850
138159459
93774183
94379929
14933749
350478093
141528265
1621626934
772780488
749335703
79728693
138831673
1244159704
696899
1786567108
14373782
364396924
507335811
721530767
28435743
484877937
1081175468
170327464
1224786710
613241158
46454616
191860148
750026957
0
1599667241
124006257
596591315
950494271
0
167206678
1151976242
63905060
571369487
13353925
1117947879
19943982
0
328207428
621939437
91153807
782317075
16085799
357179826
10144813
302903045
0
1186837474
343512820
1134957903
124666961
837000262
190580724
1417693465
857438891
8869596
66240471
0
1445286179
523380330
807016246
53437029
10564879
993890052
141759545
18120038
61967009
0
1056864170
382979963
1224047
264842001
1015623939
21280694
699739090
803422818
152487741
1070785114
206091593
727810281
0
884766575
603369281
540882955
1423338557
1573507712
807856515
670423519
212527471
137945512
558564275
739760476
645454241
671710464
75791347
186282496
1135492314
75652593
591385821
345481127
1075645826
449759996
130191172
618040209
288061995
1831552978
69299365
1136672495
808210058
82888221
741476907
951859207
130863682
7665386
973381407
36245590
11934525
361945816
521718231
698583992
74800992
73955705
1376597925
701848231
348372874
1526912
1275301133
114421317
536058885
880222896
0
1157721449
0
724472162
660622087
77818064
33397720
17963999
468244456
756332408
225237521
1067302394
164206186
49509021
1037969314
344531308
1541245
161066740
1512907197
833225002
28318164
555493331
98397756
77181467
87670808
731468734
381355426
137417087
389241625
226298737
265383673
188056537
660195661
941500203
397443968
276049910
117085402
47726986
58274690
192610720
659089954
100708
306529207
8942282
953106750
423687872
249842803
290804364
93223597
307004752
38257599
1327354077
25756167
283284211
188529649
687173178
933903211
401642423
483316549
0
14234389
36179054
462304250
21564231
107952631
501732016
36250830
501248283
207273296
210550246
210439446
556782
237638596
286253088
140988829
23386763
26369672
404790742
539012835
277857045
895198839
345758790
564223157
575440361
418690621
65556310
793129607
255608317
1496419291
17245563
181834862
349827899
390569967
0
333506008
969384192
638520866
1478725513
661995
47008986
25958368
49439691
584483585
29533099
404409624
933352996
8250068
0
772177
1010010813
1043585103
907426810
6230289
464267809
702485584
9441800
25151383
340137203
6096759
1774917159
1148859307
68493130
1253056979
882011
8705288
388368208
235213301
685834550
122317
3369708
212010122
99963234
1214127054
133930084
347215124
160913831
65047401
10490471
129895173
137303345
577909017
2762080
410781195
904097771
107313628
13102996
305463173
3342077
27528929
91670040
585617038
164677311
312818186
39157589
101466749
408296017
1318819985
104470644
1254252234
295018630
614157892
62436638
8341657
377622564
1470560
1149049766
61609640
55455642
947501786
51108022
400750135
56903893
465207470
1993972
203949851
35640887
3768280
221692276
356344097
549191879
1603418893
1074964183
223925156
592412899
65795394
827377788
349688709
159706122
213190332
836816688
10713173
65368707
35554827
12102635
1391816146
219794792
401593480
1278198908
70963270
33544210
1009120827
155494401
1444329631
12323222
0
249185600
947386429
105945261
133014964
97145790
187345603
730381127
334511898
151131486
26648939
1038954379
103391314
360682501
1398129
979943395
0
1764408854
554591436
55952891
790895644
17747614
82122460
863267813
438689056
1559669791
362534932
170614222
615333815
559176098
1261393531
207376849
352119621
0
365152792
141537153
8000457
70891234
473876329
1134091929
120356262
1303752421
174123377
50601920
5951196
1178341532
335054383
51649433
233135597
17350517
269449878
112599647
268571992
13674470
849930334
175927563
686269936
247960753
0
112610240
122448392
21140045
17725721
5477167
9255416
179242400
670341583
357012010
79743647
142364621
70195569
54137539
84660776
73955211
369770771
199658614
50386675
216184437
431004803
230003199
0
23690212
11877762
23802306
1605913169
277149565
10657840
104592655
31412213
86854869
776215537
391622288
341189715
266661967
1216358274
661816431
50816233
599581037
20345904
10155187
374125941
779979854
0
77379017
0
66264834
639734144
145027751
524379714
0
292909458
362556497
155059999
427166125
879336806
0
155642039
124489272
56955377
0
609644678
254260194
197238045
1028071177
144246662
1002864445
1406184277
21602753
1258066809
57035342
283461016
0
103950089
795584
209847338
133649675
236999181
13171014
190212338
709401738
22117171
58970166
30794362
853589451
920480006
227848614
585439024
528242386
1480244237
835115628
902452835
694467717
2694687
183945395
367400271
694749759
867498580
368915255
747656773
14363218
175709865
134249449
539328663
359908251
367712804
383761050
2078873
786325071
708728716
197235882
390140035
1888365924
519457908
6647882
129003606
23673000
458144597
8816325
859543607
1113182011
0
1319758787
181681073
263100975
1193898146
1094109616
577761678
0
48043992
967962602
714016592
197541004
67466208
89049447
186926700
285144149
409190135
799741391
113272274
0
796744123
757610315
425341698
13825624
0
34350368
348440711
563096707
448493264
591274349
186412513
889710333
202422208
1407873343
37700531
206495648
1419042961
1486213330
18474889
18780357
1258052515
62660783
138344770
195859151
397087593
785525390
4086762
720486592
10514057
63686646
571629057
0
369648073
1554083
42162947
120950715
256283081
820296515
1809539268
593257570
15292326
0
0
122933741
56615647
188666927
30520842
878634499
73635334
10904174
0
13671817
324131716
0
452214359
7578731
1433276098
157978537
571101862
279221004
39746103
79749903
144815194
14912562
603188326
1423663214
476893630
904374467
1641788910
725512421
478449775
0
6066767
162554406
1623695798
0
1076143822
1281074675
348169582
0
167818012
823958607
704783677
300907860
133812363
72547109
345592060
1003401174
1649486953
811105849
6856584
832990776
0
778383680
14673194
1184713146
333686938
45760621
31319890
490449918
347247827
97303459
121406543
61130724
0
767961658
53185158
0
174020011
33414758
106316797
235690
301338300
852536329
1037850576
206902296
34227102
227199888
712025316
185533858
573801663
130777875
1442688401
789402573
52306034
296051647
73754884
580133598
1454037185
569738362
453972888
664183890
56857750
900775377
521474751
743480640
1673535147
141674143
1734038453
604895117
0
1117198963
1289434512
19294407
80528901
70790052
99752410
72027612
827102791
249980158
17935530
263956009
20425040
66113
561262744
703132785
2895311
621600420
912314324
2408275
1012054276
152161700
1519518393
353746033
19704703
221666366
77998774
127119801
421854425
423129346
17010265
771360018
459939903
0
738608530
763832623
1329024114
29205930
900538261
222224187
4649576
436285667
52965863
566413520
1550292
159693012
124387619
495754119
409475813
45653441
921916796
116692985
46909472
727970408
6731892
334465484
278770317
1731735965
349822533
105007231
1381046304
307728930
141975310
124205117
72774225
977886
832668666
363493125
42803640
0
1213618701
610714237
57973137
674772093
268235524
62372655
527271834
672443593
642929852
331733110
848955899
460373260
296301328
535330715
236276482
254621770
407643246
965521365
423781811
384466863
287722589
381277743
143428924
1260511787
173319014
1039512269
37501084
198177677
57184461
642104078
444068345
801258270
378792511
456885482
11583190
267513327
635362927
1497383243
792073432
959390702
959758370
0
0
537919929
110808703
0
609566722
51435657
68340883
24478091
288455866
858072883
188139048
125146364
504923741
458585796
992205178
1297412643
794090
404634968
0
73235100
1078257606
704280114
215615956
265903778
313310445
985166220
406338101
79735893
540989980
0
1461494927
546609106
1259763064
151278472
323836589
70188181
197570530
568826851
824402229
32484131
195520272
190501913
1109059045
589862528
386069
218710573
308334365
6165699
945053887
0
439362609
1458969617
0
750519770
84591405
24960871
1455834614
146958636
1159228165
675518918
433456838
919613593
869737159
588891502
1883347
147540430
528881440
17724544
1214118750
144155319
9121273
113090617
1787942437
697424760
17943220
699974161
450230743
587287687
181070679
1015750467
1017536153
1352951459
284387733
48869642
31797848
32925178
1204988871
431165746
18356623
147430349
1046662
620320397
356380253
2761435
64000290
237247301
1888177801
33996001
169462009
612307210
51780838
181891326
965043460
62234611
294183003
507447143
621706772
14581046
152324822
217041268
15188583
127758356
34739788
255193624
1101707698
672999220
149929948
98194462
1133023186
63647816
382477436
0
914003859
9390963
881217103
1388254559
706402551
196513198
366367185
409837128
362225742
89398175
55479512
307185621
1494105190
730185
79187422
0
11144818
3712826
173617879
84664534
308658485
66912961
432074663
714476489
11891142
3610674
194188497
590149578
169733239
338066389
1827813
937036893
60447183
166800595
143394648
398663345
132665213
0
475053175
502757198
1587529538
322403209
178096310
0
191122289
597436293
312253692
1039824752
266177036
11098738
226058467
587789802
246056515
415756
1783640014
1138358904
588053889
30089845
45661904
566733881
93274794
42176676
0
227627563
0
121094847
409489599
0
404619061
145189646
571531091
607489718
7098299
83853113
22803797
0
189895826
28717276
100323087
814808206
162271067
13193501
533751471
494120831
114320198
1755425538
764330480
1485787710
789439022
0
67685246
540739547
857669371
12840031
91260916
5348948
1014683742
219865708
156457711
30191782
62226476
19869470
38989934
1410175721
226911446
3872726
27774418
624283573
359154262
4079492
611432479
1415367174
0
345558875
65950335
1087936884
181313240
882563559
80412360
982460970
475803802
140417648
128390127
136249663
459239318
1204301552
322648790
1376095615
1851013749
618139520
145903700
304347161
455193359
981353800
421044626
342160300
111539139
1239968852
4397960
156682597
71776025
42147633
45474839
350253203
201363475
139958400
761551494
107994972
1274869862
422055381
0
1260762192
65055409
3331350
369760862
47346579
445390713
324675448
113568960
1660688390
230347421
1517333602
55227513
656086050
125995045
344813068
358135634
288419199
1219739437
986858967
108182984
358571240
142357603
18123142
221757580
85947232
468872572
596323662
19981350
79085330
30254756
191538297
1689377068
1236343328
916233440
153824011
0
5714430
845600638
0
1045531752
94546015
9966800
1393486309
144832440
800951784
0
540950509
115271569
7791072
138707024
505591222
684953
1081885862
22906291
6491686
862085318
14971266
36275329
89242158
390369219
179544092
353629718
57538723
68976963
266385925
1670535490
169787011
19066683
43886157
1546919590
27390881
265869533
592897910
513717262
526805075
216488652
26444409
109789374
51428150
935784788
12819790
1619270775
1370204959
306376808
0
3236798
0
125212923
657762282
13847882
265367610
84219407
12862429
30594
252176380
645126032
769600911
1598530
556355
110383853
375259547
84709895
561741347
325942485
190887976
305742320
872788560
93131442
39299351
909570
879126591
244471746
5375193
242340358
1867669742
1525220635
64683332
0
49414470
510558468
893653829
241628476
84338068
73728954
1191666331
3804235
0
1119844966
8597041
371268709
1717566
6799621
28388352
1545569119
192236702
1625366004
530150416
5736136
16265871
309579907
95145367
95369575
206677161
52012194
1463825
0
857083075
9925175
114993600
5149423
67600229
154657023
180274062
755468504
105043752
325352123
0
708788187
216495089
478214006
261428083
12180658
124339563
271497088
71697371
379749837
513732465
0
183162596
43527018
908709741
41844821
87291766
38415301
0
345417180
934934154
979939257
87507483
813658351
911690885
273641092
109164785
1158169110
1900765
28388103
705881300
369011408
143247123
245947935
349684429
726286047
641506001
755065644
888505848
32309809
304473092
858805514
90550049
1791082110
1131326154
91145599
183345165
28012688
411025469
1164651194
190990063
1012635
508080208
0
1327896640
1225865589
331682386
912217656
261044065
0
50632929
49550495
59277352
1388974791
39020695
95448242
173599508
1567177
62643006
0
237152855
825621149
232101539
1417289439
38938269
0
1099470125
446401320
163961995
134630651
139232933
91781230
200422002
93025695
1050956488
689917568
152767500
819988329
261235880
1551944280
25613420
235832064
2065949
1031947850
1083753458
608961560
241029332
23691416
70438240
91666088
441478744
1572334737
6146312
1582212275
212132910
284786060
234136318
31824972
117489466
668235
468952184
736943102
922245249
214530834
490188963
193405282
411613646
302834995
229250824
80367979
722960441
45283846
675058247
173975793
306864274
965249892
1233409719
777778748
2771143
622166165
42172091
349303269
32760112
398460503
420858343
22131882
1708779213
73255524
12413153
734232436
385263084
343394790
156066261
345425191
82302705
140860686
140325967
525393982
134247102
951651009
293952238
465078694
26452257
1292541152
2203712
3393293
827217822
131615095
170892403
69653119
1491955385
154576227
6970412
61184333
1137682452
39369026
73285137
51003347
762365145
920198661
85093463
0
85624417
487565530
1181010247
260672054
303678
660468231
975196321
4876485
291311457
122848785
347873183
37336526
163599822
441948301
26680958
730768840
410448326
547702658
224234933
92402435
1530575253
556350374
250631934
180947219
211615884
59846309
552895410
391945756
658258769
47719103
22400228
849416201
292539916
195137174
1376129926
1340789023
0
20952249
1184847668
230372469
773739450
65522576
1362290502
634341272
36069758
287098697
379914941
980807005
1023473890
77756262
0
34545393
682701881
1508468662
629951954
447878
15544351
478935220
138131542
743118658
117812002
101601839
1107531457
27447690
75894587
178209669
463638794
631371086
0
163115831
255995468
216504563
702059234
922237111
483832825
527929756
111579062
140710067
3788581
1350632887
378586946
899882916
895189022
149571820
261813227
28195177
0
93342313
468453500
1065675006
374404592
76153500
620575614
231009541
471588751
40904719
259888260
13577019
50137439
0
50650455
394862328
188234974
327003
18886185
34292277
137239667
924530527
1768184271
1346142752
750579660
48291942
1327725375
116816689
229412513
60800421
2694379
323583568
1288001372
365324799
76701482
288184246
276527620
840182123
198278211
884991867
576886632
607239196
208984072
0
21769105
145599765
57614987
326129982
0
141593026
257637462
1130793991
820498113
946619580
0
704150315
81748051
248133703
171723324
326866526
66563069
308253814
21405894
288945702
1396585133
298752738
1530129785
11239047
585941680
535751818
141238869
260884728
466987739
3519846
432828330
492112022
9992695
86760677
843831009
87846045
1911491930
261723793
219476327
16840594
128854275
11577672
1122607745
152399537
18445198
83495596
94474305
673425702
55619048
1790236987
956023223
36564945
4672428
543178
1186973116
47721026
77913523
1444033
692179891
15738330
1762489
1319140290
1033119728
282605420
606736093
288920818
253799552
0
866304855
482202037
395308538
820441956
36624535
310670383
95024932
1065549533
288668834
81544551
29885227
582323274
14641991
17366338
95149407
244348360
6023801
803349637
1188818261
953833780
420071887
620866834
103891202
0
374601755
488813998
882056350
549377746
5569739
760338855
379434786
536871285
471538381
791779444
293341823
92904145
364475559
304875778
0
175214482
3114297
151974805
1829074
6076719
188703788
1312454663
107647033
19488583
276052062
27775243
0
1043019809
986226010
158722737
573036527
84796519
301832856
316694614
673838206
140585338
345772274
771238143
266047263
1559937876
772247178
6391734
0
20351312
128450093
81330381
16822292
18840049
262863703
30187818
194246715
1513803743
31753340
42332776
1099676740
128078684
3645495
214555895
431085061
11616269
102702726
1372932708
71596112
67359013
84545878
0
50169385
807612412
76333009
4802219
92762169
0
326872838
35784865
60587070
25982277
484721333
154293535
1846544278
86472967
0
1088238503
706491881
9859480
609552256
273970945
65349250
244199591
18792408
232295864
477912751
0
173984531
1089707036
16253165
264386507
110829212
63095417
160902418
43947168
783443913
630693990
233602909
837041615
57691865
415778156
36971887
648894888
201646836
3807231
202462591
1340701937
312674234
69680630
6927008
132157349
32525586
1038484261
232174491
484078916
817899099
609973179
35395067
563753117
36074043
218292439
415875128
312435741
15481305
33732373
165422007
198029918
186892909
1562421
29040512
697990121
868594983
73867989
876584540
733872454
313879066
325680164
0
0
1494317546
424026724
64132995
1148671172
346494959
204586101
91768765
439560463
0
0
711031261
753197300
72795236
215976057
10091320
7814112
10360849
819021377
451458466
133788273
606025056
47800816
225348339
973159242
955549928
353117987
1715568292
696657108
619273910
3156982
1479110991
70660778
168641666
379530170
149925625
221158143
804922582
0
98349766
836847470
103122162
43649713
1518617484
74307781
281653231
1113673239
552385971
581712
476861852
295174260
1181192205
187571872
470497304
99613845
211344981
128069039
303687578
336425603
277213680
1324186
128411
290738465
599004870
142508210
0
4849035
526765343
988156343
156121484
724107422
65248426
136762848
0
1368541712
5876294
1234947454
331119301
975954989
3241144
0
340330645
52361383
159460739
860977918
156019277
589051054
398649035
155919953
3354070
254524807
27731581
700642203
0
10796163
265943351
312433461
1030366831
1040435
954994043
845568068
141530955
714299826
16614079
189935785
346849312
768566762
0
129274865
51045460
97117964
295042928
595933851
196166679
673963191
1270411096
735237679
2796589
366584316
660975696
134569420
14580983
798165754
289447262
48918890
56055803
575425669
133975716
61418774
19999379
324280558
0
836264024
36013424
155220016
240538433
38803368
543677290
0
1375096160
724359233
174504531
10612421
26218367
239732871
9946914
122388724
719585583
1395111327
760155465
74172597
8723050
495290091
404787
683600282
2964822
949635651
382431
1247984592
120792824
189951656
67976333
617861015
0
362851363
120911736
348387779
41462299
137603935
511255892
575466209
426370693
599432500
741872830
408009779
4994160
223239843
591860277
1164198191
39024501
481705747
171354275
29622723
976393967
331697150
787284689
249047507
259877076
1207109342
19251449
984004811
788585319
272767873
67838855
887324366
835276483
430381632
17346993
43298352
1022918190
0
3497170
2566886
95496682
1615760494
503094074
64440270
420876817
1194184890
3845036
362100332
547321727
48513838
137331219
925300569
357428362
198718883
0
217359158
226397134
11142981
6535710
457835340
791284522
7224698
32190316
589418115
491748452
990158759
267604035
907317871
43386627
126978309
760928191
338983732
0
422386715
245913202
30268061
370098438
635036796
70132159
1283113372
565583785
0
723688531
96742
89653852
80481616
1688297811
442570030
1282849582
1899841432
103370535
34819289
6917561
885256120
309969276
339680731
233766834
772193004
944483496
507271211
198232800
75452738
71599537
123194622
131478952
0
0
743478458
448871417
138760683
32004401
360259815
488461471
23501204
1206426235
71779575
466367310
172755114
496230
54349897
86263776
745809210
117715784
11693641
357240136
0
11898622
4914603
170646422
55359874
78611071
493849139
230826323
366624216
4408477
12433179
165799634
315293435
1342309909
40688015
0
19833228
108446242
668174724
49119783
541627199
0
54605908
290963290
1538449067
468302335
0
593708410
56761528
1463548494
83800588
650877732
346637642
330959833
270447926
11251154
10539001
1351477686
504693090
732023394
1396728421
3228294
360891525
211083208
100270549
745288463
9501999
2500657
1487983687
1187762069
85534731
83797720
1151640917
61376366
1805561975
981333849
5578684
4113813
442267381
278106988
5412113
823326558
30340175
497378351
448013952
299787420
0
541215997
1077083233
227290108
552512282
38151167
924218905
889658802
0
803165870
1593775141
562355515
1023395928
567107064
30403680
276152113
204370938
859481112
1005782428
103663290
1235002160
1400014691
1559874115
83098387
68542595
1588710763
608843019
479295225
899082037
246855920
82081475
723115705
811841539
74191348
795060400
492994508
71519286
301144005
0
415461320
953759855
577303740
86200650
338950942
201834856
125366460
591092308
227463860
283251260
348814109
503657834
0
57886307
41740006
1660942456
252549965
80432004
379007824
114985562
1446350513
40217803
206836405
198877418
45866235
561546483
265525506
119810465
10172418
15343007
27819345
568732833
264635629
98651534
124231086
2067294
2536361
1499927863
463755421
21309165
794900107
39409409
18120838
312411034
8255966
327764686
80476830
58668753
1587053328
106970088
221023900
508485307
127236475
912805068
150260742
380185334
312972219
0
0
1999996153
