0
15
30
30
45
45
60
966860739
75
5485168
90
498799792
105
261269185
120
590717461
135
357724464
150
794226760
165
889940952
180
841259094
195
233653444
210
689164033
225
360831810
240
627716590
255
192741039
270
728030178
285
797951899
300
703150862
315
377396600
330
484194922
345
119266858
360
518881081
375
164678259
390
871208632
405
276991836
420
168627765
435
775371593
450
54726272
465
738841302
480
194076852
495
512164789
510
509886169
525
554441707
540
41938369
555
74221137
570
559367482
585
651511544
600
475190436
615
634133126
630
650640625
645
658184619
660
446258113
675
950546167
690
414110608
705
513572449
720
4429060
735
518024795
750
841447745
765
635371890
914769260
280209068
275434815
91060906
951168039
732130987
9983733
690312101
189527683
163613758
251529031
315293454
979916565
88122301
371691744
368239987
804415215
843807273
914086074
373242860
387784897
279574661
631856950
745071133
386036973
39757220
640875474
992765668
510695737
772290448
847295683
516914105
6856987
82184145
160878787
442479727
856740954
156198067
523685008
17479987
197112030
287275674
249957798
202699215
914433354
705036174
896711013
573234695
563524979
505026273
530054319
2084180
997895298
750447905
95716126
234035608
395581790
397828683
95963126
827013101
58728408
634691972
721143680
178074881
330138808
103057792
621773737
931283780
863748358
692910642
231801725
281249994
123900453
300207306
445188193
706540001
854893434
888114577
900907610
74106648
138232473
205722789
466625737
441408303
818729608
994760008
70840306
677857121
110144898
16270357
853129228
191631744
153352029
39692715
131728515
412940120
925898206
287566473
473190626
109353573
325240237
420433003
53347528
465136775
611293413
978398047
25233770
54511678
283060509
191191665
28217293
248102441
909311347
898214973
81207465
757715640
35966814
444179973
862478292
770009441
923004015
946068855
257893140
467027651
122530074
246012521
28429036
345307680
502348001
319036365
134269893
171562241
300283290
251820872
56835547
915548640
516937361
341493457
257322487
937086200
783295961
714363337
132513427
314763309
791168973
986142333
710177201
721218545
117321945
160387100
58004490
339346288
326388568
755192417
558688338
654313280
711484717
148146667
997560457
963266532
890802423
430562522
573511931
535860345
251319666
269904766
989782888
77539726
230724958
545440001
899949562
332238346
783254435
167202476
572577487
602674653
128857248
134189690
664276228
188008486
235744966
559700055
390253001
505200294
426897106
223459526
916551855
199135560
893369433
280499180
101810565
169645027
756180399
895612168
4415994
170101933
475430623
895678820
421311427
266855456
354981043
236716117
500055920
732852575
245787894
193919598
363073395
504277882
899335839
414080394
320879806
83884954
351384796
867480620
821401751
906869939
671118808
924198862
325228198
784325548
906640228
636932576
670926787
262353551
127623226
403497251
111911383
39257287
961708335
870130365
638294415
74027715
970227935
415154540
98901283
562950714
519709494
238934788
291527201
7363142
728458010
556579023
305922526
203340631
129817935
554740886
782198368
519935205
849247447
600713758
353353205
805394219
680413914
62402295
371521708
836291855
898868876
30931486
40296907
465103987
841064360
5389966
488133058
771684564
197340641
690490305
743143580
282078954
81767523
941236674
719482573
607699434
232373206
410236588
357473214
895392354
315625379
630262674
764808015
83247991
338090383
417541841
548979135
893635914
27752604
109012408
510160348
831171980
465542067
336503441
687037434
582759551
954637721
519278865
178770765
424268530
138271031
829075537
329735801
958175527
860979637
485815601
290713258
973945215
189356544
168848707
307597734
307444359
364629935
326195994
21249091
132085747
483597176
466287487
131787112
586874026
929798793
41814315
53466489
415836637
557512975
768456521
960439365
457749551
432975667
668494727
658517994
225493815
346771955
716902696
59560511
158623066
384934987
195639980
38537760
311054711
51027487
939269574
138317878
424003494
378156733
758200768
682979023
37842142
373161436
694798975
447110973
957498255
364960730
138570388
69672451
142076332
356715380
580126809
51860111
720820258
936692467
999721580
562967227
810048123
381083201
503119573
709916930
383512580
696718730
785556427
785468415
927810915
958710148
818265658
175709793
976198119
46369001
541597970
341905893
243550087
455067752
756135498
399705236
627310215
649930987
833618388
44915180
75179426
856793437
481587453
279497608
227736251
405731160
266863239
111984390
361360267
16350316
315048301
88756633
133701007
107680228
907336473
498531133
74932580
676583850
902552853
636766
711733794
3644323
29837771
480505747
183493258
217602015
57108401
420348813
314465900
715431148
765277250
983397765
46835480
108518180
200983001
395638893
388503213
94455911
673722772
779350001
202740873
237111075
109818753
890693801
277149526
570134917
769723121
36855838
213235794
641409723
176934444
471077198
339306213
156596394
397777843
319750001
396950437
977224989
722363203
245260168
592447413
58787090
217414752
350943676
477040001
536131494
888521689
914596935
737942146
359864046
43247726
199667008
875933302
409781608
835155483
631544758
541801897
749753068
21820406
195064880
28399681
851769980
371675008
391070848
204191973
410466487
21591285
884844847
753861508
750615405
588652648
270963090
143204394
412024438
684642114
66329596
579719973
428180801
423236135
413716987
800230404
669692002
152519638
142750695
871105601
445394212
612676689
131017434
467118080
955647935
494828408
384744219
244053883
199572802
879317501
836070508
588345188
753002255
152068451
436046326
440115024
271169013
400887268
467665749
59133401
147315500
596836382
906802344
239382187
29922568
70126130
613991243
241922962
734393441
97584937
983799795
691345018
933462465
851132994
290983339
933567487
988535613
615182707
816336358
343970874
943004188
472932508
795366015
302081683
347898723
121434083
407238649
662236515
511330445
395993008
119663266
971670521
190288336
277500776
933638030
994058490
989274594
851619980
680772783
4913917
881401395
370205261
922262373
171612723
172455886
23644672
824150793
326271508
808018135
105837508
325426650
570885633
924573112
792524493
468169580
654538590
836560533
37256994
517528725
954420174
465011368
232749058
395453176
428818966
909783862
858540540
507374295
607234095
174051691
17216094
16932217
941284279
385527688
133932939
700174494
490771665
371646661
247395735
41716387
340674575
185677119
591328177
826541994
202749790
949277973
885508687
788611087
395186823
760628688
612812994
671203355
733671719
401262480
696317973
57680921
396618251
118931613
497350130
267792731
726945600
121864665
151831001
247319947
659416280
382248350
355452161
300684787
485098299
602014074
29529423
296500036
890354019
336649987
442055448
867085003
989233580
350807728
99988987
630074300
419414728
139018760
586215905
730062401
983090527
540658338
354216809
867871998
813508425
398032267
572972973
201050115
86683074
92156107
440577641
450767757
586277126
600945412
277203058
956658487
391934874
909614538
217208767
405049914
150842326
695959515
716468469
502080828
211592998
628192815
935207480
748751720
488516115
100481287
727534460
446769219
870677925
648209338
954750067
617934476
987749994
755976208
778083618
678901580
165033605
362581966
123176188
476203398
716066295
357291048
86692065
876787267
393899493
367312113
723884184
23406937
154719980
657181126
165314737
610076780
940399773
327582697
717521775
562806741
908351844
21838527
812922825
886492550
267959490
128067787
466185373
614565114
483479341
41773194
170976658
292952986
609772301
677211723
863188693
388381580
981540174
304763175
412686980
970520002
91416646
320077413
975083535
686689001
543258093
557941483
692618797
209784658
388700565
488901810
86863687
953245762
506692119
354304435
659328112
523080427
69186915
670187994
976423258
839840180
835739008
563126420
472110933
723518754
108610096
66082869
824529980
692814
467328701
755288291
350439663
470018398
404336062
133491354
72088485
252832580
175192473
744358730
835728144
772100774
780942928
888557973
557322078
646640051
235928694
415314026
714027502
362446095
773210051
303134175
149678085
72694719
413034328
294253541
329673123
284691573
477582761
164796256
110686040
644424453
700580971
942743420
242536903
168794400
395848134
347082375
58909735
465249886
288433327
753257383
82304598
485449580
927346507
629172523
812460853
917499633
892312550
96658216
66594401
754094835
71744994
716218730
835494773
287437044
894566463
425420608
574376175
516706515
691640728
346140761
796124480
286611916
510287351
131616641
390189466
714054915
384403173
55653637
15788716
839185747
413414330
235300672
639493404
163605736
732782729
647503173
261258541
360632265
315096283
695879580
640479294
501338651
91797791
406848026
170708673
147350308
973306418
778363215
643630048
656856862
535077215
262159505
758362815
89998151
951443004
928484973
813441573
473895448
126867847
977294381
174238044
151363858
605028855
471476866
693120444
204326060
234144151
71631101
90318015
200201758
547260883
160128723
702200238
390184293
266301198
182129895
976719980
859912719
494882081
76831387
643946394
955234505
118164886
624185383
219542405
796985141
14447041
736643675
453205987
639216641
642031863
105529194
677081008
2207936
241873237
982329070
976968115
2565015
146658436
459194180
577410950
601480818
593118765
440497254
525083651
973277501
375871085
372306294
522582952
549264515
157533328
110058701
77126951
603144787
852650595
732450178
212742202
619771694
942566490
919207569
530572316
511936014
727291100
297077026
783229194
45268742
192062548
820637962
527283208
119043855
621185448
143342786
537225808
277127103
770380241
48377598
996504187
334145381
459097215
867546980
911416215
949397728
569165276
260274148
745226636
595375815
88382373
543480380
55556681
773903133
61535227
478379566
142401676
841651173
366876932
253993533
725676771
358682538
821575344
520610833
877670244
954650835
243500780
559098787
718580865
976731958
485156700
986374702
666725514
574427330
765373198
240339573
610544715
523348794
125908481
904883698
251702801
391097600
60357251
507403131
140062473
35524788
184803873
235930140
111770480
744782051
509106474
837627774
67495001
725858758
358496300
222861101
20738446
723557973
461155928
228307794
638241755
489587677
732446930
426672448
115645987
826006434
18372723
845561257
882069114
949504507
704371820
516747143
626332220
804250867
404814176
690244084
834901987
632065914
386079980
411617587
779692698
989307980
989117158
131275612
165561112
164932951
17277208
362877166
537116244
210735684
240320221
650113623
323930163
121089075
318155073
139215680
828655494
81690999
265907160
716034438
752278248
316998159
729891560
304480546
471302090
395039313
162293574
233090803
862927505
939510626
59326537
18097998
584851571
62267617
548035708
185722781
928839667
502614395
870273178
292067300
871031223
172421394
62896438
98980357
845019665
708107745
538608300
745242495
28220512
535769908
206050189
590206762
436476678
966139068
579183173
596316680
550213252
355421947
648723027
933636915
803399653
849785835
477571721
381412173
664862960
60356973
279173861
598285342
118296230
185145271
613465838
918849483
778409469
82612582
472926022
760161003
494748980
839584365
593762973
528639594
960535674
239879823
59462336
622274390
161777673
377940851
197035545
717706659
748499780
250146166
307806586
240690311
877630826
661404369
728427594
955193469
370992641
631783580
664982383
686368194
188516287
94385797
334203356
688848294
365390905
120224585
506900501
947563215
967443870
886455508
250333275
776041601
676603098
199554766
310610985
330076400
132928306
895825751
389267775
185219694
368883116
773179258
950368661
962187521
20755378
932929601
909270027
805652154
5209747
950886808
73833594
193987
414813980
725666175
96720851
923689762
623739534
949738859
476000321
360328460
464316915
437134344
306380638
364312666
903396860
605403410
157149781
489619695
280339323
226483560
551036160
383408506
705074994
282357333
857142478
284965708
465643890
820105987
452818205
943072001
863294583
144752913
617766714
23288425
688379077
748809208
864410640
998226883
377506666
302818001
31632315
389300467
812884155
839828328
728087647
748161753
930160925
129307117
80483319
366409027
26037133
872708244
754175352
642163048
383851411
567690034
975438840
53834336
30765725
537868074
256682880
912603208
275454484
684324513
29700358
614782280
706894730
159481093
70771313
493817651
494540295
2556321
237998227
708888658
380294716
8897566
327340074
355886970
443605558
314005070
2209044
33607905
693236973
944860408
296821786
833333287
165998383
794782205
132434826
53110215
735598614
231305221
408319353
380493980
526249965
216972217
668960844
934046728
614374164
683208219
159742108
475770852
97321001
883911465
484437472
994154407
321714305
175163437
496206821
238415994
760144515
227622162
729778123
924886888
226756553
438485141
936649955
529596667
26610995
80035674
76814105
992980215
178290915
646383041
728585126
555525954
113558386
641583585
620959462
424220041
245475928
846327483
987959373
658804660
910845369
236665108
610019591
227052508
281061080
619063597
388485686
284899730
840579860
303530165
450712764
618220612
716402855
482400632
501650887
510665111
748205008
801436220
450572902
458791314
762102320
231325846
820008322
657141455
931973235
355024398
426476415
163180048
404198861
999518973
488569665
667713855
205179352
426915560
759070624
504302158
199788451
155644709
42211533
94715358
15871966
148231237
272146571
534630375
174875488
117499961
770595787
981774333
199027001
158358221
912092964
481120408
905211800
625959585
329677340
636161827
268715083
875923215
96044758
697014731
647740974
316053761
708843948
78436072
120707930
711041587
971057448
235202403
296231891
512244190
656280080
475204481
490423571
356288983
527030055
136021910
228291166
993596223
103025295
744842853
932611001
837031194
919210998
230088817
155766187
816401468
567301751
519588412
367949394
444584368
43894096
726377525
120166806
972338100
445144001
387276161
867376436
581632355
941882794
829494277
64248553
30031940
74120715
353866033
455933673
672707141
44751723
60990324
431816956
469883985
937208688
415873706
328258194
213898867
701881100
183674079
192797417
304733880
244759987
727858494
900887994
207422394
792231570
760811411
711437231
88842046
517000601
112383585
780497073
597073591
681953728
764167987
181971748
969824008
486403580
261687337
851667733
743022165
952759194
869639094
365586001
495183596
266100766
82137925
205549966
723123401
263513559
349283994
563776001
886876490
336600941
920103281
715325394
777643258
921438945
378532097
621667215
551744864
806342394
605947694
254525373
494535800
12026439
647364519
774153928
412693803
128678178
775543511
674637761
971250140
266708326
385903612
296639060
907897687
731854869
116395708
642658820
137070605
866155173
313484608
965209301
901331636
536327426
180370951
489857514
577040668
607421253
215825896
719695224
681891513
904279175
934329969
3280434
637635755
390561873
718430090
203627458
797686408
285126551
547490540
20132470
669916423
51819555
878421435
905337594
634919973
629941998
55758851
205106146
787701740
947933587
257531334
213107531
979996001
461760315
832424780
229038301
746758404
205293733
199857950
832175994
998549733
210946708
339981335
28632903
762510650
380718594
223638358
271001876
908130198
213622248
474730220
852735941
590778988
893120405
42172083
474607280
538548298
87422023
231359008
906541850
301360201
555102461
418334747
712178705
787025790
136462794
615492821
623259868
851697990
152572901
418377015
51425973
373003391
894345980
630948236
740840655
663061121
17970338
942937848
175912419
780143126
46511750
255018161
653507848
874862655
275790800
154453880
144792843
436264132
924329608
594236938
349216670
310661587
333598541
255277246
322215490
719836751
1658107
160118083
471802758
971058988
603478046
302773788
756782545
152223086
289515371
790929980
487463748
693059973
121803626
795450714
677008537
477941733
356351968
562739250
705485983
732554883
767859380
897150063
896398715
876978508
724093180
956418778
20733037
969024637
816085704
102483418
228630080
984495253
209446126
554136140
493539813
156292001
868743937
558137715
137169984
225171413
347189593
780532419
446157195
371765130
397451154
342115224
323242048
379011832
385277668
554722393
345639510
917372008
663966969
802531848
584817101
824455869
312703093
262972194
954095758
649749830
489994815
896355776
392002001
796385853
243135196
234827501
947844808
320296432
816425394
880163673
634320037
30381427
407627296
44070448
195766700
216776628
245432675
910055180
15789836
223796773
598679120
52396100
394060241
570790612
867361196
538176980
468174770
3296133
878046262
691617948
308029447
474129742
330635632
227521408
51724794
104077119
506489994
84726516
513847916
304328968
488809190
594050844
564772940
356183105
118853994
561782600
847040563
902922213
746108801
518837883
19198066
646977251
245036437
391007035
182391729
542613
116372480
78895680
976818193
97454174
603386759
828385554
306920062
752625303
450447016
471403820
190705125
951238740
799264177
147277987
824027501
387750401
745258068
377404815
15239701
970111215
248205046
208857921
680207527
147425686
663927834
405864988
392025615
988513730
301456338
904979094
634889430
804451995
426590437
390634031
700267173
273124355
808072153
704919860
735353608
44405137
763013354
604081080
637004625
867597140
310162344
566321083
61502218
147788587
16287281
280293553
362340881
281668048
985923820
985546357
484502660
641810795
489389107
768279648
58867747
64736606
777029208
360161641
9484186
92785434
395219180
369841269
523798554
216966658
528522155
521967131
240801187
368651265
740524248
49230967
883128354
993598140
527250690
505254112
788403873
330502430
445682566
144105241
645946670
351529415
710383631
967252880
167559153
416494066
992867738
373132436
121090365
249768173
877967844
513525315
924216800
519599030
220023427
31396350
585486855
397278545
414446512
671702634
924011827
940261044
286625660
397135755
94115651
303093028
770796827
101961928
621956533
353519086
708910293
963232944
193645687
115370973
282489238
561395904
401896483
146822754
880649798
154653847
122231128
31719543
826010994
916584009
533606714
969342453
432159658
55863761
113193127
834166905
910796823
17930323
487609215
29751257
801075873
217756280
210600975
581233166
719149601
52867070
606876148
764362987
783373584
767797402
754404412
159842874
189610333
601996293
98986773
12521035
929452623
692410164
217993708
283467907
357109216
880343321
579424833
351502095
717751987
971622508
905796951
242982466
278354836
321113640
706118175
958336173
280492001
957779051
360713375
36855723
306819713
556419281
807612343
63692801
498723015
6716790
978207540
886254431
972623426
323034388
985531263
519765513
294844725
376871538
317636596
378351680
330575806
216202890
825421415
174943254
651555974
920966394
628794375
438000343
881109594
864119994
275779160
553203740
345955363
333765219
615242693
953155293
800422451
909860499
617156480
585192380
499478133
96120015
341465587
261007987
488894686
40408627
453406569
533229386
1987336
47949500
711193357
900651684
666449126
343329969
806429060
69072247
76577055
713532040
852195508
445972430
173966938
938644001
659226251
233091333
717025314
840458437
933317669
441383326
94193021
56638940
296385731
750472314
31903434
873831523
425040500
436161084
287171908
321410619
76696747
13096661
547239508
542792692
515304015
618075015
342656876
599102480
670887375
428539408
276875931
785947543
661078978
261188130
444728028
727493340
406980345
533968867
163827255
949140748
140152550
645939611
656656035
580632123
943388274
696042982
303021208
488461048
455777128
239319015
861361254
176682615
827662074
998809108
225389981
935608593
498060808
996051465
441222916
723723329
353414008
73589664
250738053
540765125
194867673
123140651
417174787
822800286
472639237
706633869
359228201
877533800
317255649
457521380
136225966
26809867
491231632
172654961
911319093
861717444
622463994
684193207
640147848
680570754
7942006
396810161
86187615
466300901
612374994
155411180
358909246
655239519
484325051
692679969
271836808
29132973
381465461
222012371
632949774
242168394
860331798
769806457
807989124
629963428
830571950
340378430
658605605
351188994
848927077
324289211
345502207
640285794
99274966
138469275
912686781
708816725
617281869
791433954
912500795
955395830
831945358
402013687
190930856
569950008
631275265
628472947
716218730
615907001
576519268
935317801
746745320
819121003
473466146
491144769
224476190
67519413
945786438
294602505
372787269
573958233
345117455
699298224
645607648
669259003
61085120
113345385
387757449
243722365
123122362
269192501
39125619
318104964
91128890
818200001
822054851
912002175
805613428
934724715
432402526
905198908
665549973
778519326
290929888
109465473
180488872
732954037
656628423
236031521
550691775
935075008
830299087
928977375
85769994
525157299
638272858
266354971
925835898
679475373
569442899
653982594
206203955
277899740
502818787
657380280
186500437
885730400
328141233
559232780
75990487
457289623
333426970
682336314
943738987
776800794
419286920
869019521
274059680
876553100
278439028
665799980
816434767
571903267
738152349
429974853
795094293
598964060
649904930
628217638
58829566
344695246
958264254
868824600
3780476
24114980
317406734
304987528
33713104
107037170
706798708
238485178
980304620
482738895
880386590
973343700
202467547
278070210
117047641
989812143
736218907
563078347
619245740
337594450
640126241
547936496
383635365
380858257
938339141
33502920
967072344
731385170
620180180
51717922
465774980
241345558
665902469
245816236
313783126
873862173
193410178
176459608
701064933
859831605
746827138
900522315
874127660
757500969
317337658
361612773
487530491
688351807
425659355
80852133
904172247
386317721
195673751
169364501
667301638
381283385
387567826
177073194
306794587
400037158
425700112
929512852
301080594
10274793
277370019
706455380
319902808
689228853
41526401
881633745
38391161
284189295
709563808
164407297
962334682
261441106
605802255
370101093
285067027
84122008
455593246
298956573
668352967
750715001
618389480
995483366
111234076
861848514
87545227
470842276
274079201
636132320
696248298
14394911
102299994
850748193
579785008
521722644
259334731
840018380
20717608
989217281
458569106
1810387
692690448
203422700
309360423
520417048
710318814
284508085
663895695
977079388
564292918
178046763
509063485
698996060
633246148
74731848
571722015
956251978
29535354
958614753
317917846
341208736
240662638
709129869
312290334
850666
91471284
275354298
775080127
87290619
263372008
771002002
611975990
962272001
586946895
310222355
117382880
772839213
391176988
803401237
377607116
125499658
173330846
425052354
423754370
425418369
242015205
116762415
882590808
146675133
629549805
340954845
664798284
286351141
349329045
71466316
569689151
785004635
999263973
431369900
407281258
131970495
407379916
381814387
261126658
566756467
476961547
904944735
698987812
399289406
447843429
440327893
911659720
452208768
687782501
447814174
786054673
686584679
172614787
994182767
935773147
494697624
560725695
199539187
667956508
390310366
597963831
27653073
816676348
58147518
882133914
985988227
941144292
466390143
696928331
469656735
45908535
400919220
350996246
385764142
434756973
739951542
421627486
390739695
118898733
161222480
504165123
566046213
700925883
311843240
723633701
231392668
242730686
189288664
326596361
39732905
531467450
346402087
903560008
712643439
160215594
164123313
723576338
804100627
910475726
114765618
190637896
526149414
871966387
374436268
626604729
138790095
836974895
8703140
260869194
962150394
233024780
900789210
225395330
344032006
162310078
300612367
793357687
520495173
744040783
576047608
596957561
586673694
448661587
719506194
569314575
112444486
221861589
952257123
677051315
94760660
205056187
495964987
605456908
118375451
466318751
118912001
623245031
156158290
831935634
744307880
628534387
656587376
322150366
745625876
421354393
741738178
577138759
343125208
957504626
324342410
466631193
698776473
312488801
673035877
47715958
769178471
566266168
586967634
677623717
296459535
214004227
233018589
748860498
425945313
894304957
496168914
144060166
131924758
52585280
635233623
309963731
428346573
152483608
231575214
743028290
467131207
459466198
31648689
848628993
593684430
651842670
871696237
873916983
750072755
534537903
849196896
85942295
903227769
642295121
12700794
121113798
507068051
560356880
969388802
974809923
177252748
61838801
336861333
17745889
489522247
651066855
371010765
658376265
253452140
922044273
543312504
429688602
782262049
837664528
551583026
942619087
980185747
436470620
318268001
7577360
144777701
687709987
853943643
833530915
543410295
956249385
474512094
596165767
34681646
117072187
226836808
545008590
282773994
874598060
424258301
733050714
673475415
910040512
25389208
43749916
586302307
987578401
586411205
832739587
623844348
241825085
187296534
665315874
905104451
507185008
821048855
302438092
859226342
255931580
257529573
663052815
898089679
973325713
665243295
961573273
267697383
219020759
119425955
54058126
782271808
642342088
898307682
874230626
172936781
901093687
865161723
907284015
131922877
59668147
606783183
814018455
530204574
342049580
71625465
669314184
961481478
158240655
328403940
601809519
473923215
390825813
922624734
806558986
779088374
589431851
488894326
301915987
168611825
653846008
415239026
690894996
903605940
446998226
111281180
936697001
176176333
978650073
995381366
129020214
562571973
163025561
645976966
62350558
874525987
813269758
152666008
655839341
99462230
350540613
51657538
612160268
792167775
543232818
976277994
221192833
166140213
917135115
690951000
850656769
539660008
172810040
473500961
596112936
457456612
177212107
33219058
334536165
991506367
63481293
362569348
458679573
264243176
282024667
317297578
734184841
275298146
406970008
188644174
859339760
470151667
619518530
532464307
793888888
115283116
933304794
714018000
488506554
282788060
13490418
910258121
210710986
452543973
48543333
53092494
567838563
635495128
132772044
139159593
899472193
92017288
64044975
355213029
283306987
148393473
311562251
357135401
261859121
976067640
220043994
294145863
477474928
858307136
966356780
82980369
232265008
640281966
165120487
617023768
884130605
829374568
97106841
780246412
400166898
696579868
488455648
574723215
740748198
154471314
781089605
345536960
448501935
689129062
416728730
355993126
150425973
938890378
892889488
416067090
31636515
567245968
910835951
610782765
522913494
342661790
945676293
875927407
149757465
676935763
931434303
822434394
55259535
652019801
351039221
715664493
686501883
481941230
765650840
745402147
639958215
509294527
378995812
201619173
798988613
148868788
809343290
293239875
61806556
405608868
771649664
23582373
737127123
398392506
993239775
441607526
519633753
437280975
818145954
282062960
549880627
249713373
411171755
208240651
572580828
235562480
968128815
341463466
96336270
707815408
253219194
737414355
248558707
321606012
889336807
826502733
126936159
557415
518884678
387039916
745070595
184229488
146286603
287425700
777564620
258565351
245139122
644096098
412844968
621403580
488215612
809328813
906095655
34188255
523460390
79164868
722678262
515615081
303490966
74991961
787483119
670480065
828800073
443074122
682220428
246829537
148175201
429645251
729430580
152417317
451530058
533570995
21418387
992231385
533450379
51644693
912653973
851862933
515340680
67212101
783112001
449464398
111029201
183972251
178437870
262203766
1244994
641985787
236195913
48712269
805466488
4726880
86619553
221296361
626886101
113746215
835771027
898672781
932959987
468635585
645456926
985396048
469499172
731584297
355345201
133088715
54653563
758213917
584791987
765503205
493783494
381990993
643260294
361898921
719390128
685503641
702602587
697110712
758492694
715141807
148960460
946025158
615337145
52315702
562347881
713829307
378105347
845997187
856288273
339276061
698745325
759365105
101339030
331807181
808622008
55381308
863444801
443671006
223828168
776000430
544782577
615029248
521580658
200672775
391888790
942437199
204610055
390841601
609708401
775489579
948940747
200289063
186293480
152685590
579261881
8716935
698485122
912410008
7500933
378857973
713856487
214960216
281491890
9826355
466228151
139643295
928555612
751191459
685240687
547116654
944006501
550294674
33564590
314852855
881861882
601728982
294572930
784180001
695184219
474465573
394062723
511079317
582827201
338207981
51195378
311516025
617497522
110096921
980093004
960716973
824754830
369038986
361773929
476828191
876017994
682253008
341459758
294360112
549293651
43383980
166080641
572013599
540931050
682134015
75674694
617915996
432940633
808050626
328112008
273438015
614977826
521702310
576648975
673773378
253598947
283507434
45221600
917962196
965540983
236753722
340309882
65953140
33122373
13613594
902901624
103598201
162151194
402064126
144093465
92675287
54921734
270756802
878489679
500474748
600295387
611100508
875730018
300770688
822994957
155898133
737360523
485561835
276195564
527469307
374719387
189102260
840138680
458150180
338500008
679737187
881798501
681379150
605880333
552482043
360266055
420788008
80068741
42965193
432615114
809511349
647976045
458255535
51643601
685348914
477532867
897957671
190968534
990445880
948334987
48211987
350436579
867190794
293231107
826069933
46232546
348527540
874258747
786431130
191696865
396155705
26261655
853807
855623094
600377223
310678001
715129100
577027732
21441114
548444248
818726771
103836787
836400508
502630001
853715244
877768293
403744130
926525630
983892953
178899547
528853395
113312383
958556844
607395200
899937656
866172551
243852375
527099128
838562831
943900987
503400971
17314846
386399251
986250641
551360786
784340830
44587275
559887670
5872216
528691374
129618905
523567526
580398208
13551980
142225001
749491749
49983187
348399112
784860285
436750001
118253921
383210441
89062861
88270815
701581155
65437312
651917690
856211008
176415770
204844269
701995961
846659593
211857324
156184794
306214387
524787834
535531880
72877074
342719169
799237580
254086854
947172420
635024083
160393486
107994016
562636965
3211066
450381493
823970810
966167900
674935280
107050580
896475161
218380406
496122487
241118341
506756094
491539224
8512001
380065475
818954574
391328003
488261094
158481765
86756876
647218794
481519623
878162008
436353680
224903173
472099670
665370980
308960456
20594893
629588253
843189774
333195967
436020917
142037180
365102231
58317166
476774094
127168010
907667973
447047587
839110368
274546511
414029514
701538530
607012226
22000807
359614108
112879704
718171443
404563987
631066301
507706852
47030415
748372158
614380001
353770931
213207294
406920787
295501183
558927041
3315808
55423966
932106587
589147288
346305603
530952015
645585600
378751558
602820180
654755092
441689131
54126380
478526154
323742508
265659411
955959320
278881314
856041401
991154362
245198840
576539064
584615019
821371668
450782686
241552001
631908620
942144847
625165215
67053911
839253348
83385615
613857478
799078074
65444411
864435000
757248881
441944206
775044902
430085341
211151296
123664355
143555368
372844576
225938983
849139215
913719594
592443575
505388295
712277008
630489997
561823590
317520480
549559293
647491970
249464105
565215834
777414615
999881780
582112730
713823230
616438605
596305815
76776395
244414584
400950568
996438060
585477283
692517131
755529656
824771357
372546033
442409775
669065994
350526273
352561726
107776460
833859005
827512473
447457526
568905071
979878401
243111770
11428888
165494026
79831280
150456787
457029873
488774180
842601534
352782444
926428098
233241456
329325909
344460766
289040549
691997895
217122594
187628926
909227662
523956823
629687613
45889559
181642410
398936296
691360880
921826306
964161453
852840915
842624608
149807347
35766015
484154905
346850334
278796391
33586776
336786765
82319720
162842643
966749442
481839916
259733205
208458428
873696560
497727401
211143091
741633198
136312681
127039966
102538012
917614505
335536966
602195383
582151773
596232693
787062041
662570366
26098912
52721223
687895293
802040426
249657551
149429973
134351968
706730055
279179133
334139694
882897862
967029573
867185673
133689933
521797057
29217958
936608720
668267493
217137166
154644371
530037058
41221100
707891039
499485973
509637894
909598173
483748745
921150319
153352001
675182771
257057107
138250265
272083361
479782126
426027380
887348780
760369698
970657151
581990486
371125413
619756387
363369093
745749409
955144771
453090331
356139166
927727494
852630337
676387194
132502935
425329162
458272800
456402335
178603760
828913483
895065775
709183102
416019067
777117620
868619651
264693114
800921373
669942684
512175928
400463457
951874794
875536783
876686008
111853473
136694574
134028020
642527973
923829740
942997850
988408473
523448763
3929608
44171075
553303027
663203690
949864790
689805813
843224844
765585067
153001601
864397623
406695174
540651015
103784421
439728714
967691296
740278408
849510067
137774829
907041281
22386690
3142848
645660798
183100601
387591560
951681615
513950265
535838994
43147554
271534708
135591984
875991050
480020587
176263635
984107401
884377987
554415375
722635455
194646453
684117348
44501321
448780252
544350735
540717825
533279973
598236546
427438760
149865360
149831090
905908200
306823057
992063973
316860401
136422140
389381385
568512369
32556015
580031754
565044088
294227501
868669747
216499987
152832481
235232413
940055008
319870233
486312426
326822028
302594859
483414693
245148135
333933041
750089150
581645486
209040016
245273341
994601150
278712487
732101073
528721430
86997423
844256561
393057778
590736581
792210381
309431206
64858740
311685015
816540290
566259508
164110194
919891076
883311354
339171945
188979390
429354980
617855994
102361778
415029980
854952487
752712305
174309114
162466301
975862812
584301594
278950516
797593580
117931280
340489730
154157521
985492953
875993981
571197711
701558687
414292744
391762580
270294530
434250465
617144008
182211328
906710019
554759242
979383294
719182760
141714727
404549876
528934350
256640835
347751735
151882452
116467068
570726834
919796452
589091874
22615648
98038501
847013169
828601935
531252796
693191218
446326794
670207762
390447230
497159857
501821623
110287306
626277234
91621259
790979201
315607215
93761561
399327672
82696323
114142790
276252676
511714689
562895493
188954632
53228356
638905237
684633033
399832558
344022166
435401525
400288001
937673533
10782382
115763906
27685674
197667823
729913893
628323450
981385220
68288300
152486064
216096101
759323960
618687933
842854012
548339613
906950201
885117358
933498753
464351973
134289268
758428258
87040436
285582465
352553707
766233744
522226220
471750348
458810394
699880089
398937345
889762820
517375237
625612794
533759073
197862733
68043148
76530654
839926779
620987673
851168415
107320001
379289493
176037513
679504245
9120620
150159920
561706323
382055799
64099730
736201627
63803137
190193030
150068353
460462140
321133770
625795608
278531806
907823415
568209015
311551966
237855551
273321469
269539601
84478841
862255209
709885408
324198264
446313294
524678396
625635594
465235666
857132403
93121563
245511048
889264194
143935103
909482308
348069590
432384183
785026827
22938740
658853291
284967369
399992493
336829100
998690115
281337378
1836770
337090226
858012956
816628794
118949973
41658541
321291140
101134387
527442965
864234969
722834540
279856567
849046554
172743765
647042874
620812423
15763741
838011765
124958523
430549895
557449329
115443774
469442778
821127796
557552812
971154573
526831173
261974246
639733108
7559615
949289898
792539748
580790011
425568761
268602500
570722008
100195001
365712658
743325005
243843166
784055535
876441607
477055879
66217108
602873265
996410055
825551537
916951481
415175921
230484436
354804487
996611602
962186953
466721469
305022376
177566415
975004174
403619091
683045128
322185750
286550620
542969126
546444798
706986808
831773128
903793267
964279665
466374380
35821455
371909713
258950415
821151491
108358246
575223255
103592415
177184440
50658693
413861866
906265665
681180015
188385114
6956407
896239832
796919793
573044094
506426977
724073540
699924234
705023887
843353960
889510895
345984015
727558805
62407730
538661647
433213417
917299063
650862489
833697285
296013832
550538655
712162520
693059118
271566813
118190105
21323533
979065615
728202067
372979276
619746967
627925440
910630554
718784473
321418203
499623652
439177215
957606343
111675142
822886044
509366437
284434533
780867086
503992316
275057501
820954087
406862120
728064247
362695023
885265378
54983437
237681766
4624001
641923100
516736001
557444874
259200774
61398787
908078640
787260819
801743994
791644121
997758787
601695735
637851667
450140490
123334074
67778349
41938592
340246488
785715380
209553753
936849980
142934780
897129247
841528668
995340124
313765215
665952696
734754255
495981633
368073573
907986808
312735542
894421712
234445597
589545740
82080433
938911387
208830975
73926307
863918861
909561002
44981741
518520015
44204887
714447165
986228488
912196933
198108652
946373128
79674830
769311093
272834362
548551987
544430608
438360787
255215994
146913830
965105973
169957400
295969085
136032605
587348047
495808001
947339640
921155480
105066508
864096641
656105902
237657101
608315619
583541973
412227187
630718990
813987860
841452620
247914637
82366642
202508212
311301391
538264987
994739105
393988876
395107966
41847375
665512129
435913965
534635628
623646354
172520008
860739920
157309987
679789494
938988097
163131230
20193045
189717260
892357764
280670206
873478408
920923773
727290090
864775858
321291183
816670738
147588723
66326728
323216731
226601908
158601521
363167040
749304694
798039262
5653340
590665175
258571966
809343551
30120174
183804784
41739862
14638074
652606931
785417223
362127508
78356428
897624911
926304825
550478338
449296267
331824615
337044472
689836601
71431618
743875953
874212487
468323894
937163753
724499285
309482266
547602148
504479673
106755761
357611141
713214333
783073541
523486125
578024008
797907714
194757508
894725501
49668069
810678360
734647895
696492465
891971133
379163055
344063060
287715468
998732105
111159234
47729801
24634486
1539470
880502758
769467594
388644336
273359848
895206328
715008037
399305248
551656258
229114888
205118180
596188125
579888735
959632713
288031462
494994588
528980309
668754273
13485740
379955201
120783886
858783980
620761665
393143598
379874246
55679017
590817648
881025637
57479154
621944458
789313708
553929615
426261813
898359712
18761823
204717200
247174413
368937230
47187487
672712567
150344994
127527354
839564547
311252081
346414140
646708687
594285390
976773545
157935465
590488076
436467316
226811491
76536626
577842028
159310473
304263333
817145115
510492080
532965080
468053905
221026940
300542373
342055760
407338408
833670894
386433037
18211087
479680561
475946244
512653933
250850994
236831921
322481514
995112641
830179798
257622547
167654096
116328037
173346487
413179693
412628079
248619937
684075573
254818205
152504771
611517135
464004926
181401540
552120573
241406045
415670887
444426067
596365239
689391615
311136808
302936661
106012713
60341073
787279194
149794252
219545373
34939987
648172053
867495333
700024581
82062485
977435917
683819688
160325287
268727673
519790558
286948852
441527013
554121592
233711555
72964773
649863296
341545738
196048126
83377215
984302115
120751387
875448937
671536335
91105700
164723460
443229851
69280001
570042928
732625323
791707419
541545333
446797215
928032787
415033895
616319681
673596240
110048070
458670273
777571320
816568173
175253758
696427095
979258965
155704974
824148950
457894481
120279680
153427194
205009700
519967220
928891704
275974713
145615506
710148995
761907088
783377848
219664440
949541973
532825575
701078394
196728274
686440258
376564914
339981177
774467973
898387773
933358074
356986592
866879008
358883673
595834481
436668945
535828280
572773590
900863275
727274454
404391015
755540180
330106213
81677990
312263866
663632454
813099800
773389196
346907021
410000662
568448694
26047074
747272310
807681536
147768307
619301790
660217473
683661868
866198008
780874198
862217544
221339535
118664713
48761780
404699446
480725158
962982448
41934366
580823107
146300801
177319006
232959498
428345705
711770123
905578314
397658973
89248785
781197991
458130435
648694515
131469765
560552137
413639235
28099273
48368788
455635987
743111662
283418728
80753051
449708364
320494781
673254726
525471658
235408140
420209994
675934173
286984233
782952980
906551383
577330623
705566326
276822705
48251090
88446181
750147532
312929103
501975980
895364175
287072801
320834994
166252265
725756737
107242550
282052003
763968483
716237308
328856446
159477328
632840598
65471994
765072161
502616008
825187515
646871973
275711040
355065761
150897693
72923960
843699701
387954793
964488345
830152168
442454795
563765180
588703812
999244335
138605523
784470834
215623216
125359515
312985888
512656001
503001650
828420680
624262955
646825119
567051933
417765988
27308381
986274860
878476481
885624648
270071415
644519190
150463033
532636580
140823500
583282121
123051755
12777041
528000015
574304921
456644805
355621001
968957973
769933687
322555965
378227283
889886255
734702019
667140080
768657547
91461435
195677561
635619612
119157423
145128739
635323987
218170001
274217679
336680304
740395460
120624528
823162669
744862001
655681854
762402255
840608876
552218726
708002133
423637507
255625580
925066794
947480741
179511015
979967630
268964936
970520109
235555355
121369387
619424008
512070873
387411547
483042495
707709240
954692480
217220655
627911928
77528629
737907446
847542860
186928955
656058296
661228537
648430674
176829101
587357019
96204273
655018786
174339980
943484298
772098101
686908464
338167588
46592169
510582015
780306753
38951248
723905368
860939231
739191080
736515875
303892530
446518893
122776267
869001723
99893973
82749324
53189201
184028780
266274255
133325514
234152758
588780502
38982915
794688015
473979013
923504094
752223165
857323732
869012488
193316415
109765796
132989240
247747966
601597518
877122021
845377640
48558466
115414066
674522325
210496301
262702053
777113977
241895601
849143068
513583419
873057341
885937473
225406633
21230851
540653317
365734018
982025919
48511486
566534973
917902608
75572094
659512642
892073737
235710988
276891305
566173005
653998001
848208080
716358817
629259988
185534715
192113956
944178208
465881716
973886705
778587633
952102061
593913654
738047960
855521180
452248722
16654117
16095500
518944704
528046781
377705973
890108977
267993251
393196216
310759593
940519541
785336053
384021862
806024362
329480874
124316598
401892466
788909229
329555660
444118695
804682661
938345055
405663127
850594888
467076605
701881653
524849565
588300933
914521601
326152293
647016980
423722913
923824783
34153854
890638473
491215901
70985008
719347215
275840540
145533995
234726311
876182083
505782200
388440423
483476801
643188742
78963401
807731634
2078008
627728105
88748555
921077658
234847303
144452143
925312087
744815767
750348108
728924707
815947576
684087840
48490245
480229745
624934575
448252869
236811967
269577622
688324185
745867310
58372650
766108355
398567431
76742400
784575598
543859173
615413870
140518631
164285654
304015303
404885120
45013455
495624915
735730267
622187707
920015994
881055348
678638373
757513815
55221598
531380895
944789422
830789488
11087280
943190846
330793237
109062234
318073935
117662415
984052605
954411112
756028001
795115323
137210394
600518895
432347630
110253082
129039980
5437676
624932445
569108805
869964125
4547197
921189135
610729181
167001701
997753250
379992513
565539457
896168274
78750465
739880751
904027492
570734561
676037655
118718206
60246028
185450322
12651166
509738998
626851923
25835227
92759311
964674712
786242441
489796426
974899023
804325248
388802154
179487868
742342061
668242554
235770971
904165065
470002665
560704732
636012155
358009176
16407440
858002786
321602415
978113628
549741427
548651803
835270138
167871401
671443219
406979994
642968887
810050440
441473673
322034801
489784200
856378443
110891445
663687639
518421487
63157239
434960008
164693008
725215372
570851435
744250721
65860773
522097933
110540046
13803187
86336454
203963728
710247354
910537440
665273887
878675197
219985048
849185201
268553761
222687446
960018787
361513987
333644746
86459253
689557144
389187046
690649153
419277466
535098354
480946987
892321473
922794980
218728741
225564798
986678047
777848253
691938667
382488905
649340415
485134890
914627373
69372352
803216227
491018021
940017457
846660448
466748251
861884855
761591574
437914743
214257583
359551473
68214637
329131001
222499424
79770724
329493766
437202281
305857167
539331432
530135426
74441345
548672084
739142244
640717245
78257641
334204001
345552121
746868435
541197163
483078723
486627913
479875303
202036425
181611213
395871607
846008299
714568773
138039701
195835826
895188642
498223048
706540044
104824023
988786724
832632534
662154699
965750696
340286053
607370829
939859987
135564313
950108610
189018659
219803523
129477150
959913958
953266955
968579150
143096904
947193774
862797303
368123296
432311900
849652473
292492951
595746980
806373928
745393140
213231487
457873706
789305008
970737909
994871968
172272054
276809994
934081233
165921245
981530718
888202627
308986348
316294381
795727329
730888653
63894037
151069901
751394640
943487748
997148876
519301528
395128751
556124781
505668232
637683855
572986976
567300015
789044784
772989791
172594248
87756408
502183376
521274007
164083363
556018454
291251583
67054310
402566878
557466954
829440273
837344540
607217274
413811850
636585615
711996624
389477491
409913827
147841734
793958480
188633565
308850198
811534695
619829308
311033569
958348087
887833164
655460094
75842913
609733044
95190015
665071290
348951673
230067255
662046448
109204987
335123673
480412828
477139725
30756851
578411855
149092944
468081390
753781777
789003380
236541487
871859971
107601573
979841861
4379200
186902369
64413834
551413815
810644840
708744487
935181101
955004908
650189758
520542903
985177648
11505554
5918512
903102538
999744558
152361024
859555102
49470617
418163576
250983273
74785044
452267510
955607313
213934891
867436460
332082646
375994875
405415665
311510394
285254332
432280335
971977558
161555501
560904231
356830344
271653243
736362705
271220390
616974855
452885527
643912794
590175980
406934878
926276426
402707690
742768481
241777943
449382260
279012693
148195987
306959180
141481366
696390380
192629340
793425810
484363447
164514140
50479768
691217709
500422987
531859194
583136793
107256056
746388401
477767973
854015769
558879521
657160824
101206473
712554504
483288451
422092473
604256708
101790020
873806060
828924787
611633394
394749015
865918095
171034966
426981015
462585714
468275529
140226847
71837396
228819530
473389601
470058735
883010994
733998268
572803267
971815633
214860196
626294169
300800308
969316944
389072880
114681862
807930615
320965361
673019887
587087954
58800519
346289870
631918575
703691973
772700895
501289674
732310001
125867122
124563065
153480946
231367434
591034744
189523666
73977015
485995653
278458822
662314758
557638280
166939102
534035973
352520008
734729006
165164735
839968794
805463973
287863158
555069547
813689272
980798411
342187258
671502418
929848108
412302508
423602870
416518164
457014195
832636258
723909273
540510133
391696685
666835869
839110601
55508801
708611079
401422965
507270455
987724940
285770351
659263753
252171907
468803460
132120658
181532010
620201608
320301862
287073851
316117604
36554801
978124147
550532930
196892716
76722633
346002594
154902991
985374401
274051966
425697865
746013144
229865587
331641180
498567480
512167314
828915855
692995207
789115323
117226700
224615051
722026588
639547653
886830675
328163700
90406198
938586140
251721294
915137512
209434751
334123779
590108248
969575482
571615269
936905244
297834015
143797140
760004373
667968628
866599327
796124227
666139173
237155030
927389201
606358537
312457260
483025455
811478394
310089851
748624533
245564448
624955460
219290368
477425437
362285021
333505708
719341867
76016660
374514980
778093194
448921653
436662281
473837737
791486643
39182081
398346718
576358800
17302966
641095723
287991380
632675274
879002793
353816730
856531953
978700098
744368613
935353958
282385316
387932075
933750808
538508801
367667715
62993908
479980533
829862874
763427806
102670773
546618262
11398355
806175172
817007994
507769674
770348540
18088785
225601719
365295192
372347587
271051486
10944172
142472415
409155358
372099661
395632533
369626587
568476044
38742819
208540125
948207950
602821115
313473273
895480505
18368951
682245828
687561487
905713267
895809573
967649756
174035940
419825420
594646143
836321606
340295994
388590725
208980581
355264258
157800779
541308763
214802244
197172521
658847951
920183690
69561868
608520142
717255007
860707541
166360903
653614065
662491278
554335627
698096994
742412943
290498634
958129961
957187695
284878001
554129437
3026047
677126895
421661778
62463980
939192230
163428808
236053087
76782787
824346842
764063613
4878380
421499021
67159650
195040044
847095493
668333501
494796774
30209619
616934780
333936255
821591368
367570783
795217473
65914087
290994292
327679086
120727665
728784208
804182544
449388133
926219437
433584307
745754163
113316208
44756548
119293222
130423966
649530667
775853383
590950957
863861360
549281567
359887966
417563835
39950248
492540204
291852027
800899434
351318556
172153258
994528331
212769915
543590681
319129215
594498487
81078765
906980373
405475001
325852966
27866780
443237608
117082194
173299781
520394373
973146521
864922344
102827660
197456713
35227031
58569937
460184291
322565128
978886987
131591707
813444204
886580008
387198015
633451734
140845001
976038423
715962380
611148808
59502328
908154823
610387740
920695822
250157514
779347212
661512731
375895486
488719987
596990340
865839198
743177608
163378216
828535979
916402515
716682645
678004194
512362049
558175518
553646467
695310401
483552495
169785333
951742772
960037048
986123758
736765365
983747960
834012328
577426267
21853066
335591287
407699746
168091303
378703987
490024987
221947447
252361901
404833925
492095677
81959266
477045886
335125515
701311993
185736247
541069098
479773100
955882105
980944987
684587180
364485448
988562501
370667178
413793931
976350770
238362819
153303928
890455436
116061165
326050044
183845852
358200015
713025628
106141460
490303575
702159041
701123488
717342187
843937691
660358730
514734319
10986508
910328895
788587455
672918380
260839216
708154935
374645754
5048321
171592151
685931049
375499751
986337007
205731153
471667727
653440335
865394233
880798048
450315723
315937455
164475080
476820296
125201244
426409001
87302768
529529008
488569944
930694098
470546225
764872001
877003108
448941808
140253594
964666417
521130380
93693958
24561075
863048030
873569619
456162724
234372701
458390638
294714764
609906410
9371638
425506153
606404861
133066233
58196911
545215747
680755558
762304648
88988723
976656688
524825681
162017523
894515863
206114407
354086790
192017925
746025048
971681304
774023467
725137342
100045730
49232073
38246895
762844138
215485798
578977044
530748573
40290110
429459980
528996140
145023260
445530294
308932921
198025768
107515505
304351241
622890401
714377175
606542908
29231532
373975666
355799503
289541116
426413066
882999015
146433693
1611843
112701397
765442761
284776677
573762401
685775492
356115765
497469476
948887180
753939658
17832933
698302438
308637106
533409840
319685880
657278115
334012175
594906538
810467420
28641125
438208158
526117087
957025194
837158662
454096215
674121573
547561481
706371444
978521502
389416987
694483026
28800631
293457307
508663134
143784436
505449305
870894573
288680433
339676359
676938015
732056930
182458580
302709408
239457787
404726853
466581594
136589593
612892087
603435948
13346641
270649966
757569368
946690867
944026260
342889884
222211464
914146683
167339844
107355813
593891958
1498601
879728994
893066679
635519887
573577042
479066619
215842970
274876734
28159878
474433001
585556513
699688095
841970878
396690244
695128869
551944693
428405745
125580933
507545332
978731060
708866105
31044166
169890918
658942413
688159001
861991590
498244815
936600015
44155653
277133613
371360248
242607294
103427998
338346961
845476222
853170309
92037513
114292001
51718095
329055658
132408015
291126860
972568644
86361318
904067480
228744553
315406747
619212753
92565348
758504947
837137368
120143180
265907956
579916669
919688930
111117448
874167667
53481883
351777508
263163540
325386980
536771608
432550987
965278025
436534065
586222614
740874485
427537100
369922794
232326213
50699420
324292376
106402473
152059965
141221055
849140780
719501876
425300634
524900580
396499366
350866700
63229708
272864754
397969933
760668765
101980072
437531827
888030390
723171041
509676221
90794971
964237863
68336086
914109204
649696760
313253325
369651328
839607806
96624646
694134789
460658253
906762508
72851711
956032408
462249680
185609276
563395365
525254008
420939778
604252717
226648408
279132285
96319494
585946603
115288455
171294637
441473055
3264273
650813945
102790074
253701198
869919297
245928997
307094780
837452276
710661388
567974553
315669058
340402794
849957015
796185952
62036638
1550904
3697494
997432173
829532488
597035055
836663226
263232401
210292961
766117307
227183368
676736373
590060383
81396380
579360641
121714882
964446613
184932690
962447163
967726140
432220966
248780212
392009266
114014968
163745330
380851674
95866846
332536794
382660612
739260140
613471387
192866709
39618466
195861514
753153573
355809894
30432573
263524108
368759690
227199144
94745735
997314326
115439977
186652288
660048410
920318361
992140267
17864733
428531128
713670980
627335533
696168830
918707544
242517121
722143644
697054173
190297676
811905476
307632928
989092329
17270898
989509815
372747699
911306553
119045846
109466874
544394595
294716486
6559402
611910630
564524780
418203416
427768473
468625001
118912102
396417358
701150805
989949618
398942415
411999631
326137481
627694528
20033480
319655223
194944453
200706146
487143905
213896700
320376084
640206380
317815935
913620682
936866353
74640453
751066867
561984288
647724980
699046113
191265733
946976115
903731008
251106755
236702523
420632555
122049465
460324532
157696648
712026251
39474807
259525901
782626605
238903614
146142600
468344540
330016987
937698641
62108851
221276844
353650001
457121715
575354373
760735972
623281477
195169044
22846312
447126330
200179966
969440008
804676815
744909798
760527221
326607843
66217758
899879231
439238750
930994018
703539380
914952187
3025537
852219
829405207
826235214
693337665
444588637
690221420
300826704
481103086
804944973
191045184
741543795
218343765
568805094
765148815
504618830
768397961
31277206
828483433
295759972
598615201
284984315
8968417
108907576
392988380
771913946
475693966
517898147
880874780
129110244
871440015
161204902
302661508
35345898
611316641
987343955
827129265
230556626
851836258
708049661
532333783
147456294
486085817
198925921
595833894
539687075
103134268
318823048
846738358
542861608
911047050
216031216
697527954
586963751
251220980
611787020
716226294
86667026
890660006
835085608
996969834
870388923
994411793
112528794
405205477
110140794
944403208
826441689
196885014
417650268
671027154
635636248
171881176
490759906
350000728
579551008
188141021
641247187
160858456
605851035
720801080
262736941
9310134
448378348
152658738
469813815
284831527
913743890
545164445
833832977
633935276
471282521
186591341
995283538
71137773
785626179
770614342
521393190
54695973
701021619
934504361
764589154
514584667
176294968
211601246
813791265
553631057
335934487
62160541
477156380
145975303
533243728
885463708
709682248
391563076
996777843
291189487
245383048
365666947
685158356
722847508
445225183
62146095
947996771
131950663
208474588
92707126
401482580
616515435
888372594
597141504
426742438
385214523
861955567
990351787
735380973
3247665
394225366
186543166
595007370
602103015
298218862
565963108
484262540
606425244
156770660
534011265
319274895
843336573
404275173
332150930
784484227
90135590
308045148
460363402
289697848
395312428
857662704
410664585
971434865
64137656
119731023
699531380
761794751
959982163
407929228
485177480
474918823
394999173
663138123
809974811
425356837
954502416
404444026
932510223
428909994
98762801
296178856
634789965
314056044
59521586
332861960
691613244
341734275
191462641
643210507
128384373
772877413
382585301
863510704
38615089
54600560
188665734
907150590
398921669
945131608
433088085
689602419
848995105
596171379
425990861
385755369
88646371
27315980
779325328
63334061
103993140
925489413
857660008
974531008
424281401
422734168
648121794
650501548
831630718
86720105
96682324
514364346
292608519
918308655
548354231
109380489
80255036
467557288
829773348
818170078
660121408
156936058
747148537
980655744
698455826
815806404
789845493
733723528
354419973
27256087
238076066
76353586
238357087
778297194
503551235
296965008
292201121
998426780
324932386
533876321
707134700
70091827
607705194
267964001
476204628
468766803
260892161
427750631
137725783
740058158
337343876
164297890
359299396
853475467
148267884
698112980
530731901
975668008
309907173
934931375
310112169
194010937
233104678
493645490
358018533
25287573
964914264
422538937
797617100
236106894
249975764
69612487
588575128
278335340
610340368
818400015
311191888
935684107
537750980
641448230
464469048
519587036
582030644
237093088
726112923
165014508
205403019
844292317
862356845
63402054
910627665
345008373
419920554
138636689
790741473
177313627
753390615
634918173
615093020
8334761
367291833
999966615
166469008
338622208
108300701
897159855
646138867
956380318
7441635
904968765
54491158
731038575
478124296
809978407
572226864
510585765
810428994
691451608
955319994
100382576
991994535
144357093
974476402
767971973
147654030
117487344
933854848
664784703
29165776
337812941
968729859
162704326
486700815
94186027
689236882
849075260
180576765
891064940
382227208
402480766
541085739
217456867
627289700
236785323
760274126
279856815
730220216
962302991
143324985
240914806
289743022
168899244
899488858
971424980
104588686
690835824
577653084
634432948
470319714
210469121
904034013
504072988
960923823
286615115
529929840
790787071
126577966
310922060
857826671
71427401
954460490
207490751
15972706
888572848
865621575
127955206
565022469
420845793
360487087
149624394
104802487
87580841
41987030
580186603
90300506
874327494
283299583
271218096
493633205
829075340
767686674
914928401
385944736
732584973
670824208
362093368
709335208
758938314
68422966
493532887
931060858
507246693
148184619
259383843
18055440
370268775
423393980
991910598
15973569
852014793
187556008
996748001
952298201
717400325
17204013
404434147
136357966
301764695
916401292
858082376
77510968
169031034
57553074
563964926
670125133
29311455
868654826
394687755
91528991
473498983
883653461
289378494
264675375
423942258
405900714
103920015
279295794
234388803
765445794
347678417
120921251
23021962
975945285
259666413
994497778
408869216
580188054
742406780
127361962
663141817
244052287
401639754
13918473
219315401
698500794
445134187
36774165
664348001
162457027
949466681
900238325
165601246
940205120
396848973
89679140
338741775
122433573
922543708
853559994
775675226
382462387
750111990
431779426
184619521
879423727
53092526
605522357
833009587
215264158
656944063
631918925
79080343
757523210
539541808
347673440
520114044
257070830
740406626
576525015
476888437
782130823
518559502
252347119
236142577
85225627
374430834
385604233
166527813
525456082
326921295
405958987
423787966
216622841
811000647
359813488
7469673
787756044
910577178
980435180
966982454
288309294
676163531
129921123
832914993
878235727
780949233
696379194
47559508
527494633
255971298
586307420
705614801
786531808
920372227
429416634
626500282
220557652
83612801
77651341
179987223
361671757
905018309
93915750
944304200
896174394
297345180
366666765
973330473
145052951
573759787
619104015
867218675
771731201
903279980
883760561
68189973
312283882
673110637
334715591
574491495
112647921
657550966
442965487
199901801
556618241
735966200
621521533
72368291
659864175
56972542
522038394
520219404
707948673
953417931
782604735
109976823
366132296
80022954
494894769
279678834
469169739
51238837
387351245
475242892
807521053
47203001
452672008
932936481
474036894
185037600
923511718
224234527
839144994
756881660
165478280
635711373
561912763
514616167
438545692
20256015
220453087
268528601
364599180
127652394
485872306
866194466
758793140
426394387
870542223
830452790
784666258
366427794
596943735
6342178
940124126
879807865
662353481
626627709
986735981
961047958
306416008
397663371
943062440
196757415
177006088
98027317
277835067
22535827
183627573
313018396
466467633
180117646
685167980
140624840
194609255
328610716
572737205
646211364
522523987
133866830
98375034
151529086
274658319
252260446
955536116
647324445
503220855
731717250
790254075
892730795
624418387
376801734
467410173
745669546
638636955
4651773
731252244
346894708
840299801
583762588
977396480
649251530
526174820
971891514
93593180
314638944
671120060
908967373
795539651
41058219
869654415
327694671
153186862
829185468
494480634
830056001
168398613
643819820
157162028
232102130
960908437
239972469
145777603
692438004
967836097
116923914
980752721
809975373
22522591
342075508
635319686
971390277
723553552
725036195
25806652
580640501
935756634
169196071
905194751
26063030
626772623
583128478
621894390
868235203
422126925
633707324
143707695
653559300
835815187
76337640
484841013
973358996
679279260
149095966
737498595
116401408
297181749
367845716
762572008
348094998
501940880
702343520
677339994
250939001
580378760
63938231
51346237
28635813
253027006
768134703
421404641
843902650
832405151
361194431
306390466
564028348
389460691
509163969
332637928
43306216
970366387
565010977
358313566
186411858
570902853
123005608
26807803
550389980
646494213
521385165
804728480
773085320
686707766
530561154
658611208
636594152
917171741
282889515
531946102
405623776
239926147
609489213
97353243
259395213
336418948
38469620
905852175
73287466
223762600
821469143
390511703
718364180
17815987
2925350
245522493
748751304
489208194
33031815
541229193
788424459
135291406
337427062
829892244
951289087
940641740
543669380
733746401
103346973
907255001
693327787
811239765
985334908
837361267
867189146
920035280
183132771
566584108
918985134
129341694
860499855
837046173
839406244
353426953
705292614
114422640
948593055
561105260
519201765
673865115
860441694
558596291
134941891
363547674
22242307
171785223
349935241
84179994
697049994
112835660
49171460
297919674
116130484
489138053
792932865
17715928
866546295
673465976
785254339
217122157
204463288
32076232
913187186
814420515
211464015
201606573
462781109
73326016
217971573
335731963
213032437
36331914
260083820
709034325
275818601
485745161
886407251
698092995
530662224
922471107
180710005
36583848
276393230
196272691
272409560
639925854
440833001
566861613
285367005
987690440
591327114
12207967
98868808
502592347
797173218
912588894
479179678
123729545
879365501
266682346
724980225
565758980
486686086
785939994
488326335
383984690
369441858
834101008
55180387
819659855
149099493
96874987
185318041
723444144
480724288
520607458
431898618
660046292
147979591
849580940
60364419
588023442
62159694
433390897
668468471
650557785
734203280
915450570
212698773
393544213
398792512
128166174
251120681
285074716
229149761
420925168
178378966
226699473
536881460
222167973
726539535
7637394
435183605
319662885
235930516
745980148
459610575
143003733
348641833
117021883
39649288
561804358
151404650
211860144
920145015
415068637
768663678
878614267
597166395
470736337
221459483
57169503
281301380
380657923
30254801
540288247
537105626
41957733
960644064
143806190
844223973
946314859
728885051
45884341
226746273
94237515
425166169
354632480
482477542
353879073
391342387
401402536
386830473
422972373
828545493
997758221
544140562
479151260
685104551
148911894
317802286
375434973
998184639
632599944
666380488
202685619
186048808
1413808
19322296
477724837
103893714
922289973
970439071
27557848
232756160
518494830
480149197
704867120
975953771
287496935
178258353
274953217
19931394
75399615
170283208
438665053
553643407
687874014
291288803
161793508
354087980
970590007
109954841
86641054
234971621
316515401
956135495
367566830
513924425
365381325
480205183
895669217
823584187
120928473
748373000
971656661
257085176
854006119
631480906
558048980
453319841
996283205
553980105
591679537
132188360
284094333
325769527
50992627
2524110
684062501
930777508
870960613
601196413
685629915
285619443
469470787
376323094
101226834
146725815
202088861
632630452
379523771
388358512
66707908
907246001
342529121
254873587
181841319
261693753
100767226
874303863
183002540
924329613
289707508
818142873
47849801
13475501
166642636
592387282
743060977
439652951
729212733
528410531
260084790
7516933
428115706
271774687
12163695
24266823
879959105
708958387
134745615
227259778
583982694
105331551
176321010
263415339
542012949
173437256
406107961
124973562
235550973
256373617
819121940
403110207
228437533
917141921
292881204
586428352
913413440
335486947
368369973
162819058
735287946
174789765
837739340
972023608
573848058
174358119
375743615
204949627
135012466
65250174
44701987
744705594
225479544
23656867
736753050
798295869
709097061
674268821
87862357
632834753
976180475
948592378
460828228
213327041
29783898
721220531
384108431
911456190
44621296
55561048
722935061
30930615
479184230
610755149
469565139
566758987
135375780
259622291
176842149
611158265
785691333
567702412
913709780
898421394
145292180
247685273
394075520
879701921
444231033
827877007
33441401
251923216
682529585
81032536
331694686
23428815
309642251
191916787
775415145
216855800
696421100
883594773
64124008
471300808
128756448
49414516
882706130
407058110
1153944
642196526
656452387
714219980
35210458
534475205
277863712
980114973
315277674
130547019
244793598
307014873
128587351
365779462
455613193
377759062
756046280
191350948
109099241
132212705
563431162
737474908
712896834
7351048
909413480
248757487
182179869
51965265
146560715
436764776
890220615
530641700
219461509
659507480
124351194
23443498
354226790
840096135
623754980
6971394
361276618
388753616
65818241
522609980
964899060
374011760
932111559
994451214
464875987
691387387
453163674
339267615
83131901
644608719
837308107
329963133
252961191
927096341
974048501
588463091
674012501
62985307
885463400
166053144
829998461
722218353
297348808
242673836
803906643
113193823
626033994
150093369
417316091
335891180
676357430
129282813
514035187
592154253
273170362
255230265
842770899
614364294
826484523
473881773
221544540
233106133
62491546
421668011
614941648
928093730
160977903
310213494
333401746
749339201
115568801
90402680
882545900
547700516
811562415
347982441
399365373
474548000
563694980
199376064
0
207313666
775575855
888011497
873925473
882586976
453692973
113264559
536229414
907700051
302045729
137405335
303785866
899181829
193401594
569421821
627284501
459289194
253285215
304495886
573608405
844843421
629628427
440711842
20099859
289226253
107491237
973751125
658939893
384994833
164091873
481980924
182878914
75450015
138775642
773752494
923717962
540146484
408943494
777574355
857200987
165824201
540626180
113293098
337113093
110017246
10730565
171776583
91394994
368908256
368569074
900921615
238836841
473224387
621837765
202254495
754147507
517905123
831596780
622550887
823358587
236795772
164310551
357543980
301007362
255538117
778252601
389672073
272173426
366776223
586077903
813225502
833957170
463787535
86212215
694816001
515763268
788022954
813776730
228969281
422687846
11839987
681283119
485715187
924354568
844534130
856317710
399361473
401395473
575070431
385262186
514646373
963327753
799165173
424072888
416805007
938174973
850182911
629257747
81876435
469817008
27822099
1470924
312412886
483548175
165682798
243123251
812010607
273757839
807937494
41635100
205321408
314309861
863235423
326766028
126481250
561569765
357051388
766969408
219143368
310279483
972136408
721757490
687840792
217200123
591983518
339390255
220171194
202078408
607490465
872000301
649809908
989403273
68412307
994807695
37015556
873535815
991424345
100080380
442393584
662416638
558565644
157840024
235634953
649865488
134185582
881116314
48361961
421339674
66712440
547361608
148322686
100793828
628067930
252995563
842482640
195655065
708199455
410426831
13623547
666366097
278058295
42036262
470172466
793060168
50607847
902111126
385835493
844225705
30824737
236414703
543746261
913921070
778487874
340336014
766209789
162917769
468132665
1601295
496255291
727807143
804257670
849119223
221371507
260485001
375105187
298191174
397422015
54230180
406897451
417747187
539886915
429535288
774855815
114726859
553413345
568905159
285789495
267370473
919199651
467625466
267295119
36567819
291711708
255436811
948828791
509192300
921915928
465347653
183659630
884065408
383391573
392985808
116363362
884864703
431801805
963878557
991837935
699260355
472795841
540735354
488091530
391211265
837180393
966374608
200323020
943850180
374837527
98287670
405628606
585374775
117288830
378225607
200938320
476767548
285087028
472339609
114125469
521440453
239024364
521803008
40411935
540882037
236827282
889895128
533574268
864008375
777462945
190635568
164284301
541637201
653706793
145847451
823915575
263283326
101722961
798950515
68851914
124797236
148399730
412089135
81055601
693929973
893036870
147370867
492675161
401405872
351538301
345801326
4928430
151785907
611565431
564709348
701216347
66670246
537329861
835432450
203185250
743778050
350956837
856455341
943708055
325177753
866947158
800036523
788950265
114101291
453582067
629735201
862467521
159678508
178740808
194329657
670289098
272064980
759764537
277869240
158162493
332557348
367857551
342938780
157496355
436316488
632907686
201614255
653852600
418331341
26607637
272456491
821267994
105632818
135017587
787457062
91113153
819764683
189294234
902924133
182435394
573722561
366285487
785349354
187172829
245412393
922421780
726268473
80136714
346233543
362397755
984706708
414301258
924897811
257292361
44647038
82134075
24790272
672749019
670154238
333688301
917661900
65983215
354156155
729330757
708945508
709639473
469885001
267095220
715339194
601687910
660214241
541900001
816361987
667607225
45361335
2193980
356606865
325467294
519146868
824513024
133536774
272784620
396761214
124781703
174306015
125854768
250335255
201430130
409029661
621146703
290800580
313069966
79643180
762994908
576434855
988685778
143493795
357998073
92389194
8199761
27583719
653818897
450968416
832422735
138758885
456340160
308368333
625880409
212258681
610548615
505175848
770272215
944558801
570695660
315843208
407060602
814201140
969607644
230729201
324191493
348105603
666348219
366252680
348260195
94664683
705532575
736879162
867040335
890545883
709177680
223024494
195338415
406315987
473093973
30346584
874592321
833837878
55545387
67345483
936477958
367938495
361108306
967505244
559603194
360468990
971111201
848309403
263452320
714654251
108827060
286211126
258646366
136919774
768512218
395007868
403848174
523643025
108961158
145436544
952492896
346638933
207614930
454627344
825166494
149301943
565073368
51596723
502755170
898205107
200733573
193507623
171464244
201970700
781295587
469462983
546544413
513593758
373028930
649520223
271485075
188919894
149400328
426440295
175027699
314302237
335033640
46175158
177352301
492150980
861090380
22842541
671897047
259083354
869625080
616737090
890591467
221338533
86589146
818462139
227604860
386853849
542452258
335188545
870613554
127305198
25903755
216659233
248808472
274945194
972446474
713514808
170542346
274823107
288682220
88958063
389813673
112669175
283557660
3320240
487927751
190264366
216235001
971839002
501559773
144181387
564396187
205793737
317604614
217901394
733557716
884668937
278606801
151132216
33317394
77198501
35861828
422107494
612930923
426681594
719674730
289416423
116886440
254300757
639077805
171135667
246664218
584711420
928715448
128452558
640548723
96280001
573803428
155217339
936529783
32841438
435177294
192845769
783266276
250125371
607647671
416145594
604644045
245514830
461137580
570573547
843981528
710914376
502515637
783820046
263652352
356680057
384559267
734305550
941320225
470256551
883883480
945181880
256614517
886675987
796792515
623272093
97551508
209372394
30844812
407836841
635982067
945315740
39997357
464953471
128738008
300508815
742045738
974212438
800382401
986095773
587008135
414992446
429140613
383281636
805804387
516305887
717264328
461850328
599810343
188673933
579789074
730740015
582385730
74711056
393304314
466556175
651111838
796844673
590696707
105679160
902690608
222908566
777744015
441738958
328831203
770845623
787046300
511224862
375026566
791955808
511222001
537264873
974599301
704809730
179768317
559508223
878095338
394009087
809054366
68235980
96801148
296159973
109360098
125416751
814266547
319751898
820680328
813549744
476815657
681191491
754292115
61072366
542267480
819906069
560213540
763483209
19981741
591196848
488946717
959039583
485859975
568605176
445476470
688935380
291027883
852984508
207940263
21131692
161351223
706909301
133821333
289880780
940326813
943396001
342594140
153984684
310253859
740404323
65503173
48772992
941883165
610249987
666229768
834259113
52215993
92595840
867844961
158156133
667340115
199233605
667192635
12205246
255886878
548869708
344302074
105091426
995915608
950717201
672382503
226291951
233653497
922999503
31365802
834754526
318976162
914034390
870013884
929818644
471336997
61498627
197016798
818525013
748310755
576672568
891416276
709606995
475860487
200806987
209174415
869303630
866142568
132845090
586459173
917022465
969906778
540990980
917749987
924820901
758663876
977013821
205282965
622866813
531262494
928419723
667208261
849312440
230389601
126696860
211270470
270476319
864903478
288999146
699252868
476764938
963439841
261477740
355888302
582463651
844759992
298025034
609352338
895516940
513319665
850766403
247397437
258920855
771236621
643256925
802550223
950929803
909042590
786392983
928987494
4155061
415753783
577328383
614647631
533554100
298423923
776098494
48136074
400252987
356397487
725346069
252387030
954673828
698624199
652167358
325901724
559735355
402810573
2848545
674590850
749588525
13132135
777896734
623462587
84307224
687789487
138397398
116443332
469924057
253765601
445665892
110611486
521967170
219493288
929280515
518543480
870093251
607361994
66033935
720768862
956090748
527871427
189696808
593279994
89409487
62743657
509285960
579837015
24688751
958342387
883454250
243329887
219457687
885949854
501068535
344130933
469657441
208795241
195525761
240002662
450018586
646363216
940179
399428968
675976387
175360001
848178945
107114032
554080995
14298851
54997142
650333340
212903323
703613679
328742394
436010373
167096437
621849243
812273373
502534001
291607353
208958036
277054800
411669723
260034088
550800834
252291860
776745408
417769820
536613594
756803190
53039608
262466355
365637444
770532990
242009398
216127164
638246510
157851615
819203201
811679994
127153580
974620248
358473976
298395630
335693257
664098213
694785101
788002554
44484380
616753400
567154515
350572505
362793088
566826735
179367015
511268801
134363533
312564474
476924501
169052854
729186821
277799673
345615945
847430454
377947601
314943958
55036355
254450741
917435983
414250402
124247034
930097580
442884391
327559888
9621590
732063765
948248098
113180820
570526001
329738167
646114880
495392587
160709801
964063955
496203166
575801900
984757828
485686408
84136001
107288926
452918746
988964964
957693198
154637796
548010002
805968200
697388673
500890665
377555017
422660626
67593723
62924576
709248585
64780655
964915410
184364801
646631201
850610964
295119440
254213649
299590755
542047027
488856873
546648416
699253348
554083173
116665087
81871031
315875626
721073060
103877733
156444133
1661036
836347350
608686987
127660506
756141153
378944060
528278913
293615662
14509258
360194983
463780053
627669461
367514055
417870948
281861223
69903187
425301626
924540860
822098073
99305814
864970880
983632481
120970708
181115951
532825794
609980330
278724516
143189705
34924408
484677761
349223973
38689057
958414174
250413915
574198220
822038452
725082380
276641210
313972023
57793575
127036820
17321030
685807087
977808967
697269873
514823994
908094928
807202867
668748787
785141983
147340096
245361980
179603497
565207033
416527933
286588378
249885800
860205198
594242737
870017394
12153660
470086179
373756365
881850755
229657601
627455180
527512974
634152738
850021488
576173802
962761580
502902885
368723295
206452515
476919513
575734627
478936215
966329743
688331013
693125613
239587258
490875567
725851717
642951980
939382515
522519594
884076883
888233715
287566
361566560
593021848
678281265
694235415
579474967
619255880
451937107
208622457
884511806
563027415
288953801
358230080
338913372
864048787
947252931
400153246
632842314
849052584
909961858
440768321
191812473
949313523
822469408
561810264
106446015
237762568
531831380
212640751
885275853
264377640
872910690
841175655
380579008
297296469
753674758
603847601
842021428
527159304
863373971
476323599
561772400
395996015
244780974
693828594
599490041
336493387
817464877
534229455
279574546
40156413
22424180
908800635
23617914
786676895
828156538
595780173
814980980
854053858
124233457
206831866
546753120
112144506
574111335
170763915
255615187
909577670
725617108
106443508
726207881
416886667
101577339
749017987
379142041
718264601
206362365
743011100
894281587
730896873
91234372
118236663
358634066
728705523
565835955
664747324
47441180
460023693
506990111
271774408
477725105
224062408
680494389
635989192
399414033
610424280
40105477
964474987
509243910
880225708
802224615
572304690
897419077
960289768
123576217
608758458
307585413
890230001
62594458
152279921
606790473
130022255
212925239
195361618
404761897
692271868
870812973
586366076
477194688
862184720
242124615
758191837
918098647
982876698
651528735
800949665
910888125
402607623
967164851
221121765
932829980
694054106
90120123
198706192
61237228
283044993
778892908
510305797
389060968
896331022
574145274
137756876
697135558
692012015
482077666
190984181
989230807
383129426
772461292
74528381
877633364
78906688
326720081
103913566
231404373
129520473
441870768
694731453
299026505
372488128
836536566
264802783
81911223
834281158
985374817
612596998
168584433
471833146
108704244
582254994
828129318
307118694
19749823
434799174
504797490
532593179
233809242
156185879
376684815
563890044
13324239
893514783
274307987
13740808
319348314
839588994
433424797
545328328
596882994
744167236
160684340
240570016
473714415
130809594
986173385
107148363
78196666
337771610
891283987
471670505
323241354
201931066
294223211
33948543
677317766
644465775
196199094
250705121
302092236
781834554
471332926
484618546
880896305
566812029
561502676
881722451
398872087
529599980
310940008
985926550
882593994
412113466
409206945
61440144
666812621
586849558
149688491
499961446
637633147
946924867
606643250
121767671
816554565
533606345
400430356
308793318
819855594
281882553
229267323
116375109
959826015
632516008
72318847
414523027
207526773
414899566
312114980
759034515
267838966
663753978
660382627
751422419
943406595
585792727
401041108
876326034
216874173
928635615
425969887
163673491
797130890
897089994
916990905
109683
858678063
422446074
140233365
947083569
879678174
843502515
81834161
611042392
878905507
679425487
161927325
294691477
681946655
5240505
19105746
248075707
560518438
763367698
98667041
11448286
229390263
972883897
14769646
576268815
777558401
916501644
670412295
583793767
914076144
436415673
67453687
981871777
535701928
86382881
72383994
548463765
823764723
861160239
325261175
920218158
927841623
970055148
359789295
455564265
767121907
379291046
424680511
922533093
552711765
189317135
178271955
504839441
285818169
134768908
118027972
446447770
706896209
276789653
91103325
385030601
572828008
712974187
678573680
33173996
65644961
68324753
886907490
939362626
880048393
810898533
189350705
49341868
541619334
822379173
876394867
107462566
266962897
365666565
461264580
607538758
898155127
461346187
328521215
905034830
813780783
853866298
987903208
836468801
646989631
784708805
409749508
815413419
176601862
744682668
485050638
431141933
573621945
84933450
979576708
529060533
476272434
685058501
911340712
319487758
3555131
824402683
245823883
440824987
789927508
210433505
51124408
623602815
832904968
297817115
193465569
140177493
57692945
494021051
768881827
647923528
645084808
374697093
811008851
87435144
721655090
357341555
856936001
173417345
339412601
398869987
386672613
20253401
345260008
954402037
872338087
389459373
814231
624156408
110206258
248569792
340024395
279670076
223154296
703122761
844133467
180073215
369392315
110017940
779072563
490504351
864220579
974497168
898838973
982271638
512316980
485232453
706761765
483358065
45447800
320777131
374351973
767447231
609804431
66553434
923342501
950690634
163877180
416760508
618396860
398677048
574089485
865352580
366389289
790831442
307295060
51551086
565996220
760583573
964964583
290610620
224310905
431878095
96484580
311805841
633815023
264049033
797256933
770369951
169706300
705217357
38692987
928624005
373113823
70805831
856949587
409140928
682253287
720333980
168760944
144145890
760271684
959925227
922073589
720568449
115326328
218142867
998119972
232906966
113399231
655333700
401743216
493940801
350919648
205994555
94050469
226526990
680672008
984962994
17052749
650120201
183535810
772221369
416826461
604632015
947824773
245329194
919012580
916318301
282730535
672905890
68488848
583220561
264062911
108248263
500611215
86103731
430605240
404740644
35248773
419944104
42220327
475121201
620936780
965784830
271378285
986611912
96586966
53275665
990835987
315227557
949293723
497451810
438819187
872418920
655609854
627005555
330541363
114624187
222349340
185057068
227752794
425592787
232890088
881205273
657399933
211915569
236387776
224263181
881781922
822818675
242509140
64700234
821703403
95749355
427230042
377309877
308402060
70620273
724571493
688464592
778239453
177284625
219680373
279052128
943962262
295558631
316692251
597353060
463575137
46665926
372204787
503743773
158704965
396750853
70206540
541334373
922985154
297023940
874342821
339011945
618333143
88078923
364422851
364285134
132421869
614095901
24999573
570595980
57733147
688411068
183356835
495175880
943078040
860906094
984493494
77115958
222117223
651569214
69988113
31772608
751284577
953225651
260517969
321767013
336897771
369254055
954536240
37711651
499555361
604773208
411261105
260738977
328351987
1888387
189721277
840344540
906557951
40274986
332572173
134545914
756305437
382194286
34044148
885697048
328090670
639674735
133952220
835500096
873596815
95219405
940210173
65483694
548850348
596580015
712191199
758217028
901113088
568789768
481625222
770521601
116648308
28325501
115736527
158451901
777038439
628702098
804534960
793402483
445166276
273579699
429345513
605221848
69560026
264448678
187636083
245766401
476959987
146303347
334100630
901170350
949297390
919342473
77930561
624356343
855114622
101810115
842502594
462602780
135536081
496441211
591729304
111493819
197613208
254941044
325710405
569266244
91822580
170110464
945332248
327767266
176791215
399136201
785225004
218302494
589946843
815864473
224871568
307549672
130468091
939946483
823374615
21782201
517419883
853494005
922811150
866699165
110933248
45055820
97464873
707679273
10528580
359636175
903919411
657886173
409917870
240814966
935231008
805183762
430119091
668583650
224618081
613492468
93590013
480538563
214800015
260791987
997374033
595647620
191845016
586885854
26390373
332755762
886630140
298220533
332036681
949444215
380638376
127260262
615803501
149103298
363579195
248186947
86923742
272869280
470255595
413284773
513442888
686762426
48856726
365111055
506930006
948503501
653442251
974100015
182520508
643047615
782264524
172190480
880410054
500798780
623867501
567730708
934712373
928926866
655824832
7510923
684529240
206957780
410564133
28853313
805498460
984192240
273068415
310990591
52403909
189661488
661704896
213681665
892877660
236064305
411369069
355279875
524795175
549223912
11953441
224634980
217698442
497956698
101231797
130677714
637715330
217322060
257811144
315455518
247698596
940420097
539331253
991587356
129682966
657274044
903071308
46266453
539804598
168027834
34862341
466016367
462364828
317249587
941190037
452811787
942244515
734313155
180674566
147203330
525557441
657349121
132105015
246340987
255314223
609828015
639407873
629611783
729115923
612115267
498246626
92688885
56372378
893335173
107070706
941799080
155360332
163082677
44974387
407410399
783818758
543777597
314270921
335505641
548795908
847758768
213926865
775378033
224390178
348572074
373469595
82684460
759678765
774351941
141136164
410371343
79996473
36507288
41731515
934977821
412303773
808627687
123904191
681473679
249557649
731523003
474738733
296068428
698797337
891894401
955837466
664250415
265241865
296538611
248689128
221898376
794241637
107192925
536245498
934561228
343985508
936919612
199624413
30313194
297194062
40165578
182606945
465170306
652268608
409676274
381989587
939136695
368346886
459882798
535473337
95575254
268255966
285636894
320593995
309562888
663730062
467626543
530883348
361919201
933786131
30731713
959283912
201202957
340272933
435874910
137063201
246075315
734186373
219550198
949243520
248117651
228546495
840846390
512438111
365334078
506249617
572424727
780249204
43774966
909597862
536119194
539101653
495213594
42854994
785810158
25962466
379181956
465166557
703849580
885548008
539401121
934279027
144532719
283479165
432386201
435381637
101265470
939858412
204428008
37321794
978897787
386353623
93460773
34913662
61452945
459085773
391304467
228202515
58034386
751027323
793301934
335329267
239613015
40456828
903315834
914202041
194451564
16133013
848388474
695060919
27565584
600020383
595188615
196610317
297957080
385682775
310199008
956177497
218509023
186831264
440731173
578353078
28289673
466996369
33846894
967254620
783216787
261531851
249079648
77712015
804333380
398395783
15196528
86118873
177465958
297474291
990656227
619230873
973874528
743723664
236473683
898639841
339775271
728140104
757055484
160067184
317990985
396869801
969725737
348651980
865956744
506592202
344763993
789595665
876424473
847783115
437719756
624654358
538022480
809821762
597032855
80800290
384940948
51452758
955813035
201068244
671705587
539668571
450674375
56565599
779846587
191158876
287396437
462950415
641619521
634109994
465588500
825412215
355131346
556235180
683635218
532385415
589634362
657923193
559298694
467877299
284321325
581250253
913298227
359036137
196119926
601283107
544802583
632144906
28561096
162495855
274750708
50997723
986136615
687620895
842021801
388743997
536728730
794548001
214890380
574169994
959207984
698131485
311037406
858053594
354063091
143377730
673927228
881784787
15494540
717135620
332351244
666917833
601758187
748971277
957111230
884589380
429124721
558094605
78339735
935792025
648998300
486012980
323806614
691243998
471889355
254705265
643410423
718830048
45582573
144221107
560285107
665978696
567501744
262876696
376222473
504745961
465698874
62372634
100093801
256692225
419056530
836986365
909874976
241793673
741544398
41526855
265827121
464587869
401406826
822365891
796453515
603460593
688373587
325384623
853121780
668741073
881653853
823577375
81607965
688351933
965218688
536444373
4446847
581801669
268031739
391834708
361266821
642813461
90445153
414351787
964077435
142417473
112516854
551684308
582204787
289938980
519176951
805107816
844269508
536201223
906527859
254701233
936388511
855329107
298847478
490693976
667271951
442761487
640091758
213175507
297730057
211978335
555744791
11051934
172944390
851455440
386134340
417534131
319826840
381850048
425502315
807444594
926603769
121565835
174181893
322290236
466947783
813619768
283359873
4654095
313820008
787127523
549251180
900371484
126605608
879893758
967013733
837723438
198766966
52009050
116629141
63067426
700314401
277343008
567780090
387454648
43500667
725066536
813885423
437633287
78723333
178184716
782417373
133034041
609958119
833547448
464280065
959380310
406741987
638102985
769634742
409625008
380724230
742113465
12052258
399711980
180036131
480653014
695371942
738641081
62870385
376217274
278466662
277331754
316795366
485619980
764430558
37776148
843647098
39865428
137790766
436601848
880737688
969606165
971145114
89070318
729538053
263425895
967270027
583618323
431024266
514222001
398870617
970572315
908401097
761176387
289574394
741986604
951930577
119725141
622889094
296733046
548234801
512752326
667649880
124626658
473702086
22784703
708872467
189042980
494290405
649625441
794480289
84332034
398262916
134258266
157198528
468416043
945289635
241289566
378183333
723994220
41262200
630417483
287974096
612530548
815826097
59390801
391267592
810890201
896659003
447609277
677088708
518718127
726008287
274629187
173808090
830400015
947701953
5385103
927909915
300519634
576235233
73431208
472630387
917886616
619829947
379644584
531466087
527748993
16038487
644292015
132722415
532184574
564263626
479184335
374944316
800603840
361387258
371178508
35369587
125351505
170829714
846163320
27413621
611381660
393648311
476410095
668770173
689718611
850617590
864485291
528419480
976255119
320800494
63036046
152708488
934166298
890389265
75305733
681795986
185644357
744601220
467691495
662998048
372992621
414605956
517084001
916664773
42345605
610216335
977336450
785155580
299323130
175368240
782124920
331277043
908873261
45179170
583004201
498392300
186372677
676475279
207926016
545788162
605511945
184580771
790623148
832269315
260745183
221623828
769642912
56918383
80006373
68921008
555337288
558628730
685697956
589195755
896592487
189916340
605470794
656107494
497614987
653745105
435026801
412597065
903850423
824492638
601229947
375613436
999938651
330995994
28703748
988186053
301827808
413027686
792108448
513860321
414605722
896691390
466872466
704354190
497538536
758152820
714250815
391898480
515339415
730823317
840815619
229961775
124198546
232216875
472191015
210483273
863815885
186682601
761007165
678575274
550513721
724699614
618144787
757400400
261996975
752844255
709714728
896028975
114744307
45523001
561721286
244482706
203589853
361134761
225712648
57014865
704530027
45371884
967360001
177728158
516041463
379098298
123200574
267620926
310890200
822976601
522200195
389280685
999511863
545458241
431448483
357080280
189852508
955916362
817529660
525028773
398965794
985316090
85485551
371229406
668159973
285080638
384588326
173175765
720621862
304205874
755630947
907089133
952231258
973231001
439338273
32990065
647100015
30340839
736832879
985130227
709499940
710749038
365964189
279422634
553083487
91434710
419389466
10867215
80527966
297524908
338670765
940374380
932559367
369947733
0
163256795
291380371
355003841
538490415
920704301
823540708
879497861
98120394
903372926
579612834
367179844
449337508
869850883
920001915
971873870
204568580
21082373
892276567
824035815
351416030
437294660
339752469
621989855
541871212
413844436
363132765
985907973
292957741
335510994
110945315
405082301
217548403
458287816
886617877
8402008
253567635
483585170
921503780
73969747
3564508
44613260
653881012
518640896
50433517
772006211
108700254
19916463
456755812
840510170
184617975
969821818
779984195
158096986
287079466
190358745
908913427
388595263
369190006
445991587
173787834
847366387
721168871
244835437
975573718
905050265
629329393
893262176
189508565
481307180
729394194
90355173
22898741
476009533
551578104
225715023
132754575
88761551
165499391
95336165
155323966
493201601
319325602
883995303
744010494
819299223
206883883
590412208
395352752
789623034
132962572
746155122
660648723
726707180
824409488
54681071
650151315
893194344
838713337
404215524
656654737
796435515
946659667
873247001
862534374
437724461
780607323
197510488
43200466
552525403
456391987
480253426
107045188
196782466
923192067
513946764
558684967
117580408
257655810
554077659
383814208
716675675
450562140
123620595
771150742
795539594
877352285
292864262
128245419
232062393
348845934
796793939
600473201
573116898
397330293
148384567
704159827
510678140
937663340
44437966
965474154
857332001
888247425
988039751
529981455
186147054
456486294
672322042
500446097
423033924
585948339
408905373
443313819
768480755
617463262
999957429
360449276
81296529
876363723
40490496
616903768
343735906
470290848
973435173
73940870
920975283
782486844
796570314
412523034
431651300
616058373
527088611
688202715
245059268
366921718
89198373
443185258
490534713
790170484
987819429
152603714
78595633
862573160
111932330
63710887
508458573
87738444
123090063
232306001
809866676
665608
435608818
270374047
70585252
553463032
159049781
777890766
614242743
845843586
913385094
156288808
421290057
722092987
776008708
633034443
586860723
612773105
902482803
248228587
858709407
560238958
885510401
357440645
958776315
315511098
561251865
810168975
642798259
428516945
335862427
388705374
758220187
432913912
272107434
494934208
463682895
866700808
216398827
680064607
25417408
763321310
486252247
191964112
755594081
881441274
286531104
412984419
72378787
628737678
185811420
496877973
865747065
368828726
610575080
181319501
250375614
490606587
957889908
315278816
234893073
933709730
249272415
507093080
471781151
225022626
564438086
460488412
256407980
380521413
481224920
706774078
317927994
522606787
557799855
182759235
851822994
251731927
267158758
578936373
939681504
418880206
925173401
471304987
287276201
320823112
269176387
931985373
458799354
905495737
893214442
693212625
948167608
132391001
297296008
613938744
974213008
354485908
525644349
359895183
980923215
126712001
20586688
644348602
201312487
135467480
372038034
651481743
73763201
779564973
279307404
332767001
588154845
208015044
443599366
623444333
614519347
25975786
269888349
71725601
718570665
502584390
721084001
74918021
73505469
873192283
488266295
660995997
98458695
722600801
372678723
93087534
391219764
226964008
795402568
857078223
222711101
354161273
705925001
814024355
521901442
705036380
652345558
131672073
53397873
402795744
171389501
546739408
978690020
830807921
664573680
337117901
399137295
578426008
952663282
106668166
478337026
243194780
458462877
997997737
591211185
84620008
109313293
132673301
976110487
685819353
280286227
111843808
439337733
350889058
784027370
563863955
500152601
919135335
916649895
671231008
769664480
982821298
373033387
924171568
11464794
503791342
103049973
275251966
613293230
913757493
314553498
878167867
688967523
249750798
749002108
161282276
69396766
62307247
477659994
646579173
64873280
435964473
185597587
548909728
568925947
316133415
756295160
83025186
380211337
74811337
472289641
976470442
288729712
463713415
137144154
396600821
572745015
76764016
508099044
254721251
613401573
213511395
546112194
753044733
352510053
20075940
179768266
383158
843644060
708482383
785503601
76836161
20760101
40428622
886353208
17040170
690456993
705260726
29449966
103232268
240167994
650519488
422907466
199473573
374334
532665273
97493480
717638060
488753848
778364467
622935453
961264880
903471980
645066999
112164440
24400798
255161418
256690396
306804638
469257251
486502194
937008841
156516646
118307876
434220886
629994140
796007994
116154487
242045891
844217861
239382801
919340780
871020037
790294773
260626948
727202188
470597662
64872307
88297080
13342001
155648469
467513315
735698803
31383453
878469615
639121224
908651621
865560851
100397964
247445660
204104641
537237521
332199166
186234547
272095070
608408523
861085078
18759735
310342413
843200145
138583485
563442626
716533359
698248042
637372301
472682137
431965001
255116250
707394307
706334323
126966305
36055426
687841036
477565486
929101901
33165761
227051008
10387288
278687028
994110941
228603063
77300516
117012247
778200294
126191094
296109615
867194008
639576315
77132608
628210353
584059935
995400067
653155935
331462194
794658174
618199194
837884139
930484455
445627314
590256395
434909480
738167180
945276228
141177594
970609688
585962683
536507973
433094973
205732323
834732508
667428380
42899806
874559773
661303515
672630615
868190321
38009320
802880008
248645073
166379630
710781247
869864148
917841268
339386115
168430366
738075628
633884227
553912541
459842699
751685253
674806284
765757836
431097508
916349973
198452475
880178767
28775043
588039519
530090501
243366221
116033227
241488795
649018194
860560659
477811695
84444131
410059126
443797957
765955969
930434898
746899867
85413015
119445838
363869548
250417419
17153666
613337008
534293643
13866579
819869294
52948365
308380880
296855660
929376187
401523251
696185973
801730515
115822743
629202855
444308227
979950453
495827077
893324216
69814230
535317015
634355630
822492621
218753921
574206650
158055980
469404487
648212540
227428001
525083493
489576876
379178409
530951780
900559614
127671234
743334354
506629303
323915994
781785187
8872323
94358355
335510895
962143109
491362945
817815920
966992995
576024360
126447088
704961963
821483608
11754015
848853498
542168441
192709695
206070808
310248889
785882330
488998387
639623420
612300150
310419137
317073240
377825416
147599389
289115973
642070061
50340722
105006530
683700015
569194774
108124296
145914986
395560631
300443416
600556010
148080114
307902723
90561135
473827108
315183573
498282234
679451157
542204272
278294591
466197371
478144878
620879002
518894508
441169091
685539279
35055583
572638451
223508790
251781286
453472335
205862394
171871575
389042947
255403700
919698569
933147797
590345835
137645036
841492605
32485927
360325263
779737717
660199923
695207008
119846493
470547766
364407948
289308208
444310119
600874258
991603589
146855514
252373815
862918376
124415787
757540704
830982355
263443676
694049019
439819395
939216740
588410240
637675580
727727107
273194611
522221229
507016118
938251716
327767331
592541512
604527041
676347412
584348488
722504321
457713819
355199527
584371376
66421644
784303044
109035661
919227341
621951080
877369280
200722280
22684751
389800091
989535926
644987480
33778119
445764883
653312188
