2
-5132943 -670510
5132943 670510
2
-1299214 4042591
1299214 -4042591
2
-8741920 10415695
8741920 -10415695
2
-2229898 7623233
2229898 -7623233
2
-2396328 -13627890
2396328 13627890
2
-6349453 -7699267
6349453 7699267
2
-6444872 4551651
6444872 -4551651
2
-8530514 4791752
8530514 -4791752
2
-8966722 -243643
8966722 243643
2
-6621536 9240390
6621536 -9240390
2
-13208773 13759420
13208773 -13759420
2
-5769012 674718
5769012 -674718
2
-10388838 11510684
10388838 -11510684
2
-4912424 3601295
4912424 -3601295
2
-2419307 7330952
2419307 -7330952
2
-5582865 13932069
5582865 -13932069
2
-6612385 6301142
6612385 -6301142
2
-2444616 6693824
2444616 -6693824
2
-1377769 3450637
1377769 -3450637
2
-1168532 -2462740
1168532 2462740
2
-2215887 9283689
2215887 -9283689
2
-60875 5477309
60875 -5477309
2
-825328 8527544
825328 -8527544
2
-5794285 -7592418
5794285 7592418
2
-5541830 -2999820
5541830 2999820
2
-7386818 3516801
7386818 -3516801
2
-3926838 2940421
3926838 -2940421
2
-6306176 13345504
6306176 -13345504
2
-12147777 15074658
12147777 -15074658
2
-2803478 -9933137
2803478 9933137
2
-972555 -15917764
972555 15917764
2
-4912901 9108842
4912901 -9108842
2
-12892360 -150677
12892360 150677
2
-1479509 3151908
1479509 -3151908
2
-13609414 637108
13609414 -637108
2
-5065977 3529941
5065977 -3529941
2
-4356826 -4860785
4356826 4860785
2
-7421844 -11292211
7421844 11292211
2
-17127818 8903767
17127818 -8903767
2
-5151235 -12206391
5151235 12206391
2
-5553657 -3239150
5553657 3239150
2
-5197131 12044583
5197131 -12044583
2
-691012 -8691901
691012 8691901
2
-10220033 -12023189
10220033 12023189
2
-7774146 -513392
7774146 513392
2
-885063 -5906861
885063 5906861
2
-847481 -9724006
847481 9724006
2
-16210999 18251
16210999 -18251
2
-14243840 -4419475
14243840 4419475
2
-17485799 168997
17485799 -168997
2
-8206614 10443047
8206614 -10443047
2
-10628313 3203507
10628313 -3203507
2
-12735930 4229213
12735930 -4229213
2
-3475547 31195
3475547 -31195
2
-2236582 -18096240
2236582 18096240
2
-4706046 3834843
4706046 -3834843
2
-8201749 2624971
8201749 -2624971
2
-11415894 1158327
11415894 -1158327
2
-3284065 1072720
3284065 -1072720
2
-4118580 -9614262
4118580 9614262
2
-13142816 -7036677
13142816 7036677
2
-6505130 -9925100
6505130 9925100
2
-15231448 -6823263
15231448 6823263
2
-10123997 -3402034
10123997 3402034
2
-2120040 14269385
2120040 -14269385
2
-3740439 702624
3740439 -702624
2
-2216884 1638866
2216884 -1638866
2
-15238755 -4979248
15238755 4979248
2
-4899345 -6444849
4899345 6444849
2
-6804349 -2600290
6804349 2600290
2
-4436479 6996931
4436479 -6996931
2
-569915 -13137638
569915 13137638
2
-1558808 -2104481
1558808 2104481
2
-2686603 81893
2686603 -81893
2
-8802234 6502132
8802234 -6502132
2
-9851239 -3432312
9851239 3432312
2
-407573 -8699054
407573 8699054
2
-2289034 11381900
2289034 -11381900
2
-9753374 -2992190
9753374 2992190
2
-9546 7130089
9546 -7130089
2
-4714283 -13804201
4714283 13804201
2
-11811903 -3118826
11811903 3118826
2
-11517558 9067881
11517558 -9067881
2
-8979673 3071191
8979673 -3071191
2
-13872297 7176713
13872297 -7176713
2
-7559816 2677961
7559816 -2677961
2
-11247669 -10434093
11247669 10434093
2
-9264626 -4899087
9264626 4899087
2
-6642535 940202
6642535 -940202
2
-12177807 -2542997
12177807 2542997
2
-1950948 8348905
1950948 -8348905
2
-11567650 6421081
11567650 -6421081
2
-9346670 11798411
9346670 -11798411
2
-8975230 -3511528
8975230 3511528
2
-15144824 4605688
15144824 -4605688
2
-8490094 5234392
8490094 -5234392
2
-9202050 9462725
9202050 -9462725
2
-4332272 14302371
4332272 -14302371
2
-1252873 -2911258
1252873 2911258
1
0 0
