982758431
499804923
99919477
99613700
99922111
99914205
99946480
99849310
114469
959350057
499447574
99965775
99807900
99959755
99858165
99900104
99981039
114408
983543586
499348157
99948914
99680790
99821819
99927070
99827404
99854234
114334
984379893
499383664
99973920
99536294
99818752
99826757
99923217
99984727
114383
980732517
498864182
99841014
99445587
99698516
99908746
99920122
99968372
114421
980352471
499606309
99904799
99674835
99786301
99974572
99905322
99958899
114468
976168215
499685679
99910012
99718920
99737822
99937076
99906215
99962395
114369
974374768
499338288
99862238
99753106
99911799
99906310
99953256
99952867
114392
969553614
499771546
99973043
99727494
99901459
99873736
99882638
99879892
114435
983641281
499387879
99971145
99590118
99751057
99825258
99943891
99895936
114316
998453335
99985854
987748844
499992153
99991517
99986148
99992795
99999620
114514
