zmzemhuhooodxcxsaetjwyw
uppvsannoobdabjkabjhzqo
uqfcuxgelccyvvpfpoybspw
rnzgaaigwgmbqmghkfrmqmg
tmniwhcolzscuwyyclvnzep
pxlmsueaquqtaicjrxkmuow
xebkeryqxbmsgvfnrwphmuh
nnhzzzzciqqybkgwskgtrwt
mjnpodnnttvmnaavzjuuyza
dbfhimxsupkcetqrucbnkvd
ppjcgvtfpubxnvdjlehxebo
mlqfylqyiipenlebeporltz
nimgrloouctfgvvhcydlvxr
gysjkhvafoxkiawkpfwnyga
nwvevmvmbfjmawrarfyzndm
rzfhxluxqsztwsltyyugqbw
xfrshjlrjvkhcjiwcjcqyrn
nyfshiqcwfoxtlobgnbtgvb
ddsulsjtfljxqpzdwpflshh
vchzhrjhppqcodvgmvlglts
xqszcfmthptklrxellbcdcv
bxevtykbicasvqxezhzdhha
zlojixgpvqgxrmwwlfyhsml
xxxxxrrrrrtttttkkkkknnnnnfffffgggggqqqqqfffff
xxxxxrrrrrtttttkkkkknnnnnfffffgggggqqqqqfffff
xxxxxrrrrrtttttkkkkknnnnnfffffgggggqqqqqfffff
xxxxxrrrrrtttttkkkkknnnnnfffffgggggqqqqqfffff
xxxxxrrrrrtttttkkkkknnnnnfffffgggggqqqqqfffff
fffffdddddwwwwwbbbbbvvvvvcccccdddddbbbbbhhhhh
fffffdddddwwwwwbbbbbvvvvvcccccdddddbbbbbhhhhh
fffffdddddwwwwwbbbbbvvvvvcccccdddddbbbbbhhhhh
fffffdddddwwwwwbbbbbvvvvvcccccdddddbbbbbhhhhh
fffffdddddwwwwwbbbbbvvvvvcccccdddddbbbbbhhhhh
xxxxxpppppgggggfffffbbbbbkkkkkxxxxxnnnnnaaaaa
xxxxxpppppgggggfffffbbbbbkkkkkxxxxxnnnnnaaaaa
xxxxxpppppgggggfffffbbbbbkkkkkxxxxxnnnnnaaaaa
xxxxxpppppgggggfffffbbbbbkkkkkxxxxxnnnnnaaaaa
xxxxxpppppgggggfffffbbbbbkkkkkxxxxxnnnnnaaaaa
llllldddddlllllaaaaaoooooaaaaaggggggggggddddd
llllldddddlllllaaaaaoooooaaaaaggggggggggddddd
llllldddddlllllaaaaaoooooaaaaaggggggggggddddd
llllldddddlllllaaaaaoooooaaaaaggggggggggddddd
llllldddddlllllaaaaaoooooaaaaaggggggggggddddd
gggggnnnnnpppppgggggvvvvvgggggbbbbbeeeeeccccc
gggggnnnnnpppppgggggvvvvvgggggbbbbbeeeeeccccc
gggggnnnnnpppppgggggvvvvvgggggbbbbbeeeeeccccc
gggggnnnnnpppppgggggvvvvvgggggbbbbbeeeeeccccc
gggggnnnnnpppppgggggvvvvvgggggbbbbbeeeeeccccc
zzzzzooooohhhhhpppppgggggxxxxxyyyyyqqqqqiiiii
zzzzzooooohhhhhpppppgggggxxxxxyyyyyqqqqqiiiii
zzzzzooooohhhhhpppppgggggxxxxxyyyyyqqqqqiiiii
zzzzzooooohhhhhpppppgggggxxxxxyyyyyqqqqqiiiii
zzzzzooooohhhhhpppppgggggxxxxxyyyyyqqqqqiiiii
hhhhhcccccccccccccccyyyyymmmmmsssssnnnnnaaaaa
hhhhhcccccccccccccccyyyyymmmmmsssssnnnnnaaaaa
hhhhhcccccccccccccccyyyyymmmmmsssssnnnnnaaaaa
hhhhhcccccccccccccccyyyyymmmmmsssssnnnnnaaaaa
hhhhhcccccccccccccccyyyyymmmmmsssssnnnnnaaaaa
xxxxxddddduuuuuuuuuufffffqqqqqfffffllllliiiii
xxxxxddddduuuuuuuuuufffffqqqqqfffffllllliiiii
xxxxxddddduuuuuuuuuufffffqqqqqfffffllllliiiii
xxxxxddddduuuuuuuuuufffffqqqqqfffffllllliiiii
xxxxxddddduuuuuuuuuufffffqqqqqfffffllllliiiii
jjjjjiiiiitttttxxxxxzzzzztttttuuuuubbbbbzzzzz
jjjjjiiiiitttttxxxxxzzzzztttttuuuuubbbbbzzzzz
jjjjjiiiiitttttxxxxxzzzzztttttuuuuubbbbbzzzzz
jjjjjiiiiitttttxxxxxzzzzztttttuuuuubbbbbzzzzz
jjjjjiiiiitttttxxxxxzzzzztttttuuuuubbbbbzzzzz
hhhxxxiiissspppeeecccxxxkkkwwwooosssssswwwmmmtttoookkk
hhhxxxiiissspppeeecccxxxkkkwwwooosssssswwwmmmtttoookkk
hhhxxxiiissspppeeecccxxxkkkwwwooosssssswwwmmmtttoookkk
jjjqqqiiikkkiiiffflllwwwnnnnnnyyyhhhqqqrrrcccssscccjjj
jjjqqqiiikkkiiiffflllwwwnnnnnnyyyhhhqqqrrrcccssscccjjj
jjjqqqiiikkkiiiffflllwwwnnnnnnyyyhhhqqqrrrcccssscccjjj
qqqnnngggpppkkkfffllljjjhhhwwwiiimmmiiibbbeeennnoookkk
qqqnnngggpppkkkfffllljjjhhhwwwiiimmmiiibbbeeennnoookkk
qqqnnngggpppkkkfffllljjjhhhwwwiiimmmiiibbbeeennnoookkk
aaauuuxxxiiiiiioookkkdddpppdddnnngggkkknnnzzzqqqzzzyyy
aaauuuxxxiiiiiioookkkdddpppdddnnngggkkknnnzzzqqqzzzyyy
aaauuuxxxiiiiiioookkkdddpppdddnnngggkkknnnzzzqqqzzzyyy
wwwiiipppjjjjjjqqqeeeeeebbbvvvzzzjjjvvvgggzzzhhhcccuuu
wwwiiipppjjjjjjqqqeeeeeebbbvvvzzzjjjvvvgggzzzhhhcccuuu
wwwiiipppjjjjjjqqqeeeeeebbbvvvzzzjjjvvvgggzzzhhhcccuuu
sssfffppplllzzznnntttyyysssbbbvvvnnnjjjdddaaapppkkkttt
sssfffppplllzzznnntttyyysssbbbvvvnnnjjjdddaaapppkkkttt
sssfffppplllzzznnntttyyysssbbbvvvnnnjjjdddaaapppkkkttt
wwwhhhjjjdddsssrrrlllzzzvvvfffqqqnnneeexxxmmmrrrhhhrrr
wwwhhhjjjdddsssrrrlllzzzvvvfffqqqnnneeexxxmmmrrrhhhrrr
wwwhhhjjjdddsssrrrlllzzzvvvfffqqqnnneeexxxmmmrrrhhhrrr
zzzqqqxxxbbbkkktttwwwuuullltttxxxhhhiiinnnnnnbbbgggnnn
zzzqqqxxxbbbkkktttwwwuuullltttxxxhhhiiinnnnnnbbbgggnnn
zzzqqqxxxbbbkkktttwwwuuullltttxxxhhhiiinnnnnnbbbgggnnn
fffvvvbbbcccoooqqquuusssiiiiiivvvxxxvvvwwwqqqyyydddggg
fffvvvbbbcccoooqqquuusssiiiiiivvvxxxvvvwwwqqqyyydddggg
fffvvvbbbcccoooqqquuusssiiiiiivvvxxxvvvwwwqqqyyydddggg
mmmrrrzzzzzzgggtttnnnqqqoooxxxxxxiiiggggggpppbbbbbbrrr
mmmrrrzzzzzzgggtttnnnqqqoooxxxxxxiiiggggggpppbbbbbbrrr
mmmrrrzzzzzzgggtttnnnqqqoooxxxxxxiiiggggggpppbbbbbbrrr
llluuuooojjjpppdddhhhwwwnnnjjjtttiiizzzeeennnaaavvvttt
llluuuooojjjpppdddhhhwwwnnnjjjtttiiizzzeeennnaaavvvttt
llluuuooojjjpppdddhhhwwwnnnjjjtttiiizzzeeennnaaavvvttt
ooooooxxxqqqppphhhxxxkkktttccchhhiiixxxffftttkkkrrrxxx
ooooooxxxqqqppphhhxxxkkktttccchhhiiixxxffftttkkkrrrxxx
ooooooxxxqqqppphhhxxxkkktttccchhhiiixxxffftttkkkrrrxxx
vvvlllmmmjjjqqqsssvvvtttcccjjjzzzrrryyytttzzzfffcccnnn
vvvlllmmmjjjqqqsssvvvtttcccjjjzzzrrryyytttzzzfffcccnnn
vvvlllmmmjjjqqqsssvvvtttcccjjjzzzrrryyytttzzzfffcccnnn
eeefffaaalllssswwwjjjcccmmmvvviiiqqqdddyyyrrrfffjjjeee
eeefffaaalllssswwwjjjcccmmmvvviiiqqqdddyyyrrrfffjjjeee
eeefffaaalllssswwwjjjcccmmmvvviiiqqqdddyyyrrrfffjjjeee
xxxgggtttnnnyyybbbvvvlllccckkkdddxxxwwwbbbssszzzkkkbbb
xxxgggtttnnnyyybbbvvvlllccckkkdddxxxwwwbbbssszzzkkkbbb
xxxgggtttnnnyyybbbvvvlllccckkkdddxxxwwwbbbssszzzkkkbbb
nnnpppmmmmmmuuufffiiijjjqqqdddaaatttsssooohhhtttyyyggg
nnnpppmmmmmmuuufffiiijjjqqqdddaaatttsssooohhhtttyyyggg
nnnpppmmmmmmuuufffiiijjjqqqdddaaatttsssooohhhtttyyyggg
iiiuuuyyybbbiiibbbuuuxxxjjjxxxvvviiivvvbbbrrryyybbbuuu
iiiuuuyyybbbiiibbbuuuxxxjjjxxxvvviiivvvbbbrrryyybbbuuu
iiiuuuyyybbbiiibbbuuuxxxjjjxxxvvviiivvvbbbrrryyybbbuuu
iiipppjjjaaasssiiiqqqxxxlllnnnmmmnnnpppfffiiiooowwwddd
iiipppjjjaaasssiiiqqqxxxlllnnnmmmnnnpppfffiiiooowwwddd
iiipppjjjaaasssiiiqqqxxxlllnnnmmmnnnpppfffiiiooowwwddd
yyyyyyyaaaaaaazzzzzzzbbbbbbbeeeeeeeeeeeeeettttttteeeeeeeeeeeeeeccccccc
yyyyyyyaaaaaaazzzzzzzbbbbbbbeeeeeeeeeeeeeettttttteeeeeeeeeeeeeeccccccc
yyyyyyyaaaaaaazzzzzzzbbbbbbbeeeeeeeeeeeeeettttttteeeeeeeeeeeeeeccccccc
yyyyyyyaaaaaaazzzzzzzbbbbbbbeeeeeeeeeeeeeettttttteeeeeeeeeeeeeeccccccc
yyyyyyyaaaaaaazzzzzzzbbbbbbbeeeeeeeeeeeeeettttttteeeeeeeeeeeeeeccccccc
yyyyyyyaaaaaaazzzzzzzbbbbbbbeeeeeeeeeeeeeettttttteeeeeeeeeeeeeeccccccc
yyyyyyyaaaaaaazzzzzzzbbbbbbbeeeeeeeeeeeeeettttttteeeeeeeeeeeeeeccccccc
lllllllcccccccmmmmmmmtttttttrrrrrrrzzzzzzzxxxxxxxtttttttfffffffaaaaaaa
lllllllcccccccmmmmmmmtttttttrrrrrrrzzzzzzzxxxxxxxtttttttfffffffaaaaaaa
lllllllcccccccmmmmmmmtttttttrrrrrrrzzzzzzzxxxxxxxtttttttfffffffaaaaaaa
lllllllcccccccmmmmmmmtttttttrrrrrrrzzzzzzzxxxxxxxtttttttfffffffaaaaaaa
lllllllcccccccmmmmmmmtttttttrrrrrrrzzzzzzzxxxxxxxtttttttfffffffaaaaaaa
lllllllcccccccmmmmmmmtttttttrrrrrrrzzzzzzzxxxxxxxtttttttfffffffaaaaaaa
lllllllcccccccmmmmmmmtttttttrrrrrrrzzzzzzzxxxxxxxtttttttfffffffaaaaaaa
dddddddgggggggiiiiiiirrrrrrrkkkkkkkzzzzzzzgggggggssssssszzzzzzzfffffff
dddddddgggggggiiiiiiirrrrrrrkkkkkkkzzzzzzzgggggggssssssszzzzzzzfffffff
dddddddgggggggiiiiiiirrrrrrrkkkkkkkzzzzzzzgggggggssssssszzzzzzzfffffff
dddddddgggggggiiiiiiirrrrrrrkkkkkkkzzzzzzzgggggggssssssszzzzzzzfffffff
dddddddgggggggiiiiiiirrrrrrrkkkkkkkzzzzzzzgggggggssssssszzzzzzzfffffff
dddddddgggggggiiiiiiirrrrrrrkkkkkkkzzzzzzzgggggggssssssszzzzzzzfffffff
dddddddgggggggiiiiiiirrrrrrrkkkkkkkzzzzzzzgggggggssssssszzzzzzzfffffff
kkkkkkkvvvvvvvqqqqqqqiiiiiiipppppppvvvvvvvrrrrrrrbbbbbbbjjjjjjjxxxxxxx
kkkkkkkvvvvvvvqqqqqqqiiiiiiipppppppvvvvvvvrrrrrrrbbbbbbbjjjjjjjxxxxxxx
kkkkkkkvvvvvvvqqqqqqqiiiiiiipppppppvvvvvvvrrrrrrrbbbbbbbjjjjjjjxxxxxxx
kkkkkkkvvvvvvvqqqqqqqiiiiiiipppppppvvvvvvvrrrrrrrbbbbbbbjjjjjjjxxxxxxx
kkkkkkkvvvvvvvqqqqqqqiiiiiiipppppppvvvvvvvrrrrrrrbbbbbbbjjjjjjjxxxxxxx
kkkkkkkvvvvvvvqqqqqqqiiiiiiipppppppvvvvvvvrrrrrrrbbbbbbbjjjjjjjxxxxxxx
kkkkkkkvvvvvvvqqqqqqqiiiiiiipppppppvvvvvvvrrrrrrrbbbbbbbjjjjjjjxxxxxxx
yyyyyyyeeeeeeefffffffxxxxxxxjjjjjjjjjjjjjjfffffffrrrrrrrbbbbbbbppppppp
yyyyyyyeeeeeeefffffffxxxxxxxjjjjjjjjjjjjjjfffffffrrrrrrrbbbbbbbppppppp
yyyyyyyeeeeeeefffffffxxxxxxxjjjjjjjjjjjjjjfffffffrrrrrrrbbbbbbbppppppp
yyyyyyyeeeeeeefffffffxxxxxxxjjjjjjjjjjjjjjfffffffrrrrrrrbbbbbbbppppppp
yyyyyyyeeeeeeefffffffxxxxxxxjjjjjjjjjjjjjjfffffffrrrrrrrbbbbbbbppppppp
yyyyyyyeeeeeeefffffffxxxxxxxjjjjjjjjjjjjjjfffffffrrrrrrrbbbbbbbppppppp
yyyyyyyeeeeeeefffffffxxxxxxxjjjjjjjjjjjjjjfffffffrrrrrrrbbbbbbbppppppp
hhhhhhhoooooootttttttooooooodddddddeeeeeeegggggggyyyyyyyuuuuuuuvvvvvvv
hhhhhhhoooooootttttttooooooodddddddeeeeeeegggggggyyyyyyyuuuuuuuvvvvvvv
hhhhhhhoooooootttttttooooooodddddddeeeeeeegggggggyyyyyyyuuuuuuuvvvvvvv
hhhhhhhoooooootttttttooooooodddddddeeeeeeegggggggyyyyyyyuuuuuuuvvvvvvv
hhhhhhhoooooootttttttooooooodddddddeeeeeeegggggggyyyyyyyuuuuuuuvvvvvvv
hhhhhhhoooooootttttttooooooodddddddeeeeeeegggggggyyyyyyyuuuuuuuvvvvvvv
hhhhhhhoooooootttttttooooooodddddddeeeeeeegggggggyyyyyyyuuuuuuuvvvvvvv
tttttttaaaaaaahhhhhhhppppppplllllllsssssssnnnnnnnlllllllvvvvvvvttttttt
tttttttaaaaaaahhhhhhhppppppplllllllsssssssnnnnnnnlllllllvvvvvvvttttttt
tttttttaaaaaaahhhhhhhppppppplllllllsssssssnnnnnnnlllllllvvvvvvvttttttt
tttttttaaaaaaahhhhhhhppppppplllllllsssssssnnnnnnnlllllllvvvvvvvttttttt
tttttttaaaaaaahhhhhhhppppppplllllllsssssssnnnnnnnlllllllvvvvvvvttttttt
tttttttaaaaaaahhhhhhhppppppplllllllsssssssnnnnnnnlllllllvvvvvvvttttttt
tttttttaaaaaaahhhhhhhppppppplllllllsssssssnnnnnnnlllllllvvvvvvvttttttt
hhhhhhhoooooooeeeeeeesssssssiiiiiiivvvvvvvgggggggfffffffmmmmmmmggggggg
hhhhhhhoooooooeeeeeeesssssssiiiiiiivvvvvvvgggggggfffffffmmmmmmmggggggg
hhhhhhhoooooooeeeeeeesssssssiiiiiiivvvvvvvgggggggfffffffmmmmmmmggggggg
hhhhhhhoooooooeeeeeeesssssssiiiiiiivvvvvvvgggggggfffffffmmmmmmmggggggg
hhhhhhhoooooooeeeeeeesssssssiiiiiiivvvvvvvgggggggfffffffmmmmmmmggggggg
hhhhhhhoooooooeeeeeeesssssssiiiiiiivvvvvvvgggggggfffffffmmmmmmmggggggg
hhhhhhhoooooooeeeeeeesssssssiiiiiiivvvvvvvgggggggfffffffmmmmmmmggggggg
ccccccciiiiiiivvvvvvvjjjjjjjooooooodddddddoooooooyyyyyyyaaaaaaayyyyyyy
ccccccciiiiiiivvvvvvvjjjjjjjooooooodddddddoooooooyyyyyyyaaaaaaayyyyyyy
ccccccciiiiiiivvvvvvvjjjjjjjooooooodddddddoooooooyyyyyyyaaaaaaayyyyyyy
ccccccciiiiiiivvvvvvvjjjjjjjooooooodddddddoooooooyyyyyyyaaaaaaayyyyyyy
ccccccciiiiiiivvvvvvvjjjjjjjooooooodddddddoooooooyyyyyyyaaaaaaayyyyyyy
ccccccciiiiiiivvvvvvvjjjjjjjooooooodddddddoooooooyyyyyyyaaaaaaayyyyyyy
ccccccciiiiiiivvvvvvvjjjjjjjooooooodddddddoooooooyyyyyyyaaaaaaayyyyyyy
sssssssiiiiiiiaaaaaaayyyyyyyaaaaaaaooooooopppppppxxxxxxxaaaaaaaqqqqqqq
sssssssiiiiiiiaaaaaaayyyyyyyaaaaaaaooooooopppppppxxxxxxxaaaaaaaqqqqqqq
sssssssiiiiiiiaaaaaaayyyyyyyaaaaaaaooooooopppppppxxxxxxxaaaaaaaqqqqqqq
sssssssiiiiiiiaaaaaaayyyyyyyaaaaaaaooooooopppppppxxxxxxxaaaaaaaqqqqqqq
sssssssiiiiiiiaaaaaaayyyyyyyaaaaaaaooooooopppppppxxxxxxxaaaaaaaqqqqqqq
sssssssiiiiiiiaaaaaaayyyyyyyaaaaaaaooooooopppppppxxxxxxxaaaaaaaqqqqqqq
sssssssiiiiiiiaaaaaaayyyyyyyaaaaaaaooooooopppppppxxxxxxxaaaaaaaqqqqqqq
wwoozzooyyggvvbbccwwoouunneeggeellppvvjjvveelluujjllqqrriillqqnnddccqqwwwweebbddrrbbcccckkuuvvwwggoo
wwoozzooyyggvvbbccwwoouunneeggeellppvvjjvveelluujjllqqrriillqqnnddccqqwwwweebbddrrbbcccckkuuvvwwggoo
eexxrrssjjyyqqxxuuyyooggllnnnnhhjjqqjjmmnnccjjggddkkmmggeeffssooyyvveehhwwyymmzzssrriillqqiikkwwrrkk
eexxrrssjjyyqqxxuuyyooggllnnnnhhjjqqjjmmnnccjjggddkkmmggeeffssooyyvveehhwwyymmzzssrriillqqiikkwwrrkk
kkbbggttddiillttffvvzzttxxddppiiqqeekkttiittppnneeiiggccwwjjjjrrxxccxxyymmwwnnffzzaazzvvwweeccooiigg
kkbbggttddiillttffvvzzttxxddppiiqqeekkttiittppnneeiiggccwwjjjjrrxxccxxyymmwwnnffzzaazzvvwweeccooiigg
xxaawwhhmmiieellrriiddiiaallrrccmmuuzzlljjnnrrzzccuuwwppllzzkkkkeeggppbbaaxxffppzzqquullppvvwwqqoomm
xxaawwhhmmiieellrriiddiiaallrrccmmuuzzlljjnnrrzzccuuwwppllzzkkkkeeggppbbaaxxffppzzqquullppvvwwqqoomm
oohhllddttddvvoossxxllzzyyiiddxxxxxxwwppyyrrppccxxmmbbppooggaatteeppggssiiffnnbbllxxllaaiiuuddeeooxx
oohhllddttddvvoossxxllzzyyiiddxxxxxxwwppyyrrppccxxmmbbppooggaatteeppggssiiffnnbbllxxllaaiiuuddeeooxx
ggnnxxiimmxxnnnnppzznnzzffwwqqllddppoowwhhhhkknnwwjjccggrraayyccxxccffqqeerrssllooggttkkjjnnkkppssii
ggnnxxiimmxxnnnnppzznnzzffwwqqllddppoowwhhhhkknnwwjjccggrraayyccxxccffqqeerrssllooggttkkjjnnkkppssii
oowwnnrrvvssfflleemmjjrrccrrttnnaaiiiimmffnneemmooggrruuuuppqqvvhhlliihhaaggjjeeqqoojjmmaallnnssbbzz
oowwnnrrvvssfflleemmjjrrccrrttnnaaiiiimmffnneemmooggrruuuuppqqvvhhlliihhaaggjjeeqqoojjmmaallnnssbbzz
jjttppjjrrssooffeeppssyyllhhoooovvggiippbbjjppiillttvvooffaaggjjssvvrrllrrkkuunnaaxxppggwwbbgghhbbll
jjttppjjrrssooffeeppssyyllhhoooovvggiippbbjjppiillttvvooffaaggjjssvvrrllrrkkuunnaaxxppggwwbbgghhbbll
oowwccccvvwwjjqqppnnmmggiiuukkbbcctthhvvmmssffgghhyyggeeppjjmmnnwwookkqqxxmmddlluurraavviiffppllffnn
oowwccccvvwwjjqqppnnmmggiiuukkbbcctthhvvmmssffgghhyyggeeppjjmmnnwwookkqqxxmmddlluurraavviiffppllffnn
bboottssiixxppuukkccsssseeiikkffssffuussvvqqccllhhccttwwvvddyykkoohhyyjjppvvnnyykkffssaauukkooooccnn
bboottssiixxppuukkccsssseeiikkffssffuussvvqqccllhhccttwwvvddyykkoohhyyjjppvvnnyykkffssaauukkooooccnn
vvrrssttjjffjjppiijjvvffyyaayyxxmmaawwbbttqqjjxxoovvnnssxxxxjjrruuxxeellhhbbgglliihhccjjmmooyyppaaee
vvrrssttjjffjjppiijjvvffyyaayyxxmmaawwbbttqqjjxxoovvnnssxxxxjjrruuxxeellhhbbgglliihhccjjmmooyyppaaee
yyddqqlljjggssssooeeeeddzzeeppxxiiddmmzzssooggaaccddeeddrrqqjjkkddggsszzbbooffttnnllqqrreekkaappnnoo
yyddqqlljjggssssooeeeeddzzeeppxxiiddmmzzssooggaaccddeeddrrqqjjkkddggsszzbbooffttnnllqqrreekkaappnnoo
mmddoommppaazzjjccaaggxxiihhddhhrrhhssaaiiaappnnzzllffzzzzgguuaajjbbkknnqqxxooeekkzzqqeeuuiijjuuccxx
mmddoommppaazzjjccaaggxxiihhddhhrrhhssaaiiaappnnzzllffzzzzgguuaajjbbkknnqqxxooeekkzzqqeeuuiijjuuccxx
qqppyyqqdduuxxzzwwppvvqqiippqqvvoohhxxiicciitthhvvqqllllqqgglleehhrrrraaqquuvvffvveerryyaaqquuyywwee
qqppyyqqdduuxxzzwwppvvqqiippqqvvoohhxxiicciitthhvvqqllllqqgglleehhrrrraaqquuvvffvveerryyaaqquuyywwee
ccuuwwrruuggffiiffzzssyyppbbeeffffttwwppffnnjjwwzzeexxbbkknnnnzzbbmmllmmssvviieezzqqddkkwwffssvvbbww
ccuuwwrruuggffiiffzzssyyppbbeeffffttwwppffnnjjwwzzeexxbbkknnnnzzbbmmllmmssvviieezzqqddkkwwffssvvbbww
uuttuuoohhrrqqaaffiioozzyyaaiijjiisssseecceexxaazzoohhyywwttvvxxwwzznnsszzeeccffiillssffaattffffttnn
uuttuuoohhrrqqaaffiioozzyyaaiijjiisssseecceexxaazzoohhyywwttvvxxwwzznnsszzeeccffiillssffaattffffttnn
aallzzddaawwvvxxffggkkffzzppyyhhffqqxxttvvmmffyymmnnrrllrrnnyyhhoojjffzzssvvllgguullxxccaazznnooppqq
aallzzddaawwvvxxffggkkffzzppyyhhffqqxxttvvmmffyymmnnrrllrrnnyyhhoojjffzzssvvllgguullxxccaazznnooppqq
bbllaawwllyyttbbddsseeqqmmrrzzggyymmeemmeeiimmcctteebbwwaannffttiibbhhccllhhvvbbiirrmmqqzzdduuiihhzz
bbllaawwllyyttbbddsseeqqmmrrzzggyymmeemmeeiimmcctteebbwwaannffttiibbhhccllhhvvbbiirrmmqqzzdduuiihhzz
ddjjhhzzttssjjeeggxxyyhhuurrkkyyrrlliippddccuuccttlluuvvaallqqttaaqqyyqqssooffggvvwwhhaaxxuullkkiinn
ddjjhhzzttssjjeeggxxyyhhuurrkkyyrrlliippddccuuccttlluuvvaallqqttaaqqyyqqssooffggvvwwhhaaxxuullkkiinn
aaxxeevvggiiffwwddffnnxxvviiuuuuttoossssyyllffggiikkggqqffffffsshhppvvnnggookkppbbmmyyqqddqqnnjjnnrr
aaxxeevvggiiffwwddffnnxxvviiuuuuttoossssyyllffggiikkggqqffffffsshhppvvnnggookkppbbmmyyqqddqqnnjjnnrr
xxppkkkkjjwwccmmyyhhbbkkbbttffqqeeddnnddqqzzkkoowwcciixxuuvvttwwddjjddbbvvyyuullccnnttmmvvjjxxssjjll
xxppkkkkjjwwccmmyyhhbbkkbbttffqqeeddnnddqqzzkkoowwcciixxuuvvttwwddjjddbbvvyyuullccnnttmmvvjjxxssjjll
jjqqrreerrvvsswwhheeddiiggjjuussvvffeevvttuukkoommqqmmjjhhffqqddbbddhhccppuukkcceekkssttrrqqqqiiggbb
jjqqrreerrvvsswwhheeddiiggjjuussvvffeevvttuukkoommqqmmjjhhffqqddbbddhhccppuukkcceekkssttrrqqqqiiggbb
xxmmmmzzzzwwwwssbbvvvvookkyyssvvwwsseeiiwwqqiixxttooccuuzziijjrrbbmmrryyhhjjddzzbbggrraaeeuuvveellaa
xxmmmmzzzzwwwwssbbvvvvookkyyssvvwwsseeiiwwqqiixxttooccuuzziijjrrbbmmrryyhhjjddzzbbggrraaeeuuvveellaa
hhwwxxrraaggddvvnnyynnvvaaggddrrhhssqqbbllvvuunnwwvvvvoovvyyiiggoojjqqzzccxxoooommyyjjttjjrrmmddkkii
hhwwxxrraaggddvvnnyynnvvaaggddrrhhssqqbbllvvuunnwwvvvvoovvyyiiggoojjqqzzccxxoooommyyjjttjjrrmmddkkii
wwkkddxxjjxxaaddggttlleeggttmmeeffwwuuddqqbboobboohhbbzzddsszzaawwkkxxqqsszzuuyyssmmccwwyyzzgghhccii
wwkkddxxjjxxaaddggttlleeggttmmeeffwwuuddqqbboobboohhbbzzddsszzaawwkkxxqqsszzuuyyssmmccwwyyzzgghhccii
jjccccaammsshhmmcclliiyynnwwoozzzzmmffrrggjjkkmmkkkkaalliihhnnqqddbblleewwlleesskkttiittkkwwccoouunn
jjccccaammsshhmmcclliiyynnwwoozzzzmmffrrggjjkkmmkkkkaalliihhnnqqddbblleewwlleesskkttiittkkwwccoouunn
ggzzhhmmssyyssgguuhhffuuxxddyykkiijjyyttzzrrccccrrhhttzzggpprrrrddllssmmwwddkkyyddllppbbkkjjttjjyyzz
ggzzhhmmssyyssgguuhhffuuxxddyykkiijjyyttzzrrccccrrhhttzzggpprrrrddllssmmwwddkkyyddllppbbkkjjttjjyyzz
ggbbllffmmggllmmddhhhhttttwwmmhhjjrrccnnaaddllttxxddmmqquuttnnuuppkkwwyypprruuhhiioottkkvvjjddddzzzz
ggbbllffmmggllmmddhhhhttttwwmmhhjjrrccnnaaddllttxxddmmqquuttnnuuppkkwwyypprruuhhiioottkkvvjjddddzzzz
bbuuyyyycckkyyaajjttkkbbnnyynnkkoooojjssdduujjeewwvveebbllaabbffssvvrrllzzddkkqquuzzttdduubbttvvttww
bbuuyyyycckkyyaajjttkkbbnnyynnkkoooojjssdduujjeewwvveebbllaabbffssvvrrllzzddkkqquuzzttdduubbttvvttww
xxttjjssrryywwggssrrjjwwrrttbbiixxjjuujjxxnnnnzzwwsseeddeeuubbyyqqddrruujjiiqqyyddppuujjjjiiuuwwlloo
xxttjjssrryywwggssrrjjwwrrttbbiixxjjuujjxxnnnnzzwwsseeddeeuubbyyqqddrruujjiiqqyyddppuujjjjiiuuwwlloo
pptteeqqaajjpphhaauuyyyyyyggppqqrrttttppiieeccllzzeehhvvzzuuuuddnnttttccwwppwwhhyyaaeemmzzffvvcclljj
pptteeqqaajjpphhaauuyyyyyyggppqqrrttttppiieeccllzzeehhvvzzuuuuddnnttttccwwppwwhhyyaaeemmzzffvvcclljj
hhhhffggbbyybbddxxnnrrkkllkkssjjggggffqqjjzzssooiiiiaauukkxxjjkkvvzzuuppllaauuwwxxffjjddnnkkuuiiggee
hhhhffggbbyybbddxxnnrrkkllkkssjjggggffqqjjzzssooiiiiaauukkxxjjkkvvzzuuppllaauuwwxxffjjddnnkkuuiiggee
ssdduummaaqqcciinnjjaaqqddssiiffzzeehhvvuukkqqppqqttvvlloojjeeqqoorrrrffttiiaaqqccaazzmmwweevvsshhll
ssdduummaaqqcciinnjjaaqqddssiiffzzeehhvvuukkqqppqqttvvlloojjeeqqoorrrrffttiiaaqqccaazzmmwweevvsshhll
eehhjjoowwcckklleeggffooffccssffttrrssrreeaarrllddccvvttzzxxppbbxxkkmmwwwwppffkkooaaxxhhxxyyrrwwnnqq
eehhjjoowwcckklleeggffooffccssffttrrssrreeaarrllddccvvttzzxxppbbxxkkmmwwwwppffkkooaaxxhhxxyyrrwwnnqq
iiooffccvvssvvxxkkaaaattzzeejjhhvviinnggnnqqsshhwwgghhddnnqqggaassiissyynniivvnnvvttbbyyddvvllxxqqii
iiooffccvvssvvxxkkaaaattzzeejjhhvviinnggnnqqsshhwwgghhddnnqqggaassiissyynniivvnnvvttbbyyddvvllxxqqii
mmaaffaawwttttrrqqppllooeesstthhmmvvddbbddyyffddhhqqyyaapprroogghhjjiikkggqqvvbbuujjttzziizzvvaayyii
mmaaffaawwttttrrqqppllooeesstthhmmvvddbbddyyffddhhqqyyaapprroogghhjjiikkggqqvvbbuujjttzziizzvvaayyii
oommqquunnttvvbboollzzvvbbbbhhkkkkggzzyybbaahhssiilleejjnnqqddiiuuvvwwyyjjffmmiiccuussvvccrrwwyyoouu
oommqquunnttvvbboollzzvvbbbbhhkkkkggzzyybbaahhssiilleejjnnqqddiiuuvvwwyyjjffmmiiccuussvvccrrwwyyoouu
nneebbqqnnaaaaggaahhqqttuueevvccssggwwwwbbiihhrraauuqqzzzzeekkttvvooqqllvvyyllwwwwrrgghhkkgghhqqbbqq
nneebbqqnnaaaaggaahhqqttuueevvccssggwwwwbbiihhrraauuqqzzzzeekkttvvooqqllvvyyllwwwwrrgghhkkgghhqqbbqq
jjmmeewwttddjjddllwwzzffkkyywwvvxxxxjjqqiiaatthhbboollccssiinnhhttnnaavvaaqqvvggssiiggccvvffyyddcckk
jjmmeewwttddjjddllwwzzffkkyywwvvxxxxjjqqiiaatthhbboollccssiinnhhttnnaavvaaqqvvggssiiggccvvffyyddcckk
hhhhaaooggeekkiinnkkoojjaammjjbbgglleesseeqqbbppppwwttkkggxxffbbuuddaaqqeeddnnggyybboowwwwllyyllggll
hhhhaaooggeekkiinnkkoojjaammjjbbgglleesseeqqbbppppwwttkkggxxffbbuuddaaqqeeddnnggyybboowwwwllyyllggll
llzznnkkmmjjyyrrlliidddduummqqeeeejjmmppwwttffxxrryyjjrrooggjjyyzzooffzzkkuuggxxoovvppsszzllccjjiigg
llzznnkkmmjjyyrrlliidddduummqqeeeejjmmppwwttffxxrryyjjrrooggjjyyzzooffzzkkuuggxxoovvppsszzllccjjiigg
yyuuccmmhhccqqqqooccppkkllsshhffzzddiiccbbeeoojjzzwwuuaaiiuummuuiizzhhuuggiieejjwwmmffooxxwwppeeyymm
yyuuccmmhhccqqqqooccppkkllsshhffzzddiiccbbeeoojjzzwwuuaaiiuummuuiizzhhuuggiieejjwwmmffooxxwwppeeyymm
iihhggddxxvvaarrnnxxaavvccvveeggffyyxxwwddyymmllhhccmmyyuueeeeddppmmjjggffhhzzvvuuddppuuffhhwwjjllvv
iihhggddxxvvaarrnnxxaavvccvveeggffyyxxwwddyymmllhhccmmyyuueeeeddppmmjjggffhhzzvvuuddppuuffhhwwjjllvv
ccaassffqqppooeevvggnnttjjqqyyppkkllccvveeddxxccoossttqqeeqqiirrkkccffmmuuhhllaattzzyylllliiccbbeegg
ccaassffqqppooeevvggnnttjjqqyyppkkllccvveeddxxccoossttqqeeqqiirrkkccffmmuuhhllaattzzyylllliiccbbeegg
ttjjwwggbbaarryywwppbbccllvvbbxxffxxxxssjjxxffppeehheezzbbuuccsspprryyttppnnjjzzttjjvveebbqqttllddyy
ttjjwwggbbaarryywwppbbccllvvbbxxffxxxxssjjxxffppeehheezzbbuuccsspprryyttppnnjjzzttjjvveebbqqttllddyy
rrjjppyyqqbbhhiiiioorrddiiuudduuvvjjvviippllggggttffoozzuuqqttmmuuooppuuhhddbbyyccccqqttoorrppiixxgg
rrjjppyyqqbbhhiiiioorrddiiuudduuvvjjvviippllggggttffoozzuuqqttmmuuooppuuhhddbbyyccccqqttoorrppiixxgg
vvssdduussllkkiikkiieeiijjoottbbllppffyyccssuuhhnnbbssbbxxbbaallttttkkggddaasswweessssttaaxxwwiirrmm
vvssdduussllkkiikkiieeiijjoottbbllppffyyccssuuhhnnbbssbbxxbbaallttttkkggddaasswweessssttaaxxwwiirrmm
vvhhjjlljjuucczzwwllxxnnffbbttqqkkttffyyssppkkrrnnuuccffyybbmmhhggooqqqqqqzzrrnnbbnnccbbjjkkssttqqss
vvhhjjlljjuucczzwwllxxnnffbbttqqkkttffyyssppkkrrnnuuccffyybbmmhhggooqqqqqqzzrrnnbbnnccbbjjkkssttqqss
uuaaxxnnssddiiffxxffrrccvvooppxxccrrttuuhhaayywwkkaaeekkkkmmnnrrccoottnnhhjjmmggiixxxxffllbbhhzzuuxx
uuaaxxnnssddiiffxxffrrccvvooppxxccrrttuuhhaayywwkkaaeekkkkmmnnrrccoottnnhhjjmmggiixxxxffllbbhhzzuuxx
hhcchhllccnnppoossggiivvvvttiiwwrrqquuyymmyyaazzqqlluuttnnffwweeiinnllrriijjggddiijjlliiyyiikkffllzz
hhcchhllccnnppoossggiivvvvttiiwwrrqquuyymmyyaazzqqlluuttnnffwweeiinnllrriijjggddiijjlliiyyiikkffllzz
error
error
error
error
error
