419504
96295
334958
636478
114964
628081
464114
560260
479222
121326
64291
607551
278318
56546
413182
159607
313038
362098
635804
380900
594905
358972
325402
765893
705879
755158
206101
49049
7285
244319
208205
77015
623675
348208
515431
96136
607270
610292
656473
119999
320041
403718
80158
141749
485618
21142
320170
693914
491188
410854
370366
98794
516090
548215
619499
324664
334557
32729
103186
497681
122368
214305
264691
608764
537406
531450
398972
270078
538103
424550
672046
153343
537760
335339
159656
452931
85666
579258
744991
584140
156188
108870
267092
375160
582599
265439
281122
653111
276165
315874
761826
680019
400839
681868
764274
115259
216763
537418
111864
593799
488333
609004
341151
791557
624815
74799
730128
456733
139227
451349
137049
388855
410690
430384
345382
72618
486772
586725
540724
668278
316158
140902
707361
1687
682407
475961
186596
308975
99133
538537
235214
573796
889137
735120
365373
531221
282948
294607
201828
300686
411665
476096
44419
24501
242387
72481
327519
380479
780842
434814
150127
112610
419135
386644
780134
292919
571087
671716
211562
477691
633921
366513
72501
541286
200530
176136
550361
818932
208388
181543
145239
477499
463586
576896
46427
57317
678860
103582
509364
512516
675620
466086
257299
539756
655426
683569
237106
160055
635370
629955
14648
411507
672524
727559
220775
73395
37945
488316
304447
326034
283576
175963
270104
377772
367810
316424
590654
11930
347884
662736
29949
323693
617962
477996
668347
537594
503523
640372
106441
438955
439079
157232
588698
132867
185464
154680
138405
489
272368
533353
440531
693137
582926
186447
73185
210901
516529
169446
123862
272035
433659
308522
397037
523321
106884
201415
269193
692446
369211
222175
103715
134417
355639
641133
195205
641921
773153
95354
546952
330432
453042
12007
321618
546600
304070
188522
101703
690185
314215
516672
671898
417451
385868
540953
628850
238875
623068
755785
72256
518329
781298
123006
127216
487409
611929
538129
317904
202485
444169
108727
566722
489235
650720
333934
57386
443385
644684
389223
616245
841120
735522
876504
366197
560916
262722
64091
322412
107480
362773
304491
375990
545070
369899
473225
468105
886085
460946
493593
328913
555616
139847
456839
285620
629455
562328
351241
143782
348847
457769
314603
86279
593041
594150
557417
326608
445494
441363
342758
492387
435730
59057
310320
102645
400765
81322
622176
561121
159063
537953
148095
43653
741120
501211
397265
186065
552194
306650
34757
641430
456039
420854
665699
157250
328814
151571
84397
276842
451120
691274
164556
543610
66692
290560
588939
113225
105836
704102
801813
449380
266632
566950
317926
524935
85916
577785
42718
29373
293652
564766
673747
706620
16337
427231
540940
634492
577770
287152
140714
719359
182697
524665
227574
413469
612336
459980
326764
837339
12201
168005
636688
148304
74978
423909
232096
235070
32971
165543
153046
52292
324694
86881
518839
310976
61863
96858
33397
388365
808410
175613
387133
79358
276623
587535
376399
478753
347018
573043
515974
89788
184421
639867
643127
554162
421126
311891
296611
146632
654404
494367
583071
200523
463921
213513
295815
744557
508491
206123
778938
7116
253172
321808
125808
223923
23474
638298
682825
424522
238582
310771
86402
57771
646473
329599
27243
92658
537149
750778
71406
400781
316881
113240
109416
147630
174648
365252
560675
403161
117736
4361
26139
549290
408664
648472
490564
589476
314244
55232
235919
392127
262313
29461
177417
86108
251120
29181
537854
436055
318981
71844
285425
557480
374249
83438
433727
320892
276033
525715
559772
423946
245748
184463
188687
25286
414733
651202
739815
370400
292039
189699
304091
71713
559221
229950
269864
270161
552557
261311
450553
273575
291751
55925
105907
248104
5218
193262
198203
271398
457018
515858
444321
144118
384923
235384
282867
611306
733036
432413
75841
240538
629042
487543
322261
364769
593678
78744
430010
376506
325432
378805
682375
358568
779270
465571
331083
517675
532948
276404
325091
210713
389085
156765
379916
126767
109824
93214
538468
334587
45641
117257
172804
241237
84306
83092
311306
638357
636556
558674
76091
598738
335088
375827
158579
245572
708451
428148
214592
496632
496769
527643
651774
332732
382542
274503
542407
502434
179264
61416
266073
161946
610918
491578
123867
297050
652946
103906
305750
178056
269892
523691
95718
160838
137364
308199
15713
147055
283149
216983
244933
199224
742638
136286
98251
147635
75338
238754
703313
795557
479759
268797
168516
170985
377101
283443
6209
722586
919197
444749
447752
511098
5101
605546
386058
270109
405511
542345
230113
104092
482121
36734
569881
254546
352535
183792
302878
324066
522957
499223
22286
368350
322075
268676
615315
323778
129083
59233
454190
319033
113407
523127
794617
12994
62569
233300
440056
763692
341659
408181
204896
178836
32244
226609
76661
195044
632236
664255
455662
75556
649296
33751
733681
344926
681751
804297
817717
422636
648310
159533
403256
263791
50849
201760
44298
180423
318485
517668
177444
377074
579217
408557
384304
461706
203818
311579
24497
483541
350821
281323
386879
799965
385760
187422
296312
360951
892848
377583
405681
549413
113808
120546
447687
450699
253962
181124
7601
188801
440081
146577
189681
720759
37211
430349
192130
386831
260446
529410
498372
294261
640789
255734
214998
343187
337202
399639
381975
219953
457255
459492
625503
589073
162085
224430
258526
190474
254899
498327
300688
243131
207635
619082
781917
116753
525198
201219
186203
175560
231320
178893
405419
361496
185914
1836865
7136531
3665049
9235702
9952612
4786133
3611339
14299920
13912267
5480491
6680286
2825636
2758068
9422810
3113079
8672249
29476
7195870
3390445
4847930
12876471
9185649
793153
6291962
8567795
4914128
12254530
4571574
11692323
3952572
1904888
8373807
10702176
3844546
7712425
7330264
9305669
418489
10569894
4193587
6821760
2312431
3958075
5053151
9103761
3743431
7472270
1816387
8457239
7256044
3416890
8233740
1270648
11830636
4637137
5162196
3022798
5704541
8138868
6029640
1362805
1994892
1935422
1779022
13356186
1366743
4751324
8877838
12484367
12766903
426327
7064226
6987782
9431419
7804799
5519982
3514507
9075686
458311
11065977
5033843
9700680
13081992
13860153
6068642
12289937
6570688
2525082
10916584
317884
5343113
10721081
1543602
3021042
1128925
13163052
9681038
2543243
14022931
13191982
12076291
846763
3233400
718885
5798163
3638610
2711104
690710
8135500
421340
1671219
1149721
2435735
12448419
7182395
5199117
10843984
10841234
13131726
6236426
5517802
5213530
1532823
1878126
181674
12189984
4194334
1477
59885
7036620
10398757
1963431
4661010
161306
10412322
6711419
98307
4189257
5804465
1002387
2350509
11071311
971606
734877
9755292
4256081
7763227
2634974
1289865
4880708
12891479
10835472
9550148
7395439
3108407
935481
5102388
4740944
10263049
7124599
8468536
3078731
12965123
11696449
5735874
5966215
8156104
3631211
4567506
6513005
3939234
12396763
8798671
3486191
11338026
13830031
3061566
2866767
13745032
5777231
13288890
2896398
7907749
9353150
5836091
10649833
11565795
12019298
13982341
8784226
13597143
13662638
4255433
13595663
11644950
610263935
920817909
475672079
1176823366
2568044555
