479799996
559987406
173574248
414521015
435350101
700635296
260375015
89074409
377135544
408258434
551176217
27254026
306297792
254632387
447509594
817903044
963868466
827085336
1067266388
422475867
31622164
843934379
105738540
870679243
513141034
752944662
798135577
305400376
650171300
371654894
815895137
941306561
147279297
620508800
280513064
361333707
276537955
845332222
680951731
413885180
39528754
497484911
245755830
364048182
141395223
820992337
15646258
838507209
642655514
49186917
550868340
35534828
679180490
372064430
786527236
753073799
695776830
291281395
266557024
791299658
1054188356
100843804
546577519
320976079
198461272
918244673
166015704
377028415
603642659
164525255
454566579
726918118
1025294299
906523929
627941562
724200401
168816266
11937965
47743707
39188698
935505237
162310715
873780735
661207667
286541774
700204677
1033718191
294680398
731162976
855661124
570541081
310883809
817940002
401181642
371056114
113945456
677513565
711601296
472881676
929402225
575291757
426502151
275202071
147397515
1016908269
1072902311
